30-Oct-2022 10:35:17.867 INFO [Catalina-utility-1] org.apache.catalina.core.StandardContext.reload Le rechargement du contexte [/dbadmin] a démarré
30-Oct-2022 10:35:18.367 INFO [Catalina-utility-1] org.apache.jasper.servlet.TldScanner.scanJars Au moins un fichier JAR a été analysé pour trouver des TLDs mais il n'en contenait pas, le mode "debug" du journal peut être activé pour obtenir une liste complète de JAR scannés sans succès ; éviter d'analyser des JARs inutilement peut améliorer sensiblement le temps de démarrage et le temps de compilation des JSPs
30-Oct-2022 10:35:18.372 INFO [Catalina-utility-1] org.apache.catalina.core.StandardContext.reload Le rechargement de ce contexte est terminé
30-Oct-2022 10:36:48.674 INFO [Catalina-utility-2] org.apache.catalina.core.StandardContext.reload Le rechargement du contexte [/dbadmin] a démarré
30-Oct-2022 10:36:49.150 INFO [Catalina-utility-2] org.apache.jasper.servlet.TldScanner.scanJars Au moins un fichier JAR a été analysé pour trouver des TLDs mais il n'en contenait pas, le mode "debug" du journal peut être activé pour obtenir une liste complète de JAR scannés sans succès ; éviter d'analyser des JARs inutilement peut améliorer sensiblement le temps de démarrage et le temps de compilation des JSPs
30-Oct-2022 10:36:49.155 INFO [Catalina-utility-2] org.apache.catalina.core.StandardContext.reload Le rechargement de ce contexte est terminé
30-Oct-2022 10:40:39.825 INFO [Catalina-utility-2] org.apache.catalina.core.StandardContext.reload Le rechargement du contexte [/dbadmin] a démarré
30-Oct-2022 10:40:40.262 INFO [Catalina-utility-2] org.apache.jasper.servlet.TldScanner.scanJars Au moins un fichier JAR a été analysé pour trouver des TLDs mais il n'en contenait pas, le mode "debug" du journal peut être activé pour obtenir une liste complète de JAR scannés sans succès ; éviter d'analyser des JARs inutilement peut améliorer sensiblement le temps de démarrage et le temps de compilation des JSPs
30-Oct-2022 10:40:40.279 INFO [Catalina-utility-2] org.apache.catalina.core.StandardContext.reload Le rechargement de ce contexte est terminé
30-Oct-2022 10:49:12.003 INFO [Catalina-utility-2] org.apache.catalina.core.StandardContext.reload Le rechargement du contexte [/dbadmin] a démarré
30-Oct-2022 10:49:12.404 INFO [Catalina-utility-2] org.apache.jasper.servlet.TldScanner.scanJars Au moins un fichier JAR a été analysé pour trouver des TLDs mais il n'en contenait pas, le mode "debug" du journal peut être activé pour obtenir une liste complète de JAR scannés sans succès ; éviter d'analyser des JARs inutilement peut améliorer sensiblement le temps de démarrage et le temps de compilation des JSPs
30-Oct-2022 10:49:12.413 INFO [Catalina-utility-2] org.apache.catalina.core.StandardContext.reload Le rechargement de ce contexte est terminé
30-Oct-2022 11:03:45.108 INFO [Catalina-utility-2] org.apache.catalina.core.StandardContext.reload Le rechargement du contexte [/dbadmin] a démarré
30-Oct-2022 11:03:45.494 INFO [Catalina-utility-2] org.apache.jasper.servlet.TldScanner.scanJars Au moins un fichier JAR a été analysé pour trouver des TLDs mais il n'en contenait pas, le mode "debug" du journal peut être activé pour obtenir une liste complète de JAR scannés sans succès ; éviter d'analyser des JARs inutilement peut améliorer sensiblement le temps de démarrage et le temps de compilation des JSPs
30-Oct-2022 11:03:45.501 INFO [Catalina-utility-2] org.apache.catalina.core.StandardContext.reload Le rechargement de ce contexte est terminé
30-Oct-2022 11:04:25.607 INFO [Catalina-utility-1] org.apache.catalina.core.StandardContext.reload Le rechargement du contexte [/dbadmin] a démarré
30-Oct-2022 11:04:26.035 INFO [Catalina-utility-1] org.apache.jasper.servlet.TldScanner.scanJars Au moins un fichier JAR a été analysé pour trouver des TLDs mais il n'en contenait pas, le mode "debug" du journal peut être activé pour obtenir une liste complète de JAR scannés sans succès ; éviter d'analyser des JARs inutilement peut améliorer sensiblement le temps de démarrage et le temps de compilation des JSPs
30-Oct-2022 11:04:26.039 INFO [Catalina-utility-1] org.apache.catalina.core.StandardContext.reload Le rechargement de ce contexte est terminé
30-Oct-2022 11:08:06.783 INFO [Catalina-utility-1] org.apache.catalina.core.StandardContext.reload Le rechargement du contexte [/dbadmin] a démarré
30-Oct-2022 11:08:07.185 INFO [Catalina-utility-1] org.apache.jasper.servlet.TldScanner.scanJars Au moins un fichier JAR a été analysé pour trouver des TLDs mais il n'en contenait pas, le mode "debug" du journal peut être activé pour obtenir une liste complète de JAR scannés sans succès ; éviter d'analyser des JARs inutilement peut améliorer sensiblement le temps de démarrage et le temps de compilation des JSPs
30-Oct-2022 11:08:07.190 INFO [Catalina-utility-1] org.apache.catalina.core.StandardContext.reload Le rechargement de ce contexte est terminé
30-Oct-2022 11:12:08.144 INFO [Catalina-utility-2] org.apache.catalina.core.StandardContext.reload Le rechargement du contexte [/dbadmin] a démarré
30-Oct-2022 11:12:08.523 INFO [Catalina-utility-2] org.apache.jasper.servlet.TldScanner.scanJars Au moins un fichier JAR a été analysé pour trouver des TLDs mais il n'en contenait pas, le mode "debug" du journal peut être activé pour obtenir une liste complète de JAR scannés sans succès ; éviter d'analyser des JARs inutilement peut améliorer sensiblement le temps de démarrage et le temps de compilation des JSPs
30-Oct-2022 11:12:08.528 INFO [Catalina-utility-2] org.apache.catalina.core.StandardContext.reload Le rechargement de ce contexte est terminé
30-Oct-2022 11:13:28.832 INFO [Catalina-utility-2] org.apache.catalina.core.StandardContext.reload Le rechargement du contexte [/dbadmin] a démarré
30-Oct-2022 11:13:29.259 INFO [Catalina-utility-2] org.apache.jasper.servlet.TldScanner.scanJars Au moins un fichier JAR a été analysé pour trouver des TLDs mais il n'en contenait pas, le mode "debug" du journal peut être activé pour obtenir une liste complète de JAR scannés sans succès ; éviter d'analyser des JARs inutilement peut améliorer sensiblement le temps de démarrage et le temps de compilation des JSPs
30-Oct-2022 11:13:29.270 INFO [Catalina-utility-2] org.apache.catalina.core.StandardContext.reload Le rechargement de ce contexte est terminé
30-Oct-2022 11:14:39.480 INFO [Catalina-utility-1] org.apache.catalina.core.StandardContext.reload Le rechargement du contexte [/dbadmin] a démarré
30-Oct-2022 11:14:39.856 INFO [Catalina-utility-1] org.apache.jasper.servlet.TldScanner.scanJars Au moins un fichier JAR a été analysé pour trouver des TLDs mais il n'en contenait pas, le mode "debug" du journal peut être activé pour obtenir une liste complète de JAR scannés sans succès ; éviter d'analyser des JARs inutilement peut améliorer sensiblement le temps de démarrage et le temps de compilation des JSPs
30-Oct-2022 11:14:39.868 INFO [Catalina-utility-1] org.apache.catalina.core.StandardContext.reload Le rechargement de ce contexte est terminé
30-Oct-2022 11:19:10.859 INFO [Catalina-utility-2] org.apache.catalina.core.StandardContext.reload Le rechargement du contexte [/dbadmin] a démarré
30-Oct-2022 11:19:11.324 INFO [Catalina-utility-2] org.apache.jasper.servlet.TldScanner.scanJars Au moins un fichier JAR a été analysé pour trouver des TLDs mais il n'en contenait pas, le mode "debug" du journal peut être activé pour obtenir une liste complète de JAR scannés sans succès ; éviter d'analyser des JARs inutilement peut améliorer sensiblement le temps de démarrage et le temps de compilation des JSPs
30-Oct-2022 11:19:11.330 INFO [Catalina-utility-2] org.apache.catalina.core.StandardContext.reload Le rechargement de ce contexte est terminé
30-Oct-2022 11:26:42.885 INFO [Catalina-utility-2] org.apache.catalina.core.StandardContext.reload Le rechargement du contexte [/dbadmin] a démarré
30-Oct-2022 11:26:43.275 INFO [Catalina-utility-2] org.apache.jasper.servlet.TldScanner.scanJars Au moins un fichier JAR a été analysé pour trouver des TLDs mais il n'en contenait pas, le mode "debug" du journal peut être activé pour obtenir une liste complète de JAR scannés sans succès ; éviter d'analyser des JARs inutilement peut améliorer sensiblement le temps de démarrage et le temps de compilation des JSPs
30-Oct-2022 11:26:43.285 INFO [Catalina-utility-2] org.apache.catalina.core.StandardContext.reload Le rechargement de ce contexte est terminé
30-Oct-2022 11:28:33.591 INFO [Catalina-utility-2] org.apache.catalina.core.StandardContext.reload Le rechargement du contexte [/dbadmin] a démarré
30-Oct-2022 11:28:34.219 INFO [Catalina-utility-2] org.apache.jasper.servlet.TldScanner.scanJars Au moins un fichier JAR a été analysé pour trouver des TLDs mais il n'en contenait pas, le mode "debug" du journal peut être activé pour obtenir une liste complète de JAR scannés sans succès ; éviter d'analyser des JARs inutilement peut améliorer sensiblement le temps de démarrage et le temps de compilation des JSPs
30-Oct-2022 11:28:34.226 INFO [Catalina-utility-2] org.apache.catalina.core.StandardContext.reload Le rechargement de ce contexte est terminé
30-Oct-2022 11:29:24.379 INFO [Catalina-utility-1] org.apache.catalina.core.StandardContext.reload Le rechargement du contexte [/dbadmin] a démarré
30-Oct-2022 11:29:24.831 INFO [Catalina-utility-1] org.apache.jasper.servlet.TldScanner.scanJars Au moins un fichier JAR a été analysé pour trouver des TLDs mais il n'en contenait pas, le mode "debug" du journal peut être activé pour obtenir une liste complète de JAR scannés sans succès ; éviter d'analyser des JARs inutilement peut améliorer sensiblement le temps de démarrage et le temps de compilation des JSPs
30-Oct-2022 11:29:24.836 INFO [Catalina-utility-1] org.apache.catalina.core.StandardContext.reload Le rechargement de ce contexte est terminé
30-Oct-2022 11:30:55.114 INFO [Catalina-utility-1] org.apache.catalina.core.StandardContext.reload Le rechargement du contexte [/dbadmin] a démarré
30-Oct-2022 11:30:55.580 INFO [Catalina-utility-1] org.apache.jasper.servlet.TldScanner.scanJars Au moins un fichier JAR a été analysé pour trouver des TLDs mais il n'en contenait pas, le mode "debug" du journal peut être activé pour obtenir une liste complète de JAR scannés sans succès ; éviter d'analyser des JARs inutilement peut améliorer sensiblement le temps de démarrage et le temps de compilation des JSPs
30-Oct-2022 11:30:55.585 INFO [Catalina-utility-1] org.apache.catalina.core.StandardContext.reload Le rechargement de ce contexte est terminé
30-Oct-2022 11:33:15.972 INFO [Catalina-utility-1] org.apache.catalina.core.StandardContext.reload Le rechargement du contexte [/dbadmin] a démarré
30-Oct-2022 11:33:16.356 INFO [Catalina-utility-1] org.apache.jasper.servlet.TldScanner.scanJars Au moins un fichier JAR a été analysé pour trouver des TLDs mais il n'en contenait pas, le mode "debug" du journal peut être activé pour obtenir une liste complète de JAR scannés sans succès ; éviter d'analyser des JARs inutilement peut améliorer sensiblement le temps de démarrage et le temps de compilation des JSPs
30-Oct-2022 11:33:16.365 INFO [Catalina-utility-1] org.apache.catalina.core.StandardContext.reload Le rechargement de ce contexte est terminé
30-Oct-2022 11:34:16.590 INFO [Catalina-utility-1] org.apache.catalina.core.StandardContext.reload Le rechargement du contexte [/dbadmin] a démarré
30-Oct-2022 11:34:17.097 INFO [Catalina-utility-1] org.apache.jasper.servlet.TldScanner.scanJars Au moins un fichier JAR a été analysé pour trouver des TLDs mais il n'en contenait pas, le mode "debug" du journal peut être activé pour obtenir une liste complète de JAR scannés sans succès ; éviter d'analyser des JARs inutilement peut améliorer sensiblement le temps de démarrage et le temps de compilation des JSPs
30-Oct-2022 11:34:17.103 INFO [Catalina-utility-1] org.apache.catalina.core.StandardContext.reload Le rechargement de ce contexte est terminé
30-Oct-2022 11:39:18.056 INFO [Catalina-utility-2] org.apache.catalina.core.StandardContext.reload Le rechargement du contexte [/dbadmin] a démarré
30-Oct-2022 11:39:18.508 INFO [Catalina-utility-2] org.apache.jasper.servlet.TldScanner.scanJars Au moins un fichier JAR a été analysé pour trouver des TLDs mais il n'en contenait pas, le mode "debug" du journal peut être activé pour obtenir une liste complète de JAR scannés sans succès ; éviter d'analyser des JARs inutilement peut améliorer sensiblement le temps de démarrage et le temps de compilation des JSPs
30-Oct-2022 11:39:18.514 INFO [Catalina-utility-2] org.apache.catalina.core.StandardContext.reload Le rechargement de ce contexte est terminé
30-Oct-2022 11:39:28.543 INFO [Catalina-utility-2] org.apache.catalina.core.StandardContext.reload Le rechargement du contexte [/dbadmin] a démarré
30-Oct-2022 11:39:28.917 INFO [Catalina-utility-2] org.apache.jasper.servlet.TldScanner.scanJars Au moins un fichier JAR a été analysé pour trouver des TLDs mais il n'en contenait pas, le mode "debug" du journal peut être activé pour obtenir une liste complète de JAR scannés sans succès ; éviter d'analyser des JARs inutilement peut améliorer sensiblement le temps de démarrage et le temps de compilation des JSPs
30-Oct-2022 11:39:28.922 INFO [Catalina-utility-2] org.apache.catalina.core.StandardContext.reload Le rechargement de ce contexte est terminé
30-Oct-2022 11:44:30.123 INFO [Catalina-utility-1] org.apache.catalina.core.StandardContext.reload Le rechargement du contexte [/dbadmin] a démarré
30-Oct-2022 11:44:30.513 INFO [Catalina-utility-1] org.apache.jasper.servlet.TldScanner.scanJars Au moins un fichier JAR a été analysé pour trouver des TLDs mais il n'en contenait pas, le mode "debug" du journal peut être activé pour obtenir une liste complète de JAR scannés sans succès ; éviter d'analyser des JARs inutilement peut améliorer sensiblement le temps de démarrage et le temps de compilation des JSPs
30-Oct-2022 11:44:30.524 INFO [Catalina-utility-1] org.apache.catalina.core.StandardContext.reload Le rechargement de ce contexte est terminé
30-Oct-2022 11:56:12.965 INFO [Catalina-utility-1] org.apache.catalina.core.StandardContext.reload Le rechargement du contexte [/dbadmin] a démarré
30-Oct-2022 11:56:13.465 INFO [Catalina-utility-1] org.apache.jasper.servlet.TldScanner.scanJars Au moins un fichier JAR a été analysé pour trouver des TLDs mais il n'en contenait pas, le mode "debug" du journal peut être activé pour obtenir une liste complète de JAR scannés sans succès ; éviter d'analyser des JARs inutilement peut améliorer sensiblement le temps de démarrage et le temps de compilation des JSPs
30-Oct-2022 11:56:13.514 INFO [Catalina-utility-1] org.apache.catalina.core.StandardContext.reload Le rechargement de ce contexte est terminé
30-Oct-2022 11:56:26.576 INFO [http-nio-8080-exec-349] org.apache.coyote.http11.Http11Processor.service Erreur lors de l'analyse d'un en-tête de requête HTTP
 Note : les occurrences suivantes d'erreurs d'analyse de requête HTTP seront enregistrées au niveau DEBUG.
	java.lang.IllegalArgumentException: Un caractère invalide a été trouvé dans la cible de la requête, les caractères valides sont définis dans RFC 7230 et RFC 3986
		at org.apache.coyote.http11.Http11InputBuffer.parseRequestLine(Http11InputBuffer.java:494)
		at org.apache.coyote.http11.Http11Processor.service(Http11Processor.java:271)
		at org.apache.coyote.AbstractProcessorLight.process(AbstractProcessorLight.java:65)
		at org.apache.coyote.AbstractProtocol$ConnectionHandler.process(AbstractProtocol.java:893)
		at org.apache.tomcat.util.net.NioEndpoint$SocketProcessor.doRun(NioEndpoint.java:1789)
		at org.apache.tomcat.util.net.SocketProcessorBase.run(SocketProcessorBase.java:49)
		at org.apache.tomcat.util.threads.ThreadPoolExecutor.runWorker(ThreadPoolExecutor.java:1191)
		at org.apache.tomcat.util.threads.ThreadPoolExecutor$Worker.run(ThreadPoolExecutor.java:659)
		at org.apache.tomcat.util.threads.TaskThread$WrappingRunnable.run(TaskThread.java:61)
		at java.base/java.lang.Thread.run(Thread.java:833)
30-Oct-2022 11:56:53.670 INFO [Catalina-utility-2] org.apache.catalina.core.StandardContext.reload Le rechargement du contexte [/dbadmin] a démarré
30-Oct-2022 11:56:54.155 INFO [Catalina-utility-2] org.apache.jasper.servlet.TldScanner.scanJars Au moins un fichier JAR a été analysé pour trouver des TLDs mais il n'en contenait pas, le mode "debug" du journal peut être activé pour obtenir une liste complète de JAR scannés sans succès ; éviter d'analyser des JARs inutilement peut améliorer sensiblement le temps de démarrage et le temps de compilation des JSPs
30-Oct-2022 11:56:54.169 INFO [Catalina-utility-2] org.apache.catalina.core.StandardContext.reload Le rechargement de ce contexte est terminé
30-Oct-2022 12:00:34.991 INFO [Catalina-utility-2] org.apache.catalina.core.StandardContext.reload Le rechargement du contexte [/dbadmin] a démarré
30-Oct-2022 12:00:35.658 INFO [Catalina-utility-2] org.apache.jasper.servlet.TldScanner.scanJars Au moins un fichier JAR a été analysé pour trouver des TLDs mais il n'en contenait pas, le mode "debug" du journal peut être activé pour obtenir une liste complète de JAR scannés sans succès ; éviter d'analyser des JARs inutilement peut améliorer sensiblement le temps de démarrage et le temps de compilation des JSPs
30-Oct-2022 12:00:35.664 INFO [Catalina-utility-2] org.apache.catalina.core.StandardContext.reload Le rechargement de ce contexte est terminé
30-Oct-2022 12:04:06.354 INFO [Catalina-utility-2] org.apache.catalina.core.StandardContext.reload Le rechargement du contexte [/dbadmin] a démarré
30-Oct-2022 12:04:06.740 INFO [Catalina-utility-2] org.apache.jasper.servlet.TldScanner.scanJars Au moins un fichier JAR a été analysé pour trouver des TLDs mais il n'en contenait pas, le mode "debug" du journal peut être activé pour obtenir une liste complète de JAR scannés sans succès ; éviter d'analyser des JARs inutilement peut améliorer sensiblement le temps de démarrage et le temps de compilation des JSPs
30-Oct-2022 12:04:06.757 INFO [Catalina-utility-2] org.apache.catalina.core.StandardContext.reload Le rechargement de ce contexte est terminé
30-Oct-2022 12:05:16.956 INFO [Catalina-utility-2] org.apache.catalina.core.StandardContext.reload Le rechargement du contexte [/dbadmin] a démarré
30-Oct-2022 12:05:17.373 INFO [Catalina-utility-2] org.apache.jasper.servlet.TldScanner.scanJars Au moins un fichier JAR a été analysé pour trouver des TLDs mais il n'en contenait pas, le mode "debug" du journal peut être activé pour obtenir une liste complète de JAR scannés sans succès ; éviter d'analyser des JARs inutilement peut améliorer sensiblement le temps de démarrage et le temps de compilation des JSPs
30-Oct-2022 12:05:17.390 INFO [Catalina-utility-2] org.apache.catalina.core.StandardContext.reload Le rechargement de ce contexte est terminé
30-Oct-2022 12:14:49.318 INFO [Catalina-utility-2] org.apache.catalina.core.StandardContext.reload Le rechargement du contexte [/dbadmin] a démarré
30-Oct-2022 12:14:49.769 INFO [Catalina-utility-2] org.apache.jasper.servlet.TldScanner.scanJars Au moins un fichier JAR a été analysé pour trouver des TLDs mais il n'en contenait pas, le mode "debug" du journal peut être activé pour obtenir une liste complète de JAR scannés sans succès ; éviter d'analyser des JARs inutilement peut améliorer sensiblement le temps de démarrage et le temps de compilation des JSPs
30-Oct-2022 12:14:49.775 INFO [Catalina-utility-2] org.apache.catalina.core.StandardContext.reload Le rechargement de ce contexte est terminé
30-Oct-2022 12:15:19.858 INFO [Catalina-utility-2] org.apache.catalina.core.StandardContext.reload Le rechargement du contexte [/dbadmin] a démarré
30-Oct-2022 12:15:20.231 INFO [Catalina-utility-2] org.apache.jasper.servlet.TldScanner.scanJars Au moins un fichier JAR a été analysé pour trouver des TLDs mais il n'en contenait pas, le mode "debug" du journal peut être activé pour obtenir une liste complète de JAR scannés sans succès ; éviter d'analyser des JARs inutilement peut améliorer sensiblement le temps de démarrage et le temps de compilation des JSPs
30-Oct-2022 12:15:20.236 INFO [Catalina-utility-2] org.apache.catalina.core.StandardContext.reload Le rechargement de ce contexte est terminé
30-Oct-2022 12:15:50.349 INFO [Catalina-utility-1] org.apache.catalina.core.StandardContext.reload Le rechargement du contexte [/dbadmin] a démarré
30-Oct-2022 12:15:50.763 INFO [Catalina-utility-1] org.apache.jasper.servlet.TldScanner.scanJars Au moins un fichier JAR a été analysé pour trouver des TLDs mais il n'en contenait pas, le mode "debug" du journal peut être activé pour obtenir une liste complète de JAR scannés sans succès ; éviter d'analyser des JARs inutilement peut améliorer sensiblement le temps de démarrage et le temps de compilation des JSPs
30-Oct-2022 12:15:50.768 INFO [Catalina-utility-1] org.apache.catalina.core.StandardContext.reload Le rechargement de ce contexte est terminé
30-Oct-2022 12:17:11.103 INFO [Catalina-utility-2] org.apache.catalina.core.StandardContext.reload Le rechargement du contexte [/dbadmin] a démarré
30-Oct-2022 12:17:11.487 INFO [Catalina-utility-2] org.apache.jasper.servlet.TldScanner.scanJars Au moins un fichier JAR a été analysé pour trouver des TLDs mais il n'en contenait pas, le mode "debug" du journal peut être activé pour obtenir une liste complète de JAR scannés sans succès ; éviter d'analyser des JARs inutilement peut améliorer sensiblement le temps de démarrage et le temps de compilation des JSPs
30-Oct-2022 12:17:11.492 INFO [Catalina-utility-2] org.apache.catalina.core.StandardContext.reload Le rechargement de ce contexte est terminé
30-Oct-2022 12:19:21.924 INFO [Catalina-utility-2] org.apache.catalina.core.StandardContext.reload Le rechargement du contexte [/dbadmin] a démarré
30-Oct-2022 12:19:22.293 INFO [Catalina-utility-2] org.apache.jasper.servlet.TldScanner.scanJars Au moins un fichier JAR a été analysé pour trouver des TLDs mais il n'en contenait pas, le mode "debug" du journal peut être activé pour obtenir une liste complète de JAR scannés sans succès ; éviter d'analyser des JARs inutilement peut améliorer sensiblement le temps de démarrage et le temps de compilation des JSPs
30-Oct-2022 12:19:22.298 INFO [Catalina-utility-2] org.apache.catalina.core.StandardContext.reload Le rechargement de ce contexte est terminé
30-Oct-2022 12:21:32.705 INFO [Catalina-utility-1] org.apache.catalina.core.StandardContext.reload Le rechargement du contexte [/dbadmin] a démarré
30-Oct-2022 12:21:33.146 INFO [Catalina-utility-1] org.apache.jasper.servlet.TldScanner.scanJars Au moins un fichier JAR a été analysé pour trouver des TLDs mais il n'en contenait pas, le mode "debug" du journal peut être activé pour obtenir une liste complète de JAR scannés sans succès ; éviter d'analyser des JARs inutilement peut améliorer sensiblement le temps de démarrage et le temps de compilation des JSPs
30-Oct-2022 12:21:33.152 INFO [Catalina-utility-1] org.apache.catalina.core.StandardContext.reload Le rechargement de ce contexte est terminé
30-Oct-2022 12:22:13.277 INFO [Catalina-utility-2] org.apache.catalina.core.StandardContext.reload Le rechargement du contexte [/dbadmin] a démarré
30-Oct-2022 12:22:13.697 INFO [Catalina-utility-2] org.apache.jasper.servlet.TldScanner.scanJars Au moins un fichier JAR a été analysé pour trouver des TLDs mais il n'en contenait pas, le mode "debug" du journal peut être activé pour obtenir une liste complète de JAR scannés sans succès ; éviter d'analyser des JARs inutilement peut améliorer sensiblement le temps de démarrage et le temps de compilation des JSPs
30-Oct-2022 12:22:13.702 INFO [Catalina-utility-2] org.apache.catalina.core.StandardContext.reload Le rechargement de ce contexte est terminé
30-Oct-2022 12:22:43.778 INFO [Catalina-utility-2] org.apache.catalina.core.StandardContext.reload Le rechargement du contexte [/dbadmin] a démarré
30-Oct-2022 12:22:44.222 INFO [Catalina-utility-2] org.apache.jasper.servlet.TldScanner.scanJars Au moins un fichier JAR a été analysé pour trouver des TLDs mais il n'en contenait pas, le mode "debug" du journal peut être activé pour obtenir une liste complète de JAR scannés sans succès ; éviter d'analyser des JARs inutilement peut améliorer sensiblement le temps de démarrage et le temps de compilation des JSPs
30-Oct-2022 12:22:44.226 INFO [Catalina-utility-2] org.apache.catalina.core.StandardContext.reload Le rechargement de ce contexte est terminé
30-Oct-2022 12:32:46.336 INFO [Catalina-utility-2] org.apache.catalina.core.StandardContext.reload Le rechargement du contexte [/dbadmin] a démarré
30-Oct-2022 12:32:46.874 INFO [Catalina-utility-2] org.apache.jasper.servlet.TldScanner.scanJars Au moins un fichier JAR a été analysé pour trouver des TLDs mais il n'en contenait pas, le mode "debug" du journal peut être activé pour obtenir une liste complète de JAR scannés sans succès ; éviter d'analyser des JARs inutilement peut améliorer sensiblement le temps de démarrage et le temps de compilation des JSPs
30-Oct-2022 12:32:46.899 INFO [Catalina-utility-2] org.apache.catalina.core.StandardContext.reload Le rechargement de ce contexte est terminé
30-Oct-2022 12:42:28.759 INFO [Catalina-utility-2] org.apache.catalina.core.StandardContext.reload Le rechargement du contexte [/dbadmin] a démarré
30-Oct-2022 12:42:29.691 INFO [Catalina-utility-2] org.apache.jasper.servlet.TldScanner.scanJars Au moins un fichier JAR a été analysé pour trouver des TLDs mais il n'en contenait pas, le mode "debug" du journal peut être activé pour obtenir une liste complète de JAR scannés sans succès ; éviter d'analyser des JARs inutilement peut améliorer sensiblement le temps de démarrage et le temps de compilation des JSPs
30-Oct-2022 12:42:29.702 INFO [Catalina-utility-2] org.apache.catalina.core.StandardContext.reload Le rechargement de ce contexte est terminé
30-Oct-2022 12:42:59.788 INFO [Catalina-utility-1] org.apache.catalina.core.StandardContext.reload Le rechargement du contexte [/dbadmin] a démarré
30-Oct-2022 12:43:00.204 INFO [Catalina-utility-1] org.apache.jasper.servlet.TldScanner.scanJars Au moins un fichier JAR a été analysé pour trouver des TLDs mais il n'en contenait pas, le mode "debug" du journal peut être activé pour obtenir une liste complète de JAR scannés sans succès ; éviter d'analyser des JARs inutilement peut améliorer sensiblement le temps de démarrage et le temps de compilation des JSPs
30-Oct-2022 12:43:00.221 INFO [Catalina-utility-1] org.apache.catalina.core.StandardContext.reload Le rechargement de ce contexte est terminé
30-Oct-2022 12:55:52.930 INFO [Catalina-utility-1] org.apache.catalina.core.StandardContext.reload Le rechargement du contexte [/dbadmin] a démarré
30-Oct-2022 12:55:53.341 INFO [Catalina-utility-1] org.apache.jasper.servlet.TldScanner.scanJars Au moins un fichier JAR a été analysé pour trouver des TLDs mais il n'en contenait pas, le mode "debug" du journal peut être activé pour obtenir une liste complète de JAR scannés sans succès ; éviter d'analyser des JARs inutilement peut améliorer sensiblement le temps de démarrage et le temps de compilation des JSPs
30-Oct-2022 12:55:53.346 INFO [Catalina-utility-1] org.apache.catalina.core.StandardContext.reload Le rechargement de ce contexte est terminé
30-Oct-2022 12:56:43.544 INFO [Catalina-utility-2] org.apache.catalina.core.StandardContext.reload Le rechargement du contexte [/dbadmin] a démarré
30-Oct-2022 12:56:43.953 INFO [Catalina-utility-2] org.apache.jasper.servlet.TldScanner.scanJars Au moins un fichier JAR a été analysé pour trouver des TLDs mais il n'en contenait pas, le mode "debug" du journal peut être activé pour obtenir une liste complète de JAR scannés sans succès ; éviter d'analyser des JARs inutilement peut améliorer sensiblement le temps de démarrage et le temps de compilation des JSPs
30-Oct-2022 12:56:43.957 INFO [Catalina-utility-2] org.apache.catalina.core.StandardContext.reload Le rechargement de ce contexte est terminé
30-Oct-2022 12:57:54.208 INFO [Catalina-utility-1] org.apache.catalina.core.StandardContext.reload Le rechargement du contexte [/dbadmin] a démarré
30-Oct-2022 12:57:54.643 INFO [Catalina-utility-1] org.apache.jasper.servlet.TldScanner.scanJars Au moins un fichier JAR a été analysé pour trouver des TLDs mais il n'en contenait pas, le mode "debug" du journal peut être activé pour obtenir une liste complète de JAR scannés sans succès ; éviter d'analyser des JARs inutilement peut améliorer sensiblement le temps de démarrage et le temps de compilation des JSPs
30-Oct-2022 12:57:54.648 INFO [Catalina-utility-1] org.apache.catalina.core.StandardContext.reload Le rechargement de ce contexte est terminé
30-Oct-2022 13:02:15.622 INFO [Catalina-utility-2] org.apache.catalina.core.StandardContext.reload Le rechargement du contexte [/dbadmin] a démarré
30-Oct-2022 13:02:16.010 INFO [Catalina-utility-2] org.apache.jasper.servlet.TldScanner.scanJars Au moins un fichier JAR a été analysé pour trouver des TLDs mais il n'en contenait pas, le mode "debug" du journal peut être activé pour obtenir une liste complète de JAR scannés sans succès ; éviter d'analyser des JARs inutilement peut améliorer sensiblement le temps de démarrage et le temps de compilation des JSPs
30-Oct-2022 13:02:16.015 INFO [Catalina-utility-2] org.apache.catalina.core.StandardContext.reload Le rechargement de ce contexte est terminé
30-Oct-2022 13:03:06.146 INFO [Catalina-utility-1] org.apache.catalina.core.StandardContext.reload Le rechargement du contexte [/dbadmin] a démarré
30-Oct-2022 13:03:06.714 INFO [Catalina-utility-1] org.apache.jasper.servlet.TldScanner.scanJars Au moins un fichier JAR a été analysé pour trouver des TLDs mais il n'en contenait pas, le mode "debug" du journal peut être activé pour obtenir une liste complète de JAR scannés sans succès ; éviter d'analyser des JARs inutilement peut améliorer sensiblement le temps de démarrage et le temps de compilation des JSPs
30-Oct-2022 13:03:06.720 INFO [Catalina-utility-1] org.apache.catalina.core.StandardContext.reload Le rechargement de ce contexte est terminé
30-Oct-2022 13:04:37.084 INFO [Catalina-utility-1] org.apache.catalina.core.StandardContext.reload Le rechargement du contexte [/dbadmin] a démarré
30-Oct-2022 13:04:37.491 INFO [Catalina-utility-1] org.apache.jasper.servlet.TldScanner.scanJars Au moins un fichier JAR a été analysé pour trouver des TLDs mais il n'en contenait pas, le mode "debug" du journal peut être activé pour obtenir une liste complète de JAR scannés sans succès ; éviter d'analyser des JARs inutilement peut améliorer sensiblement le temps de démarrage et le temps de compilation des JSPs
30-Oct-2022 13:04:37.496 INFO [Catalina-utility-1] org.apache.catalina.core.StandardContext.reload Le rechargement de ce contexte est terminé
