28-Oct-2022 19:43:48.364 INFO [Catalina-utility-1] org.apache.catalina.core.StandardContext.reload Le rechargement du contexte [/dbadmin] a démarré
28-Oct-2022 19:43:49.388 INFO [Catalina-utility-1] org.apache.jasper.servlet.TldScanner.scanJars Au moins un fichier JAR a été analysé pour trouver des TLDs mais il n'en contenait pas, le mode "debug" du journal peut être activé pour obtenir une liste complète de JAR scannés sans succès ; éviter d'analyser des JARs inutilement peut améliorer sensiblement le temps de démarrage et le temps de compilation des JSPs
28-Oct-2022 19:43:49.408 INFO [Catalina-utility-1] org.apache.catalina.core.StandardContext.reload Le rechargement de ce contexte est terminé
28-Oct-2022 19:44:29.691 INFO [Catalina-utility-1] org.apache.catalina.core.StandardContext.reload Le rechargement du contexte [/dbadmin] a démarré
28-Oct-2022 19:44:30.564 INFO [Catalina-utility-1] org.apache.jasper.servlet.TldScanner.scanJars Au moins un fichier JAR a été analysé pour trouver des TLDs mais il n'en contenait pas, le mode "debug" du journal peut être activé pour obtenir une liste complète de JAR scannés sans succès ; éviter d'analyser des JARs inutilement peut améliorer sensiblement le temps de démarrage et le temps de compilation des JSPs
28-Oct-2022 19:44:30.581 INFO [Catalina-utility-1] org.apache.catalina.core.StandardContext.reload Le rechargement de ce contexte est terminé
28-Oct-2022 19:46:01.120 INFO [Catalina-utility-1] org.apache.catalina.core.StandardContext.reload Le rechargement du contexte [/dbadmin] a démarré
28-Oct-2022 19:46:02.283 INFO [Catalina-utility-1] org.apache.jasper.servlet.TldScanner.scanJars Au moins un fichier JAR a été analysé pour trouver des TLDs mais il n'en contenait pas, le mode "debug" du journal peut être activé pour obtenir une liste complète de JAR scannés sans succès ; éviter d'analyser des JARs inutilement peut améliorer sensiblement le temps de démarrage et le temps de compilation des JSPs
28-Oct-2022 19:46:02.302 INFO [Catalina-utility-1] org.apache.catalina.core.StandardContext.reload Le rechargement de ce contexte est terminé
28-Oct-2022 19:47:02.656 INFO [Catalina-utility-1] org.apache.catalina.core.StandardContext.reload Le rechargement du contexte [/dbadmin] a démarré
28-Oct-2022 19:47:03.271 INFO [Catalina-utility-1] org.apache.jasper.servlet.TldScanner.scanJars Au moins un fichier JAR a été analysé pour trouver des TLDs mais il n'en contenait pas, le mode "debug" du journal peut être activé pour obtenir une liste complète de JAR scannés sans succès ; éviter d'analyser des JARs inutilement peut améliorer sensiblement le temps de démarrage et le temps de compilation des JSPs
28-Oct-2022 19:47:03.276 INFO [Catalina-utility-1] org.apache.catalina.core.StandardContext.reload Le rechargement de ce contexte est terminé
28-Oct-2022 19:48:34.983 INFO [Catalina-utility-1] org.apache.catalina.core.StandardContext.reload Le rechargement du contexte [/dbadmin] a démarré
28-Oct-2022 19:48:35.977 INFO [Catalina-utility-1] org.apache.jasper.servlet.TldScanner.scanJars Au moins un fichier JAR a été analysé pour trouver des TLDs mais il n'en contenait pas, le mode "debug" du journal peut être activé pour obtenir une liste complète de JAR scannés sans succès ; éviter d'analyser des JARs inutilement peut améliorer sensiblement le temps de démarrage et le temps de compilation des JSPs
28-Oct-2022 19:48:35.998 INFO [Catalina-utility-1] org.apache.catalina.core.StandardContext.reload Le rechargement de ce contexte est terminé
28-Oct-2022 19:51:17.040 INFO [Catalina-utility-1] org.apache.catalina.core.StandardContext.reload Le rechargement du contexte [/dbadmin] a démarré
28-Oct-2022 19:51:17.910 INFO [Catalina-utility-1] org.apache.jasper.servlet.TldScanner.scanJars Au moins un fichier JAR a été analysé pour trouver des TLDs mais il n'en contenait pas, le mode "debug" du journal peut être activé pour obtenir une liste complète de JAR scannés sans succès ; éviter d'analyser des JARs inutilement peut améliorer sensiblement le temps de démarrage et le temps de compilation des JSPs
28-Oct-2022 19:51:17.924 INFO [Catalina-utility-1] org.apache.catalina.core.StandardContext.reload Le rechargement de ce contexte est terminé
28-Oct-2022 19:53:08.659 INFO [Catalina-utility-1] org.apache.catalina.core.StandardContext.reload Le rechargement du contexte [/dbadmin] a démarré
28-Oct-2022 19:53:09.418 INFO [Catalina-utility-1] org.apache.jasper.servlet.TldScanner.scanJars Au moins un fichier JAR a été analysé pour trouver des TLDs mais il n'en contenait pas, le mode "debug" du journal peut être activé pour obtenir une liste complète de JAR scannés sans succès ; éviter d'analyser des JARs inutilement peut améliorer sensiblement le temps de démarrage et le temps de compilation des JSPs
28-Oct-2022 19:53:09.441 INFO [Catalina-utility-1] org.apache.catalina.core.StandardContext.reload Le rechargement de ce contexte est terminé
28-Oct-2022 19:54:19.838 INFO [Catalina-utility-1] org.apache.catalina.core.StandardContext.reload Le rechargement du contexte [/dbadmin] a démarré
28-Oct-2022 19:54:20.578 INFO [Catalina-utility-1] org.apache.jasper.servlet.TldScanner.scanJars Au moins un fichier JAR a été analysé pour trouver des TLDs mais il n'en contenait pas, le mode "debug" du journal peut être activé pour obtenir une liste complète de JAR scannés sans succès ; éviter d'analyser des JARs inutilement peut améliorer sensiblement le temps de démarrage et le temps de compilation des JSPs
28-Oct-2022 19:54:20.590 INFO [Catalina-utility-1] org.apache.catalina.core.StandardContext.reload Le rechargement de ce contexte est terminé
28-Oct-2022 19:54:50.706 INFO [Catalina-utility-1] org.apache.catalina.core.StandardContext.reload Le rechargement du contexte [/dbadmin] a démarré
28-Oct-2022 19:54:51.226 INFO [Catalina-utility-1] org.apache.jasper.servlet.TldScanner.scanJars Au moins un fichier JAR a été analysé pour trouver des TLDs mais il n'en contenait pas, le mode "debug" du journal peut être activé pour obtenir une liste complète de JAR scannés sans succès ; éviter d'analyser des JARs inutilement peut améliorer sensiblement le temps de démarrage et le temps de compilation des JSPs
28-Oct-2022 19:54:51.233 INFO [Catalina-utility-1] org.apache.catalina.core.StandardContext.reload Le rechargement de ce contexte est terminé
28-Oct-2022 19:54:55.067 INFO [Thread-1] org.apache.coyote.AbstractProtocol.pause Le gestionnaire de protocole ["http-nio-8080"] est mis en pause
28-Oct-2022 19:54:55.099 INFO [Thread-1] org.apache.catalina.core.StandardService.stopInternal Arrêt du service [Catalina]
28-Oct-2022 19:54:55.130 INFO [Thread-1] org.apache.coyote.AbstractProtocol.stop Arrêt du gestionnaire de protocole ["http-nio-8080"]
28-Oct-2022 19:54:55.147 INFO [Thread-1] org.apache.coyote.AbstractProtocol.destroy Destruction du gestionnaire de protocole ["http-nio-8080"]
28-Oct-2022 19:54:59.867 INFO [main] org.apache.catalina.startup.VersionLoggerListener.log Nom version serveur :              Apache Tomcat/9.0.68
28-Oct-2022 19:54:59.878 INFO [main] org.apache.catalina.startup.VersionLoggerListener.log Serveur compilé :                  Oct 3 2022 19:06:10 UTC
28-Oct-2022 19:54:59.878 INFO [main] org.apache.catalina.startup.VersionLoggerListener.log Version du serveur :               9.0.68.0
28-Oct-2022 19:54:59.879 INFO [main] org.apache.catalina.startup.VersionLoggerListener.log Nom de l'OS :                      Windows 10
28-Oct-2022 19:54:59.880 INFO [main] org.apache.catalina.startup.VersionLoggerListener.log Version OS :                       10.0
28-Oct-2022 19:54:59.881 INFO [main] org.apache.catalina.startup.VersionLoggerListener.log Architecture :                     amd64
28-Oct-2022 19:54:59.882 INFO [main] org.apache.catalina.startup.VersionLoggerListener.log Java Home :                        C:\Workdir\JDK\jdk-17.0.5
28-Oct-2022 19:54:59.883 INFO [main] org.apache.catalina.startup.VersionLoggerListener.log Version JVM :                      17.0.5+9-LTS-191
28-Oct-2022 19:54:59.885 INFO [main] org.apache.catalina.startup.VersionLoggerListener.log Fournisseur de la JVM :            Oracle Corporation
28-Oct-2022 19:54:59.885 INFO [main] org.apache.catalina.startup.VersionLoggerListener.log CATALINA_BASE :                    C:\Users\theo.taccoen\Documents\boulot_iut\DBAdmin-project\apache-tomcat-9.0.68
28-Oct-2022 19:54:59.887 INFO [main] org.apache.catalina.startup.VersionLoggerListener.log CATALINA_HOME :                    C:\Users\theo.taccoen\Documents\boulot_iut\DBAdmin-project\apache-tomcat-9.0.68
28-Oct-2022 19:54:59.914 INFO [main] org.apache.catalina.startup.VersionLoggerListener.log Argument de la ligne de commande : --add-opens=java.base/java.lang=ALL-UNNAMED
28-Oct-2022 19:54:59.915 INFO [main] org.apache.catalina.startup.VersionLoggerListener.log Argument de la ligne de commande : --add-opens=java.base/java.io=ALL-UNNAMED
28-Oct-2022 19:54:59.916 INFO [main] org.apache.catalina.startup.VersionLoggerListener.log Argument de la ligne de commande : --add-opens=java.base/java.util=ALL-UNNAMED
28-Oct-2022 19:54:59.917 INFO [main] org.apache.catalina.startup.VersionLoggerListener.log Argument de la ligne de commande : --add-opens=java.base/java.util.concurrent=ALL-UNNAMED
28-Oct-2022 19:54:59.919 INFO [main] org.apache.catalina.startup.VersionLoggerListener.log Argument de la ligne de commande : --add-opens=java.rmi/sun.rmi.transport=ALL-UNNAMED
28-Oct-2022 19:54:59.919 INFO [main] org.apache.catalina.startup.VersionLoggerListener.log Argument de la ligne de commande : -Djava.util.logging.config.file=C:\Users\theo.taccoen\Documents\boulot_iut\DBAdmin-project\apache-tomcat-9.0.68\conf\logging.properties
28-Oct-2022 19:54:59.922 INFO [main] org.apache.catalina.startup.VersionLoggerListener.log Argument de la ligne de commande : -Djava.util.logging.manager=org.apache.juli.ClassLoaderLogManager
28-Oct-2022 19:54:59.923 INFO [main] org.apache.catalina.startup.VersionLoggerListener.log Argument de la ligne de commande : -Djdk.tls.ephemeralDHKeySize=2048
28-Oct-2022 19:54:59.923 INFO [main] org.apache.catalina.startup.VersionLoggerListener.log Argument de la ligne de commande : -Djava.protocol.handler.pkgs=org.apache.catalina.webresources
28-Oct-2022 19:54:59.924 INFO [main] org.apache.catalina.startup.VersionLoggerListener.log Argument de la ligne de commande : -Dignore.endorsed.dirs=
28-Oct-2022 19:54:59.925 INFO [main] org.apache.catalina.startup.VersionLoggerListener.log Argument de la ligne de commande : -Dcatalina.base=C:\Users\theo.taccoen\Documents\boulot_iut\DBAdmin-project\apache-tomcat-9.0.68
28-Oct-2022 19:54:59.926 INFO [main] org.apache.catalina.startup.VersionLoggerListener.log Argument de la ligne de commande : -Dcatalina.home=C:\Users\theo.taccoen\Documents\boulot_iut\DBAdmin-project\apache-tomcat-9.0.68
28-Oct-2022 19:54:59.927 INFO [main] org.apache.catalina.startup.VersionLoggerListener.log Argument de la ligne de commande : -Djava.io.tmpdir=C:\Users\theo.taccoen\Documents\boulot_iut\DBAdmin-project\apache-tomcat-9.0.68\temp
28-Oct-2022 19:54:59.979 INFO [main] org.apache.catalina.core.AprLifecycleListener.lifecycleEvent La librairie Apache Tomcat Native basée sur APR qui permet des performances optimales dans les environnements de production n'a pas été trouvée sur le java.library.path : [C:\Workdir\JDK\jdk-17.0.5\bin;C:\windows\Sun\Java\bin;C:\windows\system32;C:\windows;C:\Users\theo.taccoen\bin;C:\Program Files\Git\mingw64\bin;C:\Program Files\Git\usr\local\bin;C:\Program Files\Git\usr\bin;C:\Program Files\Git\usr\bin;C:\Program Files\Git\mingw64\bin;C:\Program Files\Git\usr\bin;C:\Users\theo.taccoen\bin;C:\Program Files\OpenJDK\Jdk-16.0.1\bin;C:\windows\system32;C:\windows;C:\windows\System32\Wbem;C:\windows\System32\WindowsPowerShell\v1.0;C:\windows\System32\OpenSSH;C:\Users\support\AppData\Local\Microsoft\WindowsApps;C:\Program Files (x86)\Pulse Secure\VC142.CRT\X64;C:\Program Files (x86)\Pulse Secure\VC142.CRT\X86;C:\Program Files (x86)\Common Files\Pulse Secure\TNC Client Plugin;C:\Program Files\Git\cmd;C:\Program Files\nodejs;C:\Program Files\VSCodium\bin;C:\Users\theo.taccoen\AppData\Local\Microsoft\WindowsApps;C:\Users\theo.taccoen\AppData\Local\Programs\Microsoft VS Code\bin;C:\Users\theo.taccoen\AppData\Roaming\npm;C:\Program Files\Git\usr\bin\vendor_perl;C:\Program Files\Git\usr\bin\core_perl;.]
28-Oct-2022 19:55:00.414 INFO [main] org.apache.coyote.AbstractProtocol.init Initialisation du gestionnaire de protocole ["http-nio-8080"]
28-Oct-2022 19:55:00.463 INFO [main] org.apache.catalina.startup.Catalina.load L'initialisation du serveur a pris [1211] millisecondes
28-Oct-2022 19:55:00.551 INFO [main] org.apache.catalina.core.StandardService.startInternal Démarrage du service [Catalina]
28-Oct-2022 19:55:00.551 INFO [main] org.apache.catalina.core.StandardEngine.startInternal Démarrage du moteur de Servlets : [Apache Tomcat/9.0.68]
28-Oct-2022 19:55:00.574 INFO [main] org.apache.catalina.startup.HostConfig.deployDirectory Déploiement du répertoire d'application web [C:\Users\theo.taccoen\Documents\boulot_iut\DBAdmin-project\apache-tomcat-9.0.68\webapps\dbadmin]
28-Oct-2022 19:55:01.577 INFO [main] org.apache.jasper.servlet.TldScanner.scanJars Au moins un fichier JAR a été analysé pour trouver des TLDs mais il n'en contenait pas, le mode "debug" du journal peut être activé pour obtenir une liste complète de JAR scannés sans succès ; éviter d'analyser des JARs inutilement peut améliorer sensiblement le temps de démarrage et le temps de compilation des JSPs
28-Oct-2022 19:55:01.972 WARNING [main] org.apache.catalina.util.SessionIdGeneratorBase.createSecureRandom La création de l'instance de SecureRandom pour le générateur d'id de session en utilisant [SHA1PRNG] a pris [294] millisecondes
28-Oct-2022 19:55:02.039 INFO [main] org.apache.catalina.startup.HostConfig.deployDirectory Le déploiement du répertoire [C:\Users\theo.taccoen\Documents\boulot_iut\DBAdmin-project\apache-tomcat-9.0.68\webapps\dbadmin] de l'application web s'est terminé en [1 457] ms
28-Oct-2022 19:55:02.042 INFO [main] org.apache.catalina.startup.HostConfig.deployDirectory Déploiement du répertoire d'application web [C:\Users\theo.taccoen\Documents\boulot_iut\DBAdmin-project\apache-tomcat-9.0.68\webapps\docs]
28-Oct-2022 19:55:02.505 INFO [main] org.apache.jasper.servlet.TldScanner.scanJars Au moins un fichier JAR a été analysé pour trouver des TLDs mais il n'en contenait pas, le mode "debug" du journal peut être activé pour obtenir une liste complète de JAR scannés sans succès ; éviter d'analyser des JARs inutilement peut améliorer sensiblement le temps de démarrage et le temps de compilation des JSPs
28-Oct-2022 19:55:02.509 INFO [main] org.apache.catalina.startup.HostConfig.deployDirectory Le déploiement du répertoire [C:\Users\theo.taccoen\Documents\boulot_iut\DBAdmin-project\apache-tomcat-9.0.68\webapps\docs] de l'application web s'est terminé en [467] ms
28-Oct-2022 19:55:02.517 INFO [main] org.apache.catalina.startup.HostConfig.deployDirectory Déploiement du répertoire d'application web [C:\Users\theo.taccoen\Documents\boulot_iut\DBAdmin-project\apache-tomcat-9.0.68\webapps\examples]
28-Oct-2022 19:55:04.045 INFO [main] org.apache.jasper.servlet.TldScanner.scanJars Au moins un fichier JAR a été analysé pour trouver des TLDs mais il n'en contenait pas, le mode "debug" du journal peut être activé pour obtenir une liste complète de JAR scannés sans succès ; éviter d'analyser des JARs inutilement peut améliorer sensiblement le temps de démarrage et le temps de compilation des JSPs
28-Oct-2022 19:55:04.207 INFO [main] org.apache.catalina.startup.HostConfig.deployDirectory Le déploiement du répertoire [C:\Users\theo.taccoen\Documents\boulot_iut\DBAdmin-project\apache-tomcat-9.0.68\webapps\examples] de l'application web s'est terminé en [1 690] ms
28-Oct-2022 19:55:04.207 INFO [main] org.apache.catalina.startup.HostConfig.deployDirectory Déploiement du répertoire d'application web [C:\Users\theo.taccoen\Documents\boulot_iut\DBAdmin-project\apache-tomcat-9.0.68\webapps\host-manager]
28-Oct-2022 19:55:04.587 INFO [main] org.apache.jasper.servlet.TldScanner.scanJars Au moins un fichier JAR a été analysé pour trouver des TLDs mais il n'en contenait pas, le mode "debug" du journal peut être activé pour obtenir une liste complète de JAR scannés sans succès ; éviter d'analyser des JARs inutilement peut améliorer sensiblement le temps de démarrage et le temps de compilation des JSPs
28-Oct-2022 19:55:04.601 INFO [main] org.apache.catalina.startup.HostConfig.deployDirectory Le déploiement du répertoire [C:\Users\theo.taccoen\Documents\boulot_iut\DBAdmin-project\apache-tomcat-9.0.68\webapps\host-manager] de l'application web s'est terminé en [394] ms
28-Oct-2022 19:55:04.601 INFO [main] org.apache.catalina.startup.HostConfig.deployDirectory Déploiement du répertoire d'application web [C:\Users\theo.taccoen\Documents\boulot_iut\DBAdmin-project\apache-tomcat-9.0.68\webapps\manager]
28-Oct-2022 19:55:04.898 INFO [main] org.apache.jasper.servlet.TldScanner.scanJars Au moins un fichier JAR a été analysé pour trouver des TLDs mais il n'en contenait pas, le mode "debug" du journal peut être activé pour obtenir une liste complète de JAR scannés sans succès ; éviter d'analyser des JARs inutilement peut améliorer sensiblement le temps de démarrage et le temps de compilation des JSPs
28-Oct-2022 19:55:04.912 INFO [main] org.apache.catalina.startup.HostConfig.deployDirectory Le déploiement du répertoire [C:\Users\theo.taccoen\Documents\boulot_iut\DBAdmin-project\apache-tomcat-9.0.68\webapps\manager] de l'application web s'est terminé en [311] ms
28-Oct-2022 19:55:04.921 INFO [main] org.apache.catalina.startup.HostConfig.deployDirectory Déploiement du répertoire d'application web [C:\Users\theo.taccoen\Documents\boulot_iut\DBAdmin-project\apache-tomcat-9.0.68\webapps\ROOT]
28-Oct-2022 19:55:05.207 INFO [main] org.apache.jasper.servlet.TldScanner.scanJars Au moins un fichier JAR a été analysé pour trouver des TLDs mais il n'en contenait pas, le mode "debug" du journal peut être activé pour obtenir une liste complète de JAR scannés sans succès ; éviter d'analyser des JARs inutilement peut améliorer sensiblement le temps de démarrage et le temps de compilation des JSPs
28-Oct-2022 19:55:05.218 INFO [main] org.apache.catalina.startup.HostConfig.deployDirectory Le déploiement du répertoire [C:\Users\theo.taccoen\Documents\boulot_iut\DBAdmin-project\apache-tomcat-9.0.68\webapps\ROOT] de l'application web s'est terminé en [294] ms
28-Oct-2022 19:55:05.222 INFO [main] org.apache.coyote.AbstractProtocol.start Démarrage du gestionnaire de protocole ["http-nio-8080"]
28-Oct-2022 19:55:05.417 INFO [main] org.apache.catalina.startup.Catalina.start Le démarrage du serveur a pris [4952] millisecondes
28-Oct-2022 19:55:45.476 INFO [Catalina-utility-2] org.apache.catalina.core.StandardContext.reload Le rechargement du contexte [/dbadmin] a démarré
28-Oct-2022 19:55:46.402 INFO [Catalina-utility-2] org.apache.jasper.servlet.TldScanner.scanJars Au moins un fichier JAR a été analysé pour trouver des TLDs mais il n'en contenait pas, le mode "debug" du journal peut être activé pour obtenir une liste complète de JAR scannés sans succès ; éviter d'analyser des JARs inutilement peut améliorer sensiblement le temps de démarrage et le temps de compilation des JSPs
28-Oct-2022 19:55:46.421 INFO [Catalina-utility-2] org.apache.catalina.core.StandardContext.reload Le rechargement de ce contexte est terminé
28-Oct-2022 19:56:36.696 INFO [Catalina-utility-1] org.apache.catalina.core.StandardContext.reload Le rechargement du contexte [/dbadmin] a démarré
28-Oct-2022 19:56:37.625 INFO [Catalina-utility-1] org.apache.jasper.servlet.TldScanner.scanJars Au moins un fichier JAR a été analysé pour trouver des TLDs mais il n'en contenait pas, le mode "debug" du journal peut être activé pour obtenir une liste complète de JAR scannés sans succès ; éviter d'analyser des JARs inutilement peut améliorer sensiblement le temps de démarrage et le temps de compilation des JSPs
28-Oct-2022 19:56:37.639 INFO [Catalina-utility-1] org.apache.catalina.core.StandardContext.reload Le rechargement de ce contexte est terminé
28-Oct-2022 19:57:38.026 INFO [Catalina-utility-2] org.apache.catalina.core.StandardContext.reload Le rechargement du contexte [/dbadmin] a démarré
28-Oct-2022 19:57:38.555 INFO [Catalina-utility-2] org.apache.jasper.servlet.TldScanner.scanJars Au moins un fichier JAR a été analysé pour trouver des TLDs mais il n'en contenait pas, le mode "debug" du journal peut être activé pour obtenir une liste complète de JAR scannés sans succès ; éviter d'analyser des JARs inutilement peut améliorer sensiblement le temps de démarrage et le temps de compilation des JSPs
28-Oct-2022 19:57:38.567 INFO [Catalina-utility-2] org.apache.catalina.core.StandardContext.reload Le rechargement de ce contexte est terminé
28-Oct-2022 19:58:49.000 INFO [Catalina-utility-1] org.apache.catalina.core.StandardContext.reload Le rechargement du contexte [/dbadmin] a démarré
28-Oct-2022 19:58:49.913 INFO [Catalina-utility-1] org.apache.jasper.servlet.TldScanner.scanJars Au moins un fichier JAR a été analysé pour trouver des TLDs mais il n'en contenait pas, le mode "debug" du journal peut être activé pour obtenir une liste complète de JAR scannés sans succès ; éviter d'analyser des JARs inutilement peut améliorer sensiblement le temps de démarrage et le temps de compilation des JSPs
28-Oct-2022 19:58:49.929 INFO [Catalina-utility-1] org.apache.catalina.core.StandardContext.reload Le rechargement de ce contexte est terminé
28-Oct-2022 19:59:20.059 INFO [Catalina-utility-2] org.apache.catalina.core.StandardContext.reload Le rechargement du contexte [/dbadmin] a démarré
28-Oct-2022 19:59:20.489 INFO [Catalina-utility-2] org.apache.jasper.servlet.TldScanner.scanJars Au moins un fichier JAR a été analysé pour trouver des TLDs mais il n'en contenait pas, le mode "debug" du journal peut être activé pour obtenir une liste complète de JAR scannés sans succès ; éviter d'analyser des JARs inutilement peut améliorer sensiblement le temps de démarrage et le temps de compilation des JSPs
28-Oct-2022 19:59:20.496 INFO [Catalina-utility-2] org.apache.catalina.core.StandardContext.reload Le rechargement de ce contexte est terminé
28-Oct-2022 20:00:00.729 INFO [Catalina-utility-1] org.apache.catalina.core.StandardContext.reload Le rechargement du contexte [/dbadmin] a démarré
28-Oct-2022 20:00:01.716 INFO [Catalina-utility-1] org.apache.jasper.servlet.TldScanner.scanJars Au moins un fichier JAR a été analysé pour trouver des TLDs mais il n'en contenait pas, le mode "debug" du journal peut être activé pour obtenir une liste complète de JAR scannés sans succès ; éviter d'analyser des JARs inutilement peut améliorer sensiblement le temps de démarrage et le temps de compilation des JSPs
28-Oct-2022 20:00:01.731 INFO [Catalina-utility-1] org.apache.catalina.core.StandardContext.reload Le rechargement de ce contexte est terminé
28-Oct-2022 20:00:51.996 INFO [Catalina-utility-1] org.apache.catalina.core.StandardContext.reload Le rechargement du contexte [/dbadmin] a démarré
28-Oct-2022 20:00:52.902 INFO [Catalina-utility-1] org.apache.jasper.servlet.TldScanner.scanJars Au moins un fichier JAR a été analysé pour trouver des TLDs mais il n'en contenait pas, le mode "debug" du journal peut être activé pour obtenir une liste complète de JAR scannés sans succès ; éviter d'analyser des JARs inutilement peut améliorer sensiblement le temps de démarrage et le temps de compilation des JSPs
28-Oct-2022 20:00:52.912 INFO [Catalina-utility-1] org.apache.catalina.core.StandardContext.reload Le rechargement de ce contexte est terminé
28-Oct-2022 20:01:43.206 INFO [Catalina-utility-1] org.apache.catalina.core.StandardContext.reload Le rechargement du contexte [/dbadmin] a démarré
28-Oct-2022 20:01:43.977 INFO [Catalina-utility-1] org.apache.jasper.servlet.TldScanner.scanJars Au moins un fichier JAR a été analysé pour trouver des TLDs mais il n'en contenait pas, le mode "debug" du journal peut être activé pour obtenir une liste complète de JAR scannés sans succès ; éviter d'analyser des JARs inutilement peut améliorer sensiblement le temps de démarrage et le temps de compilation des JSPs
28-Oct-2022 20:01:43.990 INFO [Catalina-utility-1] org.apache.catalina.core.StandardContext.reload Le rechargement de ce contexte est terminé
28-Oct-2022 20:02:14.110 INFO [Catalina-utility-1] org.apache.catalina.core.StandardContext.reload Le rechargement du contexte [/dbadmin] a démarré
28-Oct-2022 20:02:14.756 INFO [Catalina-utility-1] org.apache.jasper.servlet.TldScanner.scanJars Au moins un fichier JAR a été analysé pour trouver des TLDs mais il n'en contenait pas, le mode "debug" du journal peut être activé pour obtenir une liste complète de JAR scannés sans succès ; éviter d'analyser des JARs inutilement peut améliorer sensiblement le temps de démarrage et le temps de compilation des JSPs
28-Oct-2022 20:02:14.766 INFO [Catalina-utility-1] org.apache.catalina.core.StandardContext.reload Le rechargement de ce contexte est terminé
28-Oct-2022 20:03:35.260 INFO [Catalina-utility-2] org.apache.catalina.core.StandardContext.reload Le rechargement du contexte [/dbadmin] a démarré
28-Oct-2022 20:03:36.213 INFO [Catalina-utility-2] org.apache.jasper.servlet.TldScanner.scanJars Au moins un fichier JAR a été analysé pour trouver des TLDs mais il n'en contenait pas, le mode "debug" du journal peut être activé pour obtenir une liste complète de JAR scannés sans succès ; éviter d'analyser des JARs inutilement peut améliorer sensiblement le temps de démarrage et le temps de compilation des JSPs
28-Oct-2022 20:03:36.230 INFO [Catalina-utility-2] org.apache.catalina.core.StandardContext.reload Le rechargement de ce contexte est terminé
28-Oct-2022 20:04:06.384 INFO [Catalina-utility-2] org.apache.catalina.core.StandardContext.reload Le rechargement du contexte [/dbadmin] a démarré
28-Oct-2022 20:04:07.031 INFO [Catalina-utility-2] org.apache.jasper.servlet.TldScanner.scanJars Au moins un fichier JAR a été analysé pour trouver des TLDs mais il n'en contenait pas, le mode "debug" du journal peut être activé pour obtenir une liste complète de JAR scannés sans succès ; éviter d'analyser des JARs inutilement peut améliorer sensiblement le temps de démarrage et le temps de compilation des JSPs
28-Oct-2022 20:04:07.041 INFO [Catalina-utility-2] org.apache.catalina.core.StandardContext.reload Le rechargement de ce contexte est terminé
28-Oct-2022 20:07:08.131 INFO [Catalina-utility-2] org.apache.catalina.core.StandardContext.reload Le rechargement du contexte [/dbadmin] a démarré
28-Oct-2022 20:07:08.675 INFO [Catalina-utility-2] org.apache.jasper.servlet.TldScanner.scanJars Au moins un fichier JAR a été analysé pour trouver des TLDs mais il n'en contenait pas, le mode "debug" du journal peut être activé pour obtenir une liste complète de JAR scannés sans succès ; éviter d'analyser des JARs inutilement peut améliorer sensiblement le temps de démarrage et le temps de compilation des JSPs
28-Oct-2022 20:07:08.685 INFO [Catalina-utility-2] org.apache.catalina.core.StandardContext.reload Le rechargement de ce contexte est terminé
28-Oct-2022 20:07:48.868 INFO [Catalina-utility-2] org.apache.catalina.core.StandardContext.reload Le rechargement du contexte [/dbadmin] a démarré
28-Oct-2022 20:07:49.756 INFO [Catalina-utility-2] org.apache.jasper.servlet.TldScanner.scanJars Au moins un fichier JAR a été analysé pour trouver des TLDs mais il n'en contenait pas, le mode "debug" du journal peut être activé pour obtenir une liste complète de JAR scannés sans succès ; éviter d'analyser des JARs inutilement peut améliorer sensiblement le temps de démarrage et le temps de compilation des JSPs
28-Oct-2022 20:07:49.769 INFO [Catalina-utility-2] org.apache.catalina.core.StandardContext.reload Le rechargement de ce contexte est terminé
28-Oct-2022 20:08:09.896 INFO [Catalina-utility-1] org.apache.catalina.core.StandardContext.reload Le rechargement du contexte [/dbadmin] a démarré
28-Oct-2022 20:08:10.398 INFO [Catalina-utility-1] org.apache.jasper.servlet.TldScanner.scanJars Au moins un fichier JAR a été analysé pour trouver des TLDs mais il n'en contenait pas, le mode "debug" du journal peut être activé pour obtenir une liste complète de JAR scannés sans succès ; éviter d'analyser des JARs inutilement peut améliorer sensiblement le temps de démarrage et le temps de compilation des JSPs
28-Oct-2022 20:08:10.405 INFO [Catalina-utility-1] org.apache.catalina.core.StandardContext.reload Le rechargement de ce contexte est terminé
28-Oct-2022 20:08:40.564 INFO [Catalina-utility-2] org.apache.catalina.core.StandardContext.reload Le rechargement du contexte [/dbadmin] a démarré
28-Oct-2022 20:08:41.094 INFO [Catalina-utility-2] org.apache.jasper.servlet.TldScanner.scanJars Au moins un fichier JAR a été analysé pour trouver des TLDs mais il n'en contenait pas, le mode "debug" du journal peut être activé pour obtenir une liste complète de JAR scannés sans succès ; éviter d'analyser des JARs inutilement peut améliorer sensiblement le temps de démarrage et le temps de compilation des JSPs
28-Oct-2022 20:08:41.112 INFO [Catalina-utility-2] org.apache.catalina.core.StandardContext.reload Le rechargement de ce contexte est terminé
28-Oct-2022 20:09:01.205 INFO [Catalina-utility-1] org.apache.catalina.core.StandardContext.reload Le rechargement du contexte [/dbadmin] a démarré
28-Oct-2022 20:09:02.148 INFO [Catalina-utility-1] org.apache.jasper.servlet.TldScanner.scanJars Au moins un fichier JAR a été analysé pour trouver des TLDs mais il n'en contenait pas, le mode "debug" du journal peut être activé pour obtenir une liste complète de JAR scannés sans succès ; éviter d'analyser des JARs inutilement peut améliorer sensiblement le temps de démarrage et le temps de compilation des JSPs
28-Oct-2022 20:09:02.158 INFO [Catalina-utility-1] org.apache.catalina.core.StandardContext.reload Le rechargement de ce contexte est terminé
28-Oct-2022 20:10:02.430 INFO [Catalina-utility-1] org.apache.catalina.core.StandardContext.reload Le rechargement du contexte [/dbadmin] a démarré
28-Oct-2022 20:10:03.414 INFO [Catalina-utility-1] org.apache.jasper.servlet.TldScanner.scanJars Au moins un fichier JAR a été analysé pour trouver des TLDs mais il n'en contenait pas, le mode "debug" du journal peut être activé pour obtenir une liste complète de JAR scannés sans succès ; éviter d'analyser des JARs inutilement peut améliorer sensiblement le temps de démarrage et le temps de compilation des JSPs
28-Oct-2022 20:10:03.428 INFO [Catalina-utility-1] org.apache.catalina.core.StandardContext.reload Le rechargement de ce contexte est terminé
28-Oct-2022 20:10:53.736 INFO [Catalina-utility-1] org.apache.catalina.core.StandardContext.reload Le rechargement du contexte [/dbadmin] a démarré
28-Oct-2022 20:10:54.451 INFO [Catalina-utility-1] org.apache.jasper.servlet.TldScanner.scanJars Au moins un fichier JAR a été analysé pour trouver des TLDs mais il n'en contenait pas, le mode "debug" du journal peut être activé pour obtenir une liste complète de JAR scannés sans succès ; éviter d'analyser des JARs inutilement peut améliorer sensiblement le temps de démarrage et le temps de compilation des JSPs
28-Oct-2022 20:10:54.462 INFO [Catalina-utility-1] org.apache.catalina.core.StandardContext.reload Le rechargement de ce contexte est terminé
28-Oct-2022 20:11:14.573 INFO [Catalina-utility-2] org.apache.catalina.core.StandardContext.reload Le rechargement du contexte [/dbadmin] a démarré
28-Oct-2022 20:11:15.472 INFO [Catalina-utility-2] org.apache.jasper.servlet.TldScanner.scanJars Au moins un fichier JAR a été analysé pour trouver des TLDs mais il n'en contenait pas, le mode "debug" du journal peut être activé pour obtenir une liste complète de JAR scannés sans succès ; éviter d'analyser des JARs inutilement peut améliorer sensiblement le temps de démarrage et le temps de compilation des JSPs
28-Oct-2022 20:11:15.511 INFO [Catalina-utility-2] org.apache.catalina.core.StandardContext.reload Le rechargement de ce contexte est terminé
28-Oct-2022 20:11:55.792 INFO [Catalina-utility-2] org.apache.catalina.core.StandardContext.reload Le rechargement du contexte [/dbadmin] a démarré
28-Oct-2022 20:11:56.714 INFO [Catalina-utility-2] org.apache.jasper.servlet.TldScanner.scanJars Au moins un fichier JAR a été analysé pour trouver des TLDs mais il n'en contenait pas, le mode "debug" du journal peut être activé pour obtenir une liste complète de JAR scannés sans succès ; éviter d'analyser des JARs inutilement peut améliorer sensiblement le temps de démarrage et le temps de compilation des JSPs
28-Oct-2022 20:11:56.741 INFO [Catalina-utility-2] org.apache.catalina.core.StandardContext.reload Le rechargement de ce contexte est terminé
28-Oct-2022 20:12:37.017 INFO [Catalina-utility-1] org.apache.catalina.core.StandardContext.reload Le rechargement du contexte [/dbadmin] a démarré
28-Oct-2022 20:12:37.833 INFO [Catalina-utility-1] org.apache.jasper.servlet.TldScanner.scanJars Au moins un fichier JAR a été analysé pour trouver des TLDs mais il n'en contenait pas, le mode "debug" du journal peut être activé pour obtenir une liste complète de JAR scannés sans succès ; éviter d'analyser des JARs inutilement peut améliorer sensiblement le temps de démarrage et le temps de compilation des JSPs
28-Oct-2022 20:12:37.849 INFO [Catalina-utility-1] org.apache.catalina.core.StandardContext.reload Le rechargement de ce contexte est terminé
28-Oct-2022 20:32:45.498 INFO [Catalina-utility-1] org.apache.catalina.core.StandardContext.reload Le rechargement du contexte [/dbadmin] a démarré
28-Oct-2022 20:32:46.333 INFO [Catalina-utility-1] org.apache.jasper.servlet.TldScanner.scanJars Au moins un fichier JAR a été analysé pour trouver des TLDs mais il n'en contenait pas, le mode "debug" du journal peut être activé pour obtenir une liste complète de JAR scannés sans succès ; éviter d'analyser des JARs inutilement peut améliorer sensiblement le temps de démarrage et le temps de compilation des JSPs
28-Oct-2022 20:32:46.349 INFO [Catalina-utility-1] org.apache.catalina.core.StandardContext.reload Le rechargement de ce contexte est terminé
28-Oct-2022 20:41:49.724 INFO [Catalina-utility-2] org.apache.catalina.core.StandardContext.reload Le rechargement du contexte [/dbadmin] a démarré
28-Oct-2022 20:41:50.382 INFO [Catalina-utility-2] org.apache.jasper.servlet.TldScanner.scanJars Au moins un fichier JAR a été analysé pour trouver des TLDs mais il n'en contenait pas, le mode "debug" du journal peut être activé pour obtenir une liste complète de JAR scannés sans succès ; éviter d'analyser des JARs inutilement peut améliorer sensiblement le temps de démarrage et le temps de compilation des JSPs
28-Oct-2022 20:41:50.391 INFO [Catalina-utility-2] org.apache.catalina.core.StandardContext.reload Le rechargement de ce contexte est terminé
28-Oct-2022 20:42:50.801 INFO [Catalina-utility-2] org.apache.catalina.core.StandardContext.reload Le rechargement du contexte [/dbadmin] a démarré
28-Oct-2022 20:42:51.440 INFO [Catalina-utility-2] org.apache.jasper.servlet.TldScanner.scanJars Au moins un fichier JAR a été analysé pour trouver des TLDs mais il n'en contenait pas, le mode "debug" du journal peut être activé pour obtenir une liste complète de JAR scannés sans succès ; éviter d'analyser des JARs inutilement peut améliorer sensiblement le temps de démarrage et le temps de compilation des JSPs
28-Oct-2022 20:42:51.446 INFO [Catalina-utility-2] org.apache.catalina.core.StandardContext.reload Le rechargement de ce contexte est terminé
28-Oct-2022 20:43:15.081 INFO [Thread-1] org.apache.coyote.AbstractProtocol.pause Le gestionnaire de protocole ["http-nio-8080"] est mis en pause
28-Oct-2022 20:43:15.107 INFO [Thread-1] org.apache.catalina.core.StandardService.stopInternal Arrêt du service [Catalina]
28-Oct-2022 20:43:15.131 INFO [Thread-1] org.apache.coyote.AbstractProtocol.stop Arrêt du gestionnaire de protocole ["http-nio-8080"]
28-Oct-2022 20:43:15.161 INFO [Thread-1] org.apache.coyote.AbstractProtocol.destroy Destruction du gestionnaire de protocole ["http-nio-8080"]
28-Oct-2022 20:43:19.084 INFO [main] org.apache.catalina.startup.VersionLoggerListener.log Nom version serveur :              Apache Tomcat/9.0.68
28-Oct-2022 20:43:19.103 INFO [main] org.apache.catalina.startup.VersionLoggerListener.log Serveur compilé :                  Oct 3 2022 19:06:10 UTC
28-Oct-2022 20:43:19.105 INFO [main] org.apache.catalina.startup.VersionLoggerListener.log Version du serveur :               9.0.68.0
28-Oct-2022 20:43:19.108 INFO [main] org.apache.catalina.startup.VersionLoggerListener.log Nom de l'OS :                      Windows 10
28-Oct-2022 20:43:19.109 INFO [main] org.apache.catalina.startup.VersionLoggerListener.log Version OS :                       10.0
28-Oct-2022 20:43:19.111 INFO [main] org.apache.catalina.startup.VersionLoggerListener.log Architecture :                     amd64
28-Oct-2022 20:43:19.113 INFO [main] org.apache.catalina.startup.VersionLoggerListener.log Java Home :                        C:\Workdir\JDK\jdk-17.0.5
28-Oct-2022 20:43:19.118 INFO [main] org.apache.catalina.startup.VersionLoggerListener.log Version JVM :                      17.0.5+9-LTS-191
28-Oct-2022 20:43:19.121 INFO [main] org.apache.catalina.startup.VersionLoggerListener.log Fournisseur de la JVM :            Oracle Corporation
28-Oct-2022 20:43:19.122 INFO [main] org.apache.catalina.startup.VersionLoggerListener.log CATALINA_BASE :                    C:\Users\theo.taccoen\Documents\boulot_iut\DBAdmin-project\apache-tomcat-9.0.68
28-Oct-2022 20:43:19.125 INFO [main] org.apache.catalina.startup.VersionLoggerListener.log CATALINA_HOME :                    C:\Users\theo.taccoen\Documents\boulot_iut\DBAdmin-project\apache-tomcat-9.0.68
28-Oct-2022 20:43:19.160 INFO [main] org.apache.catalina.startup.VersionLoggerListener.log Argument de la ligne de commande : --add-opens=java.base/java.lang=ALL-UNNAMED
28-Oct-2022 20:43:19.162 INFO [main] org.apache.catalina.startup.VersionLoggerListener.log Argument de la ligne de commande : --add-opens=java.base/java.io=ALL-UNNAMED
28-Oct-2022 20:43:19.163 INFO [main] org.apache.catalina.startup.VersionLoggerListener.log Argument de la ligne de commande : --add-opens=java.base/java.util=ALL-UNNAMED
28-Oct-2022 20:43:19.164 INFO [main] org.apache.catalina.startup.VersionLoggerListener.log Argument de la ligne de commande : --add-opens=java.base/java.util.concurrent=ALL-UNNAMED
28-Oct-2022 20:43:19.165 INFO [main] org.apache.catalina.startup.VersionLoggerListener.log Argument de la ligne de commande : --add-opens=java.rmi/sun.rmi.transport=ALL-UNNAMED
28-Oct-2022 20:43:19.167 INFO [main] org.apache.catalina.startup.VersionLoggerListener.log Argument de la ligne de commande : -Djava.util.logging.config.file=C:\Users\theo.taccoen\Documents\boulot_iut\DBAdmin-project\apache-tomcat-9.0.68\conf\logging.properties
28-Oct-2022 20:43:19.168 INFO [main] org.apache.catalina.startup.VersionLoggerListener.log Argument de la ligne de commande : -Djava.util.logging.manager=org.apache.juli.ClassLoaderLogManager
28-Oct-2022 20:43:19.169 INFO [main] org.apache.catalina.startup.VersionLoggerListener.log Argument de la ligne de commande : -Djdk.tls.ephemeralDHKeySize=2048
28-Oct-2022 20:43:19.170 INFO [main] org.apache.catalina.startup.VersionLoggerListener.log Argument de la ligne de commande : -Djava.protocol.handler.pkgs=org.apache.catalina.webresources
28-Oct-2022 20:43:19.171 INFO [main] org.apache.catalina.startup.VersionLoggerListener.log Argument de la ligne de commande : -Dignore.endorsed.dirs=
28-Oct-2022 20:43:19.172 INFO [main] org.apache.catalina.startup.VersionLoggerListener.log Argument de la ligne de commande : -Dcatalina.base=C:\Users\theo.taccoen\Documents\boulot_iut\DBAdmin-project\apache-tomcat-9.0.68
28-Oct-2022 20:43:19.174 INFO [main] org.apache.catalina.startup.VersionLoggerListener.log Argument de la ligne de commande : -Dcatalina.home=C:\Users\theo.taccoen\Documents\boulot_iut\DBAdmin-project\apache-tomcat-9.0.68
28-Oct-2022 20:43:19.175 INFO [main] org.apache.catalina.startup.VersionLoggerListener.log Argument de la ligne de commande : -Djava.io.tmpdir=C:\Users\theo.taccoen\Documents\boulot_iut\DBAdmin-project\apache-tomcat-9.0.68\temp
28-Oct-2022 20:43:19.209 INFO [main] org.apache.catalina.core.AprLifecycleListener.lifecycleEvent La librairie Apache Tomcat Native basée sur APR qui permet des performances optimales dans les environnements de production n'a pas été trouvée sur le java.library.path : [C:\Workdir\JDK\jdk-17.0.5\bin;C:\windows\Sun\Java\bin;C:\windows\system32;C:\windows;C:\Users\theo.taccoen\bin;C:\Program Files\Git\mingw64\bin;C:\Program Files\Git\usr\local\bin;C:\Program Files\Git\usr\bin;C:\Program Files\Git\usr\bin;C:\Program Files\Git\mingw64\bin;C:\Program Files\Git\usr\bin;C:\Users\theo.taccoen\bin;C:\Program Files\OpenJDK\Jdk-16.0.1\bin;C:\windows\system32;C:\windows;C:\windows\System32\Wbem;C:\windows\System32\WindowsPowerShell\v1.0;C:\windows\System32\OpenSSH;C:\Users\support\AppData\Local\Microsoft\WindowsApps;C:\Program Files (x86)\Pulse Secure\VC142.CRT\X64;C:\Program Files (x86)\Pulse Secure\VC142.CRT\X86;C:\Program Files (x86)\Common Files\Pulse Secure\TNC Client Plugin;C:\Program Files\Git\cmd;C:\Program Files\nodejs;C:\Program Files\VSCodium\bin;C:\Users\theo.taccoen\AppData\Local\Microsoft\WindowsApps;C:\Users\theo.taccoen\AppData\Local\Programs\Microsoft VS Code\bin;C:\Users\theo.taccoen\AppData\Roaming\npm;C:\Program Files\Git\usr\bin\vendor_perl;C:\Program Files\Git\usr\bin\core_perl;.]
28-Oct-2022 20:43:19.729 INFO [main] org.apache.coyote.AbstractProtocol.init Initialisation du gestionnaire de protocole ["http-nio-8080"]
28-Oct-2022 20:43:19.758 INFO [main] org.apache.catalina.startup.Catalina.load L'initialisation du serveur a pris [1396] millisecondes
28-Oct-2022 20:43:19.826 INFO [main] org.apache.catalina.core.StandardService.startInternal Démarrage du service [Catalina]
28-Oct-2022 20:43:19.827 INFO [main] org.apache.catalina.core.StandardEngine.startInternal Démarrage du moteur de Servlets : [Apache Tomcat/9.0.68]
28-Oct-2022 20:43:19.843 INFO [main] org.apache.catalina.startup.HostConfig.deployDirectory Déploiement du répertoire d'application web [C:\Users\theo.taccoen\Documents\boulot_iut\DBAdmin-project\apache-tomcat-9.0.68\webapps\dbadmin]
28-Oct-2022 20:43:20.998 INFO [main] org.apache.jasper.servlet.TldScanner.scanJars Au moins un fichier JAR a été analysé pour trouver des TLDs mais il n'en contenait pas, le mode "debug" du journal peut être activé pour obtenir une liste complète de JAR scannés sans succès ; éviter d'analyser des JARs inutilement peut améliorer sensiblement le temps de démarrage et le temps de compilation des JSPs
28-Oct-2022 20:43:21.152 WARNING [main] org.apache.catalina.util.SessionIdGeneratorBase.createSecureRandom La création de l'instance de SecureRandom pour le générateur d'id de session en utilisant [SHA1PRNG] a pris [109] millisecondes
28-Oct-2022 20:43:21.181 INFO [main] org.apache.catalina.startup.HostConfig.deployDirectory Le déploiement du répertoire [C:\Users\theo.taccoen\Documents\boulot_iut\DBAdmin-project\apache-tomcat-9.0.68\webapps\dbadmin] de l'application web s'est terminé en [1 339] ms
28-Oct-2022 20:43:21.184 INFO [main] org.apache.catalina.startup.HostConfig.deployDirectory Déploiement du répertoire d'application web [C:\Users\theo.taccoen\Documents\boulot_iut\DBAdmin-project\apache-tomcat-9.0.68\webapps\docs]
28-Oct-2022 20:43:21.446 INFO [main] org.apache.jasper.servlet.TldScanner.scanJars Au moins un fichier JAR a été analysé pour trouver des TLDs mais il n'en contenait pas, le mode "debug" du journal peut être activé pour obtenir une liste complète de JAR scannés sans succès ; éviter d'analyser des JARs inutilement peut améliorer sensiblement le temps de démarrage et le temps de compilation des JSPs
28-Oct-2022 20:43:21.451 INFO [main] org.apache.catalina.startup.HostConfig.deployDirectory Le déploiement du répertoire [C:\Users\theo.taccoen\Documents\boulot_iut\DBAdmin-project\apache-tomcat-9.0.68\webapps\docs] de l'application web s'est terminé en [267] ms
28-Oct-2022 20:43:21.453 INFO [main] org.apache.catalina.startup.HostConfig.deployDirectory Déploiement du répertoire d'application web [C:\Users\theo.taccoen\Documents\boulot_iut\DBAdmin-project\apache-tomcat-9.0.68\webapps\examples]
28-Oct-2022 20:43:22.475 INFO [main] org.apache.jasper.servlet.TldScanner.scanJars Au moins un fichier JAR a été analysé pour trouver des TLDs mais il n'en contenait pas, le mode "debug" du journal peut être activé pour obtenir une liste complète de JAR scannés sans succès ; éviter d'analyser des JARs inutilement peut améliorer sensiblement le temps de démarrage et le temps de compilation des JSPs
28-Oct-2022 20:43:22.624 INFO [main] org.apache.catalina.startup.HostConfig.deployDirectory Le déploiement du répertoire [C:\Users\theo.taccoen\Documents\boulot_iut\DBAdmin-project\apache-tomcat-9.0.68\webapps\examples] de l'application web s'est terminé en [1 171] ms
28-Oct-2022 20:43:22.633 INFO [main] org.apache.catalina.startup.HostConfig.deployDirectory Déploiement du répertoire d'application web [C:\Users\theo.taccoen\Documents\boulot_iut\DBAdmin-project\apache-tomcat-9.0.68\webapps\host-manager]
28-Oct-2022 20:43:22.972 INFO [main] org.apache.jasper.servlet.TldScanner.scanJars Au moins un fichier JAR a été analysé pour trouver des TLDs mais il n'en contenait pas, le mode "debug" du journal peut être activé pour obtenir une liste complète de JAR scannés sans succès ; éviter d'analyser des JARs inutilement peut améliorer sensiblement le temps de démarrage et le temps de compilation des JSPs
28-Oct-2022 20:43:22.997 INFO [main] org.apache.catalina.startup.HostConfig.deployDirectory Le déploiement du répertoire [C:\Users\theo.taccoen\Documents\boulot_iut\DBAdmin-project\apache-tomcat-9.0.68\webapps\host-manager] de l'application web s'est terminé en [364] ms
28-Oct-2022 20:43:23.004 INFO [main] org.apache.catalina.startup.HostConfig.deployDirectory Déploiement du répertoire d'application web [C:\Users\theo.taccoen\Documents\boulot_iut\DBAdmin-project\apache-tomcat-9.0.68\webapps\manager]
28-Oct-2022 20:43:23.294 INFO [main] org.apache.jasper.servlet.TldScanner.scanJars Au moins un fichier JAR a été analysé pour trouver des TLDs mais il n'en contenait pas, le mode "debug" du journal peut être activé pour obtenir une liste complète de JAR scannés sans succès ; éviter d'analyser des JARs inutilement peut améliorer sensiblement le temps de démarrage et le temps de compilation des JSPs
28-Oct-2022 20:43:23.313 INFO [main] org.apache.catalina.startup.HostConfig.deployDirectory Le déploiement du répertoire [C:\Users\theo.taccoen\Documents\boulot_iut\DBAdmin-project\apache-tomcat-9.0.68\webapps\manager] de l'application web s'est terminé en [309] ms
28-Oct-2022 20:43:23.323 INFO [main] org.apache.catalina.startup.HostConfig.deployDirectory Déploiement du répertoire d'application web [C:\Users\theo.taccoen\Documents\boulot_iut\DBAdmin-project\apache-tomcat-9.0.68\webapps\ROOT]
28-Oct-2022 20:43:23.601 INFO [main] org.apache.jasper.servlet.TldScanner.scanJars Au moins un fichier JAR a été analysé pour trouver des TLDs mais il n'en contenait pas, le mode "debug" du journal peut être activé pour obtenir une liste complète de JAR scannés sans succès ; éviter d'analyser des JARs inutilement peut améliorer sensiblement le temps de démarrage et le temps de compilation des JSPs
28-Oct-2022 20:43:23.627 INFO [main] org.apache.catalina.startup.HostConfig.deployDirectory Le déploiement du répertoire [C:\Users\theo.taccoen\Documents\boulot_iut\DBAdmin-project\apache-tomcat-9.0.68\webapps\ROOT] de l'application web s'est terminé en [304] ms
28-Oct-2022 20:43:23.632 INFO [main] org.apache.coyote.AbstractProtocol.start Démarrage du gestionnaire de protocole ["http-nio-8080"]
28-Oct-2022 20:43:23.744 INFO [main] org.apache.catalina.startup.Catalina.start Le démarrage du serveur a pris [3983] millisecondes
28-Oct-2022 20:46:34.903 INFO [Catalina-utility-1] org.apache.catalina.core.StandardContext.reload Le rechargement du contexte [/dbadmin] a démarré
28-Oct-2022 20:46:35.558 INFO [Catalina-utility-1] org.apache.jasper.servlet.TldScanner.scanJars Au moins un fichier JAR a été analysé pour trouver des TLDs mais il n'en contenait pas, le mode "debug" du journal peut être activé pour obtenir une liste complète de JAR scannés sans succès ; éviter d'analyser des JARs inutilement peut améliorer sensiblement le temps de démarrage et le temps de compilation des JSPs
28-Oct-2022 20:46:35.567 INFO [Catalina-utility-1] org.apache.catalina.core.StandardContext.reload Le rechargement de ce contexte est terminé
28-Oct-2022 20:46:55.696 INFO [Catalina-utility-1] org.apache.catalina.core.StandardContext.reload Le rechargement du contexte [/dbadmin] a démarré
28-Oct-2022 20:46:56.405 INFO [Catalina-utility-1] org.apache.jasper.servlet.TldScanner.scanJars Au moins un fichier JAR a été analysé pour trouver des TLDs mais il n'en contenait pas, le mode "debug" du journal peut être activé pour obtenir une liste complète de JAR scannés sans succès ; éviter d'analyser des JARs inutilement peut améliorer sensiblement le temps de démarrage et le temps de compilation des JSPs
28-Oct-2022 20:46:56.415 INFO [Catalina-utility-1] org.apache.catalina.core.StandardContext.reload Le rechargement de ce contexte est terminé
28-Oct-2022 20:47:56.727 INFO [Catalina-utility-2] org.apache.catalina.core.StandardContext.reload Le rechargement du contexte [/dbadmin] a démarré
28-Oct-2022 20:47:57.350 INFO [Catalina-utility-2] org.apache.jasper.servlet.TldScanner.scanJars Au moins un fichier JAR a été analysé pour trouver des TLDs mais il n'en contenait pas, le mode "debug" du journal peut être activé pour obtenir une liste complète de JAR scannés sans succès ; éviter d'analyser des JARs inutilement peut améliorer sensiblement le temps de démarrage et le temps de compilation des JSPs
28-Oct-2022 20:47:57.359 INFO [Catalina-utility-2] org.apache.catalina.core.StandardContext.reload Le rechargement de ce contexte est terminé
28-Oct-2022 20:50:38.397 INFO [Catalina-utility-1] org.apache.catalina.core.StandardContext.reload Le rechargement du contexte [/dbadmin] a démarré
28-Oct-2022 20:50:39.034 INFO [Catalina-utility-1] org.apache.jasper.servlet.TldScanner.scanJars Au moins un fichier JAR a été analysé pour trouver des TLDs mais il n'en contenait pas, le mode "debug" du journal peut être activé pour obtenir une liste complète de JAR scannés sans succès ; éviter d'analyser des JARs inutilement peut améliorer sensiblement le temps de démarrage et le temps de compilation des JSPs
28-Oct-2022 20:50:39.046 INFO [Catalina-utility-1] org.apache.catalina.core.StandardContext.reload Le rechargement de ce contexte est terminé
28-Oct-2022 22:34:26.598 INFO [Catalina-utility-1] org.apache.catalina.core.StandardContext.reload Le rechargement du contexte [/dbadmin] a démarré
28-Oct-2022 22:34:27.146 INFO [Catalina-utility-1] org.apache.jasper.servlet.TldScanner.scanJars Au moins un fichier JAR a été analysé pour trouver des TLDs mais il n'en contenait pas, le mode "debug" du journal peut être activé pour obtenir une liste complète de JAR scannés sans succès ; éviter d'analyser des JARs inutilement peut améliorer sensiblement le temps de démarrage et le temps de compilation des JSPs
28-Oct-2022 22:34:27.150 INFO [Catalina-utility-1] org.apache.catalina.core.StandardContext.reload Le rechargement de ce contexte est terminé
28-Oct-2022 22:35:17.422 INFO [Catalina-utility-1] org.apache.catalina.core.StandardContext.reload Le rechargement du contexte [/dbadmin] a démarré
28-Oct-2022 22:35:18.227 INFO [Catalina-utility-1] org.apache.jasper.servlet.TldScanner.scanJars Au moins un fichier JAR a été analysé pour trouver des TLDs mais il n'en contenait pas, le mode "debug" du journal peut être activé pour obtenir une liste complète de JAR scannés sans succès ; éviter d'analyser des JARs inutilement peut améliorer sensiblement le temps de démarrage et le temps de compilation des JSPs
28-Oct-2022 22:35:18.234 INFO [Catalina-utility-1] org.apache.catalina.core.StandardContext.reload Le rechargement de ce contexte est terminé
28-Oct-2022 22:35:58.460 INFO [Catalina-utility-1] org.apache.catalina.core.StandardContext.reload Le rechargement du contexte [/dbadmin] a démarré
28-Oct-2022 22:35:59.144 INFO [Catalina-utility-1] org.apache.jasper.servlet.TldScanner.scanJars Au moins un fichier JAR a été analysé pour trouver des TLDs mais il n'en contenait pas, le mode "debug" du journal peut être activé pour obtenir une liste complète de JAR scannés sans succès ; éviter d'analyser des JARs inutilement peut améliorer sensiblement le temps de démarrage et le temps de compilation des JSPs
28-Oct-2022 22:35:59.155 INFO [Catalina-utility-1] org.apache.catalina.core.StandardContext.reload Le rechargement de ce contexte est terminé
28-Oct-2022 22:36:49.449 INFO [Catalina-utility-1] org.apache.catalina.core.StandardContext.reload Le rechargement du contexte [/dbadmin] a démarré
28-Oct-2022 22:36:50.387 INFO [Catalina-utility-1] org.apache.jasper.servlet.TldScanner.scanJars Au moins un fichier JAR a été analysé pour trouver des TLDs mais il n'en contenait pas, le mode "debug" du journal peut être activé pour obtenir une liste complète de JAR scannés sans succès ; éviter d'analyser des JARs inutilement peut améliorer sensiblement le temps de démarrage et le temps de compilation des JSPs
28-Oct-2022 22:36:50.401 INFO [Catalina-utility-1] org.apache.catalina.core.StandardContext.reload Le rechargement de ce contexte est terminé
28-Oct-2022 22:37:20.679 INFO [Catalina-utility-2] org.apache.catalina.core.StandardContext.reload Le rechargement du contexte [/dbadmin] a démarré
28-Oct-2022 22:37:21.594 INFO [Catalina-utility-2] org.apache.jasper.servlet.TldScanner.scanJars Au moins un fichier JAR a été analysé pour trouver des TLDs mais il n'en contenait pas, le mode "debug" du journal peut être activé pour obtenir une liste complète de JAR scannés sans succès ; éviter d'analyser des JARs inutilement peut améliorer sensiblement le temps de démarrage et le temps de compilation des JSPs
28-Oct-2022 22:37:21.615 INFO [Catalina-utility-2] org.apache.catalina.core.StandardContext.reload Le rechargement de ce contexte est terminé
28-Oct-2022 22:38:01.864 INFO [Catalina-utility-1] org.apache.catalina.core.StandardContext.reload Le rechargement du contexte [/dbadmin] a démarré
28-Oct-2022 22:38:02.764 INFO [Catalina-utility-1] org.apache.jasper.servlet.TldScanner.scanJars Au moins un fichier JAR a été analysé pour trouver des TLDs mais il n'en contenait pas, le mode "debug" du journal peut être activé pour obtenir une liste complète de JAR scannés sans succès ; éviter d'analyser des JARs inutilement peut améliorer sensiblement le temps de démarrage et le temps de compilation des JSPs
28-Oct-2022 22:38:02.779 INFO [Catalina-utility-1] org.apache.catalina.core.StandardContext.reload Le rechargement de ce contexte est terminé
28-Oct-2022 22:39:03.215 INFO [Catalina-utility-1] org.apache.catalina.core.StandardContext.reload Le rechargement du contexte [/dbadmin] a démarré
28-Oct-2022 22:39:03.756 INFO [Catalina-utility-1] org.apache.jasper.servlet.TldScanner.scanJars Au moins un fichier JAR a été analysé pour trouver des TLDs mais il n'en contenait pas, le mode "debug" du journal peut être activé pour obtenir une liste complète de JAR scannés sans succès ; éviter d'analyser des JARs inutilement peut améliorer sensiblement le temps de démarrage et le temps de compilation des JSPs
28-Oct-2022 22:39:03.765 INFO [Catalina-utility-1] org.apache.catalina.core.StandardContext.reload Le rechargement de ce contexte est terminé
28-Oct-2022 22:39:23.870 INFO [Catalina-utility-2] org.apache.catalina.core.StandardContext.reload Le rechargement du contexte [/dbadmin] a démarré
28-Oct-2022 22:39:24.781 INFO [Catalina-utility-2] org.apache.jasper.servlet.TldScanner.scanJars Au moins un fichier JAR a été analysé pour trouver des TLDs mais il n'en contenait pas, le mode "debug" du journal peut être activé pour obtenir une liste complète de JAR scannés sans succès ; éviter d'analyser des JARs inutilement peut améliorer sensiblement le temps de démarrage et le temps de compilation des JSPs
28-Oct-2022 22:39:24.794 INFO [Catalina-utility-2] org.apache.catalina.core.StandardContext.reload Le rechargement de ce contexte est terminé
28-Oct-2022 22:43:06.106 INFO [Catalina-utility-1] org.apache.catalina.core.StandardContext.reload Le rechargement du contexte [/dbadmin] a démarré
28-Oct-2022 22:43:06.880 INFO [Catalina-utility-1] org.apache.jasper.servlet.TldScanner.scanJars Au moins un fichier JAR a été analysé pour trouver des TLDs mais il n'en contenait pas, le mode "debug" du journal peut être activé pour obtenir une liste complète de JAR scannés sans succès ; éviter d'analyser des JARs inutilement peut améliorer sensiblement le temps de démarrage et le temps de compilation des JSPs
28-Oct-2022 22:43:06.896 INFO [Catalina-utility-1] org.apache.catalina.core.StandardContext.reload Le rechargement de ce contexte est terminé
28-Oct-2022 22:52:10.403 INFO [Catalina-utility-1] org.apache.catalina.core.StandardContext.reload Le rechargement du contexte [/dbadmin] a démarré
28-Oct-2022 22:52:10.818 INFO [Catalina-utility-1] org.apache.jasper.servlet.TldScanner.scanJars Au moins un fichier JAR a été analysé pour trouver des TLDs mais il n'en contenait pas, le mode "debug" du journal peut être activé pour obtenir une liste complète de JAR scannés sans succès ; éviter d'analyser des JARs inutilement peut améliorer sensiblement le temps de démarrage et le temps de compilation des JSPs
28-Oct-2022 22:52:10.843 INFO [Catalina-utility-1] org.apache.catalina.core.StandardContext.reload Le rechargement de ce contexte est terminé
28-Oct-2022 22:52:30.962 INFO [Catalina-utility-1] org.apache.catalina.core.StandardContext.reload Le rechargement du contexte [/dbadmin] a démarré
28-Oct-2022 22:52:31.658 INFO [Catalina-utility-1] org.apache.jasper.servlet.TldScanner.scanJars Au moins un fichier JAR a été analysé pour trouver des TLDs mais il n'en contenait pas, le mode "debug" du journal peut être activé pour obtenir une liste complète de JAR scannés sans succès ; éviter d'analyser des JARs inutilement peut améliorer sensiblement le temps de démarrage et le temps de compilation des JSPs
28-Oct-2022 22:52:31.674 INFO [Catalina-utility-1] org.apache.catalina.core.StandardContext.reload Le rechargement de ce contexte est terminé
28-Oct-2022 22:52:51.799 INFO [Catalina-utility-1] org.apache.catalina.core.StandardContext.reload Le rechargement du contexte [/dbadmin] a démarré
28-Oct-2022 22:52:52.646 INFO [Catalina-utility-1] org.apache.jasper.servlet.TldScanner.scanJars Au moins un fichier JAR a été analysé pour trouver des TLDs mais il n'en contenait pas, le mode "debug" du journal peut être activé pour obtenir une liste complète de JAR scannés sans succès ; éviter d'analyser des JARs inutilement peut améliorer sensiblement le temps de démarrage et le temps de compilation des JSPs
28-Oct-2022 22:52:52.666 INFO [Catalina-utility-1] org.apache.catalina.core.StandardContext.reload Le rechargement de ce contexte est terminé
28-Oct-2022 22:53:22.861 INFO [Catalina-utility-2] org.apache.catalina.core.StandardContext.reload Le rechargement du contexte [/dbadmin] a démarré
28-Oct-2022 22:53:23.760 INFO [Catalina-utility-2] org.apache.jasper.servlet.TldScanner.scanJars Au moins un fichier JAR a été analysé pour trouver des TLDs mais il n'en contenait pas, le mode "debug" du journal peut être activé pour obtenir une liste complète de JAR scannés sans succès ; éviter d'analyser des JARs inutilement peut améliorer sensiblement le temps de démarrage et le temps de compilation des JSPs
28-Oct-2022 22:53:23.776 INFO [Catalina-utility-2] org.apache.catalina.core.StandardContext.reload Le rechargement de ce contexte est terminé
28-Oct-2022 22:56:14.743 INFO [Catalina-utility-2] org.apache.catalina.core.StandardContext.reload Le rechargement du contexte [/dbadmin] a démarré
28-Oct-2022 22:56:15.417 INFO [Catalina-utility-2] org.apache.jasper.servlet.TldScanner.scanJars Au moins un fichier JAR a été analysé pour trouver des TLDs mais il n'en contenait pas, le mode "debug" du journal peut être activé pour obtenir une liste complète de JAR scannés sans succès ; éviter d'analyser des JARs inutilement peut améliorer sensiblement le temps de démarrage et le temps de compilation des JSPs
28-Oct-2022 22:56:15.425 INFO [Catalina-utility-2] org.apache.catalina.core.StandardContext.reload Le rechargement de ce contexte est terminé
28-Oct-2022 22:59:06.420 INFO [Catalina-utility-2] org.apache.catalina.core.StandardContext.reload Le rechargement du contexte [/dbadmin] a démarré
28-Oct-2022 22:59:07.369 INFO [Catalina-utility-2] org.apache.jasper.servlet.TldScanner.scanJars Au moins un fichier JAR a été analysé pour trouver des TLDs mais il n'en contenait pas, le mode "debug" du journal peut être activé pour obtenir une liste complète de JAR scannés sans succès ; éviter d'analyser des JARs inutilement peut améliorer sensiblement le temps de démarrage et le temps de compilation des JSPs
28-Oct-2022 22:59:07.381 INFO [Catalina-utility-2] org.apache.catalina.core.StandardContext.reload Le rechargement de ce contexte est terminé
28-Oct-2022 23:04:59.465 INFO [Catalina-utility-2] org.apache.catalina.core.StandardContext.reload Le rechargement du contexte [/dbadmin] a démarré
28-Oct-2022 23:05:00.236 INFO [Catalina-utility-2] org.apache.jasper.servlet.TldScanner.scanJars Au moins un fichier JAR a été analysé pour trouver des TLDs mais il n'en contenait pas, le mode "debug" du journal peut être activé pour obtenir une liste complète de JAR scannés sans succès ; éviter d'analyser des JARs inutilement peut améliorer sensiblement le temps de démarrage et le temps de compilation des JSPs
28-Oct-2022 23:05:00.249 INFO [Catalina-utility-2] org.apache.catalina.core.StandardContext.reload Le rechargement de ce contexte est terminé
28-Oct-2022 23:05:30.431 INFO [Catalina-utility-2] org.apache.catalina.core.StandardContext.reload Le rechargement du contexte [/dbadmin] a démarré
28-Oct-2022 23:05:31.181 INFO [Catalina-utility-2] org.apache.jasper.servlet.TldScanner.scanJars Au moins un fichier JAR a été analysé pour trouver des TLDs mais il n'en contenait pas, le mode "debug" du journal peut être activé pour obtenir une liste complète de JAR scannés sans succès ; éviter d'analyser des JARs inutilement peut améliorer sensiblement le temps de démarrage et le temps de compilation des JSPs
28-Oct-2022 23:05:31.196 INFO [Catalina-utility-2] org.apache.catalina.core.StandardContext.reload Le rechargement de ce contexte est terminé
28-Oct-2022 23:07:42.040 INFO [Catalina-utility-1] org.apache.catalina.core.StandardContext.reload Le rechargement du contexte [/dbadmin] a démarré
28-Oct-2022 23:07:42.859 INFO [Catalina-utility-1] org.apache.jasper.servlet.TldScanner.scanJars Au moins un fichier JAR a été analysé pour trouver des TLDs mais il n'en contenait pas, le mode "debug" du journal peut être activé pour obtenir une liste complète de JAR scannés sans succès ; éviter d'analyser des JARs inutilement peut améliorer sensiblement le temps de démarrage et le temps de compilation des JSPs
28-Oct-2022 23:07:42.876 INFO [Catalina-utility-1] org.apache.catalina.core.StandardContext.reload Le rechargement de ce contexte est terminé
28-Oct-2022 23:10:03.955 INFO [Catalina-utility-1] org.apache.catalina.core.StandardContext.reload Le rechargement du contexte [/dbadmin] a démarré
28-Oct-2022 23:10:04.783 INFO [Catalina-utility-1] org.apache.jasper.servlet.TldScanner.scanJars Au moins un fichier JAR a été analysé pour trouver des TLDs mais il n'en contenait pas, le mode "debug" du journal peut être activé pour obtenir une liste complète de JAR scannés sans succès ; éviter d'analyser des JARs inutilement peut améliorer sensiblement le temps de démarrage et le temps de compilation des JSPs
28-Oct-2022 23:10:04.800 INFO [Catalina-utility-1] org.apache.catalina.core.StandardContext.reload Le rechargement de ce contexte est terminé
28-Oct-2022 23:10:34.963 INFO [Catalina-utility-2] org.apache.catalina.core.StandardContext.reload Le rechargement du contexte [/dbadmin] a démarré
28-Oct-2022 23:10:35.805 INFO [Catalina-utility-2] org.apache.jasper.servlet.TldScanner.scanJars Au moins un fichier JAR a été analysé pour trouver des TLDs mais il n'en contenait pas, le mode "debug" du journal peut être activé pour obtenir une liste complète de JAR scannés sans succès ; éviter d'analyser des JARs inutilement peut améliorer sensiblement le temps de démarrage et le temps de compilation des JSPs
28-Oct-2022 23:10:35.821 INFO [Catalina-utility-2] org.apache.catalina.core.StandardContext.reload Le rechargement de ce contexte est terminé
28-Oct-2022 23:12:16.380 INFO [Catalina-utility-2] org.apache.catalina.core.StandardContext.reload Le rechargement du contexte [/dbadmin] a démarré
28-Oct-2022 23:12:17.293 INFO [Catalina-utility-2] org.apache.jasper.servlet.TldScanner.scanJars Au moins un fichier JAR a été analysé pour trouver des TLDs mais il n'en contenait pas, le mode "debug" du journal peut être activé pour obtenir une liste complète de JAR scannés sans succès ; éviter d'analyser des JARs inutilement peut améliorer sensiblement le temps de démarrage et le temps de compilation des JSPs
28-Oct-2022 23:12:17.307 INFO [Catalina-utility-2] org.apache.catalina.core.StandardContext.reload Le rechargement de ce contexte est terminé
28-Oct-2022 23:13:57.903 INFO [Catalina-utility-2] org.apache.catalina.core.StandardContext.reload Le rechargement du contexte [/dbadmin] a démarré
28-Oct-2022 23:13:58.729 INFO [Catalina-utility-2] org.apache.jasper.servlet.TldScanner.scanJars Au moins un fichier JAR a été analysé pour trouver des TLDs mais il n'en contenait pas, le mode "debug" du journal peut être activé pour obtenir une liste complète de JAR scannés sans succès ; éviter d'analyser des JARs inutilement peut améliorer sensiblement le temps de démarrage et le temps de compilation des JSPs
28-Oct-2022 23:13:58.746 INFO [Catalina-utility-2] org.apache.catalina.core.StandardContext.reload Le rechargement de ce contexte est terminé
28-Oct-2022 23:15:39.404 INFO [Catalina-utility-2] org.apache.catalina.core.StandardContext.reload Le rechargement du contexte [/dbadmin] a démarré
28-Oct-2022 23:15:40.150 INFO [Catalina-utility-2] org.apache.jasper.servlet.TldScanner.scanJars Au moins un fichier JAR a été analysé pour trouver des TLDs mais il n'en contenait pas, le mode "debug" du journal peut être activé pour obtenir une liste complète de JAR scannés sans succès ; éviter d'analyser des JARs inutilement peut améliorer sensiblement le temps de démarrage et le temps de compilation des JSPs
28-Oct-2022 23:15:40.172 INFO [Catalina-utility-2] org.apache.catalina.core.StandardContext.reload Le rechargement de ce contexte est terminé
28-Oct-2022 23:16:10.347 INFO [Catalina-utility-1] org.apache.catalina.core.StandardContext.reload Le rechargement du contexte [/dbadmin] a démarré
28-Oct-2022 23:16:11.053 INFO [Catalina-utility-1] org.apache.jasper.servlet.TldScanner.scanJars Au moins un fichier JAR a été analysé pour trouver des TLDs mais il n'en contenait pas, le mode "debug" du journal peut être activé pour obtenir une liste complète de JAR scannés sans succès ; éviter d'analyser des JARs inutilement peut améliorer sensiblement le temps de démarrage et le temps de compilation des JSPs
28-Oct-2022 23:16:11.066 INFO [Catalina-utility-1] org.apache.catalina.core.StandardContext.reload Le rechargement de ce contexte est terminé
