29-Oct-2022 12:59:40.342 INFO [Catalina-utility-1] org.apache.catalina.core.StandardContext.reload Le rechargement du contexte [/dbadmin] a démarré
29-Oct-2022 12:59:40.850 INFO [Catalina-utility-1] org.apache.jasper.servlet.TldScanner.scanJars Au moins un fichier JAR a été analysé pour trouver des TLDs mais il n'en contenait pas, le mode "debug" du journal peut être activé pour obtenir une liste complète de JAR scannés sans succès ; éviter d'analyser des JARs inutilement peut améliorer sensiblement le temps de démarrage et le temps de compilation des JSPs
29-Oct-2022 12:59:40.857 INFO [Catalina-utility-1] org.apache.catalina.core.StandardContext.reload Le rechargement de ce contexte est terminé
29-Oct-2022 13:08:34.594 INFO [Catalina-utility-1] org.apache.catalina.core.StandardContext.reload Le rechargement du contexte [/dbadmin] a démarré
29-Oct-2022 13:08:35.393 INFO [Catalina-utility-1] org.apache.jasper.servlet.TldScanner.scanJars Au moins un fichier JAR a été analysé pour trouver des TLDs mais il n'en contenait pas, le mode "debug" du journal peut être activé pour obtenir une liste complète de JAR scannés sans succès ; éviter d'analyser des JARs inutilement peut améliorer sensiblement le temps de démarrage et le temps de compilation des JSPs
29-Oct-2022 13:08:35.405 INFO [Catalina-utility-1] org.apache.catalina.core.StandardContext.reload Le rechargement de ce contexte est terminé
29-Oct-2022 13:09:15.658 INFO [Catalina-utility-1] org.apache.catalina.core.StandardContext.reload Le rechargement du contexte [/dbadmin] a démarré
29-Oct-2022 13:09:16.333 INFO [Catalina-utility-1] org.apache.jasper.servlet.TldScanner.scanJars Au moins un fichier JAR a été analysé pour trouver des TLDs mais il n'en contenait pas, le mode "debug" du journal peut être activé pour obtenir une liste complète de JAR scannés sans succès ; éviter d'analyser des JARs inutilement peut améliorer sensiblement le temps de démarrage et le temps de compilation des JSPs
29-Oct-2022 13:09:16.343 INFO [Catalina-utility-1] org.apache.catalina.core.StandardContext.reload Le rechargement de ce contexte est terminé
29-Oct-2022 13:09:56.587 INFO [Catalina-utility-1] org.apache.catalina.core.StandardContext.reload Le rechargement du contexte [/dbadmin] a démarré
29-Oct-2022 13:09:57.321 INFO [Catalina-utility-1] org.apache.jasper.servlet.TldScanner.scanJars Au moins un fichier JAR a été analysé pour trouver des TLDs mais il n'en contenait pas, le mode "debug" du journal peut être activé pour obtenir une liste complète de JAR scannés sans succès ; éviter d'analyser des JARs inutilement peut améliorer sensiblement le temps de démarrage et le temps de compilation des JSPs
29-Oct-2022 13:09:57.329 INFO [Catalina-utility-1] org.apache.catalina.core.StandardContext.reload Le rechargement de ce contexte est terminé
29-Oct-2022 13:10:57.672 INFO [Catalina-utility-2] org.apache.catalina.core.StandardContext.reload Le rechargement du contexte [/dbadmin] a démarré
29-Oct-2022 13:10:58.472 INFO [Catalina-utility-2] org.apache.jasper.servlet.TldScanner.scanJars Au moins un fichier JAR a été analysé pour trouver des TLDs mais il n'en contenait pas, le mode "debug" du journal peut être activé pour obtenir une liste complète de JAR scannés sans succès ; éviter d'analyser des JARs inutilement peut améliorer sensiblement le temps de démarrage et le temps de compilation des JSPs
29-Oct-2022 13:10:58.479 INFO [Catalina-utility-2] org.apache.catalina.core.StandardContext.reload Le rechargement de ce contexte est terminé
29-Oct-2022 13:12:29.040 INFO [Catalina-utility-1] org.apache.catalina.core.StandardContext.reload Le rechargement du contexte [/dbadmin] a démarré
29-Oct-2022 13:12:29.805 INFO [Catalina-utility-1] org.apache.jasper.servlet.TldScanner.scanJars Au moins un fichier JAR a été analysé pour trouver des TLDs mais il n'en contenait pas, le mode "debug" du journal peut être activé pour obtenir une liste complète de JAR scannés sans succès ; éviter d'analyser des JARs inutilement peut améliorer sensiblement le temps de démarrage et le temps de compilation des JSPs
29-Oct-2022 13:12:29.814 INFO [Catalina-utility-1] org.apache.catalina.core.StandardContext.reload Le rechargement de ce contexte est terminé
29-Oct-2022 13:18:01.980 INFO [Catalina-utility-1] org.apache.catalina.core.StandardContext.reload Le rechargement du contexte [/dbadmin] a démarré
29-Oct-2022 13:18:02.782 INFO [Catalina-utility-1] org.apache.jasper.servlet.TldScanner.scanJars Au moins un fichier JAR a été analysé pour trouver des TLDs mais il n'en contenait pas, le mode "debug" du journal peut être activé pour obtenir une liste complète de JAR scannés sans succès ; éviter d'analyser des JARs inutilement peut améliorer sensiblement le temps de démarrage et le temps de compilation des JSPs
29-Oct-2022 13:18:02.791 INFO [Catalina-utility-1] org.apache.catalina.core.StandardContext.reload Le rechargement de ce contexte est terminé
29-Oct-2022 13:56:32.675 INFO [Catalina-utility-2] org.apache.catalina.core.StandardContext.reload Le rechargement du contexte [/dbadmin] a démarré
29-Oct-2022 13:56:34.010 INFO [Catalina-utility-2] org.apache.jasper.servlet.TldScanner.scanJars Au moins un fichier JAR a été analysé pour trouver des TLDs mais il n'en contenait pas, le mode "debug" du journal peut être activé pour obtenir une liste complète de JAR scannés sans succès ; éviter d'analyser des JARs inutilement peut améliorer sensiblement le temps de démarrage et le temps de compilation des JSPs
29-Oct-2022 13:56:34.035 INFO [Catalina-utility-2] org.apache.catalina.core.StandardContext.reload Le rechargement de ce contexte est terminé
29-Oct-2022 14:27:54.346 INFO [main] org.apache.catalina.startup.VersionLoggerListener.log Nom version serveur :              Apache Tomcat/9.0.68
29-Oct-2022 14:27:54.354 INFO [main] org.apache.catalina.startup.VersionLoggerListener.log Serveur compilé :                  Oct 3 2022 19:06:10 UTC
29-Oct-2022 14:27:54.354 INFO [main] org.apache.catalina.startup.VersionLoggerListener.log Version du serveur :               9.0.68.0
29-Oct-2022 14:27:54.356 INFO [main] org.apache.catalina.startup.VersionLoggerListener.log Nom de l'OS :                      Windows 10
29-Oct-2022 14:27:54.356 INFO [main] org.apache.catalina.startup.VersionLoggerListener.log Version OS :                       10.0
29-Oct-2022 14:27:54.357 INFO [main] org.apache.catalina.startup.VersionLoggerListener.log Architecture :                     amd64
29-Oct-2022 14:27:54.357 INFO [main] org.apache.catalina.startup.VersionLoggerListener.log Java Home :                        C:\Workdir\JDK\jdk-17.0.5
29-Oct-2022 14:27:54.358 INFO [main] org.apache.catalina.startup.VersionLoggerListener.log Version JVM :                      17.0.5+9-LTS-191
29-Oct-2022 14:27:54.358 INFO [main] org.apache.catalina.startup.VersionLoggerListener.log Fournisseur de la JVM :            Oracle Corporation
29-Oct-2022 14:27:54.359 INFO [main] org.apache.catalina.startup.VersionLoggerListener.log CATALINA_BASE :                    C:\Users\theo.taccoen\Documents\boulot_iut\DBAdmin-project\apache-tomcat-9.0.68
29-Oct-2022 14:27:54.360 INFO [main] org.apache.catalina.startup.VersionLoggerListener.log CATALINA_HOME :                    C:\Users\theo.taccoen\Documents\boulot_iut\DBAdmin-project\apache-tomcat-9.0.68
29-Oct-2022 14:27:54.379 INFO [main] org.apache.catalina.startup.VersionLoggerListener.log Argument de la ligne de commande : --add-opens=java.base/java.lang=ALL-UNNAMED
29-Oct-2022 14:27:54.381 INFO [main] org.apache.catalina.startup.VersionLoggerListener.log Argument de la ligne de commande : --add-opens=java.base/java.io=ALL-UNNAMED
29-Oct-2022 14:27:54.381 INFO [main] org.apache.catalina.startup.VersionLoggerListener.log Argument de la ligne de commande : --add-opens=java.base/java.util=ALL-UNNAMED
29-Oct-2022 14:27:54.382 INFO [main] org.apache.catalina.startup.VersionLoggerListener.log Argument de la ligne de commande : --add-opens=java.base/java.util.concurrent=ALL-UNNAMED
29-Oct-2022 14:27:54.383 INFO [main] org.apache.catalina.startup.VersionLoggerListener.log Argument de la ligne de commande : --add-opens=java.rmi/sun.rmi.transport=ALL-UNNAMED
29-Oct-2022 14:27:54.383 INFO [main] org.apache.catalina.startup.VersionLoggerListener.log Argument de la ligne de commande : -Djava.util.logging.config.file=C:\Users\theo.taccoen\Documents\boulot_iut\DBAdmin-project\apache-tomcat-9.0.68\conf\logging.properties
29-Oct-2022 14:27:54.384 INFO [main] org.apache.catalina.startup.VersionLoggerListener.log Argument de la ligne de commande : -Djava.util.logging.manager=org.apache.juli.ClassLoaderLogManager
29-Oct-2022 14:27:54.384 INFO [main] org.apache.catalina.startup.VersionLoggerListener.log Argument de la ligne de commande : -Djdk.tls.ephemeralDHKeySize=2048
29-Oct-2022 14:27:54.385 INFO [main] org.apache.catalina.startup.VersionLoggerListener.log Argument de la ligne de commande : -Djava.protocol.handler.pkgs=org.apache.catalina.webresources
29-Oct-2022 14:27:54.386 INFO [main] org.apache.catalina.startup.VersionLoggerListener.log Argument de la ligne de commande : -Dignore.endorsed.dirs=
29-Oct-2022 14:27:54.386 INFO [main] org.apache.catalina.startup.VersionLoggerListener.log Argument de la ligne de commande : -Dcatalina.base=C:\Users\theo.taccoen\Documents\boulot_iut\DBAdmin-project\apache-tomcat-9.0.68
29-Oct-2022 14:27:54.387 INFO [main] org.apache.catalina.startup.VersionLoggerListener.log Argument de la ligne de commande : -Dcatalina.home=C:\Users\theo.taccoen\Documents\boulot_iut\DBAdmin-project\apache-tomcat-9.0.68
29-Oct-2022 14:27:54.387 INFO [main] org.apache.catalina.startup.VersionLoggerListener.log Argument de la ligne de commande : -Djava.io.tmpdir=C:\Users\theo.taccoen\Documents\boulot_iut\DBAdmin-project\apache-tomcat-9.0.68\temp
29-Oct-2022 14:27:54.416 INFO [main] org.apache.catalina.core.AprLifecycleListener.lifecycleEvent La librairie Apache Tomcat Native basée sur APR qui permet des performances optimales dans les environnements de production n'a pas été trouvée sur le java.library.path : [C:\Workdir\JDK\jdk-17.0.5\bin;C:\windows\Sun\Java\bin;C:\windows\system32;C:\windows;C:\Users\theo.taccoen\bin;C:\Program Files\Git\mingw64\bin;C:\Program Files\Git\usr\local\bin;C:\Program Files\Git\usr\bin;C:\Program Files\Git\usr\bin;C:\Program Files\Git\mingw64\bin;C:\Program Files\Git\usr\bin;C:\Users\theo.taccoen\bin;C:\Program Files\OpenJDK\Jdk-16.0.1\bin;C:\windows\system32;C:\windows;C:\windows\System32\Wbem;C:\windows\System32\WindowsPowerShell\v1.0;C:\windows\System32\OpenSSH;C:\Users\support\AppData\Local\Microsoft\WindowsApps;C:\Program Files (x86)\Pulse Secure\VC142.CRT\X64;C:\Program Files (x86)\Pulse Secure\VC142.CRT\X86;C:\Program Files (x86)\Common Files\Pulse Secure\TNC Client Plugin;C:\Program Files\Git\cmd;C:\Program Files\nodejs;C:\Program Files\VSCodium\bin;C:\Users\theo.taccoen\AppData\Local\Microsoft\WindowsApps;C:\Users\theo.taccoen\AppData\Local\Programs\Microsoft VS Code\bin;C:\Users\theo.taccoen\AppData\Roaming\npm;C:\Program Files\Git\usr\bin\vendor_perl;C:\Program Files\Git\usr\bin\core_perl;.]
29-Oct-2022 14:27:54.715 INFO [main] org.apache.coyote.AbstractProtocol.init Initialisation du gestionnaire de protocole ["http-nio-8080"]
29-Oct-2022 14:27:54.748 INFO [main] org.apache.catalina.startup.Catalina.load L'initialisation du serveur a pris [660] millisecondes
29-Oct-2022 14:27:54.830 INFO [main] org.apache.catalina.core.StandardService.startInternal Démarrage du service [Catalina]
29-Oct-2022 14:27:54.831 INFO [main] org.apache.catalina.core.StandardEngine.startInternal Démarrage du moteur de Servlets : [Apache Tomcat/9.0.68]
29-Oct-2022 14:27:54.844 INFO [main] org.apache.catalina.startup.HostConfig.deployDirectory Déploiement du répertoire d'application web [C:\Users\theo.taccoen\Documents\boulot_iut\DBAdmin-project\apache-tomcat-9.0.68\webapps\dbadmin]
29-Oct-2022 14:27:55.665 INFO [main] org.apache.jasper.servlet.TldScanner.scanJars Au moins un fichier JAR a été analysé pour trouver des TLDs mais il n'en contenait pas, le mode "debug" du journal peut être activé pour obtenir une liste complète de JAR scannés sans succès ; éviter d'analyser des JARs inutilement peut améliorer sensiblement le temps de démarrage et le temps de compilation des JSPs
29-Oct-2022 14:27:55.811 WARNING [main] org.apache.catalina.util.SessionIdGeneratorBase.createSecureRandom La création de l'instance de SecureRandom pour le générateur d'id de session en utilisant [SHA1PRNG] a pris [101] millisecondes
29-Oct-2022 14:27:55.850 INFO [main] org.apache.catalina.startup.HostConfig.deployDirectory Le déploiement du répertoire [C:\Users\theo.taccoen\Documents\boulot_iut\DBAdmin-project\apache-tomcat-9.0.68\webapps\dbadmin] de l'application web s'est terminé en [1 006] ms
29-Oct-2022 14:27:55.850 INFO [main] org.apache.catalina.startup.HostConfig.deployDirectory Déploiement du répertoire d'application web [C:\Users\theo.taccoen\Documents\boulot_iut\DBAdmin-project\apache-tomcat-9.0.68\webapps\docs]
29-Oct-2022 14:27:56.298 INFO [main] org.apache.jasper.servlet.TldScanner.scanJars Au moins un fichier JAR a été analysé pour trouver des TLDs mais il n'en contenait pas, le mode "debug" du journal peut être activé pour obtenir une liste complète de JAR scannés sans succès ; éviter d'analyser des JARs inutilement peut améliorer sensiblement le temps de démarrage et le temps de compilation des JSPs
29-Oct-2022 14:27:56.309 INFO [main] org.apache.catalina.startup.HostConfig.deployDirectory Le déploiement du répertoire [C:\Users\theo.taccoen\Documents\boulot_iut\DBAdmin-project\apache-tomcat-9.0.68\webapps\docs] de l'application web s'est terminé en [459] ms
29-Oct-2022 14:27:56.310 INFO [main] org.apache.catalina.startup.HostConfig.deployDirectory Déploiement du répertoire d'application web [C:\Users\theo.taccoen\Documents\boulot_iut\DBAdmin-project\apache-tomcat-9.0.68\webapps\examples]
29-Oct-2022 14:27:57.405 INFO [main] org.apache.jasper.servlet.TldScanner.scanJars Au moins un fichier JAR a été analysé pour trouver des TLDs mais il n'en contenait pas, le mode "debug" du journal peut être activé pour obtenir une liste complète de JAR scannés sans succès ; éviter d'analyser des JARs inutilement peut améliorer sensiblement le temps de démarrage et le temps de compilation des JSPs
29-Oct-2022 14:27:57.525 INFO [main] org.apache.catalina.startup.HostConfig.deployDirectory Le déploiement du répertoire [C:\Users\theo.taccoen\Documents\boulot_iut\DBAdmin-project\apache-tomcat-9.0.68\webapps\examples] de l'application web s'est terminé en [1 215] ms
29-Oct-2022 14:27:57.525 INFO [main] org.apache.catalina.startup.HostConfig.deployDirectory Déploiement du répertoire d'application web [C:\Users\theo.taccoen\Documents\boulot_iut\DBAdmin-project\apache-tomcat-9.0.68\webapps\host-manager]
29-Oct-2022 14:27:57.884 INFO [main] org.apache.jasper.servlet.TldScanner.scanJars Au moins un fichier JAR a été analysé pour trouver des TLDs mais il n'en contenait pas, le mode "debug" du journal peut être activé pour obtenir une liste complète de JAR scannés sans succès ; éviter d'analyser des JARs inutilement peut améliorer sensiblement le temps de démarrage et le temps de compilation des JSPs
29-Oct-2022 14:27:57.911 INFO [main] org.apache.catalina.startup.HostConfig.deployDirectory Le déploiement du répertoire [C:\Users\theo.taccoen\Documents\boulot_iut\DBAdmin-project\apache-tomcat-9.0.68\webapps\host-manager] de l'application web s'est terminé en [385] ms
29-Oct-2022 14:27:57.913 INFO [main] org.apache.catalina.startup.HostConfig.deployDirectory Déploiement du répertoire d'application web [C:\Users\theo.taccoen\Documents\boulot_iut\DBAdmin-project\apache-tomcat-9.0.68\webapps\manager]
29-Oct-2022 14:27:58.299 INFO [main] org.apache.jasper.servlet.TldScanner.scanJars Au moins un fichier JAR a été analysé pour trouver des TLDs mais il n'en contenait pas, le mode "debug" du journal peut être activé pour obtenir une liste complète de JAR scannés sans succès ; éviter d'analyser des JARs inutilement peut améliorer sensiblement le temps de démarrage et le temps de compilation des JSPs
29-Oct-2022 14:27:58.307 INFO [main] org.apache.catalina.startup.HostConfig.deployDirectory Le déploiement du répertoire [C:\Users\theo.taccoen\Documents\boulot_iut\DBAdmin-project\apache-tomcat-9.0.68\webapps\manager] de l'application web s'est terminé en [394] ms
29-Oct-2022 14:27:58.308 INFO [main] org.apache.catalina.startup.HostConfig.deployDirectory Déploiement du répertoire d'application web [C:\Users\theo.taccoen\Documents\boulot_iut\DBAdmin-project\apache-tomcat-9.0.68\webapps\ROOT]
29-Oct-2022 14:27:58.643 INFO [main] org.apache.jasper.servlet.TldScanner.scanJars Au moins un fichier JAR a été analysé pour trouver des TLDs mais il n'en contenait pas, le mode "debug" du journal peut être activé pour obtenir une liste complète de JAR scannés sans succès ; éviter d'analyser des JARs inutilement peut améliorer sensiblement le temps de démarrage et le temps de compilation des JSPs
29-Oct-2022 14:27:58.658 INFO [main] org.apache.catalina.startup.HostConfig.deployDirectory Le déploiement du répertoire [C:\Users\theo.taccoen\Documents\boulot_iut\DBAdmin-project\apache-tomcat-9.0.68\webapps\ROOT] de l'application web s'est terminé en [350] ms
29-Oct-2022 14:27:58.664 INFO [main] org.apache.coyote.AbstractProtocol.start Démarrage du gestionnaire de protocole ["http-nio-8080"]
29-Oct-2022 14:27:58.793 INFO [main] org.apache.catalina.startup.Catalina.start Le démarrage du serveur a pris [4040] millisecondes
29-Oct-2022 14:33:39.794 INFO [Catalina-utility-1] org.apache.catalina.core.StandardContext.reload Le rechargement du contexte [/dbadmin] a démarré
29-Oct-2022 14:33:40.347 INFO [Catalina-utility-1] org.apache.jasper.servlet.TldScanner.scanJars Au moins un fichier JAR a été analysé pour trouver des TLDs mais il n'en contenait pas, le mode "debug" du journal peut être activé pour obtenir une liste complète de JAR scannés sans succès ; éviter d'analyser des JARs inutilement peut améliorer sensiblement le temps de démarrage et le temps de compilation des JSPs
29-Oct-2022 14:33:40.352 INFO [Catalina-utility-1] org.apache.catalina.core.StandardContext.reload Le rechargement de ce contexte est terminé
29-Oct-2022 14:42:32.056 INFO [Catalina-utility-2] org.apache.catalina.core.StandardContext.reload Le rechargement du contexte [/dbadmin] a démarré
29-Oct-2022 14:42:32.479 INFO [Catalina-utility-2] org.apache.jasper.servlet.TldScanner.scanJars Au moins un fichier JAR a été analysé pour trouver des TLDs mais il n'en contenait pas, le mode "debug" du journal peut être activé pour obtenir une liste complète de JAR scannés sans succès ; éviter d'analyser des JARs inutilement peut améliorer sensiblement le temps de démarrage et le temps de compilation des JSPs
29-Oct-2022 14:42:32.491 INFO [Catalina-utility-2] org.apache.catalina.core.StandardContext.reload Le rechargement de ce contexte est terminé
29-Oct-2022 14:43:22.625 INFO [Catalina-utility-1] org.apache.catalina.core.StandardContext.reload Le rechargement du contexte [/dbadmin] a démarré
29-Oct-2022 14:43:23.044 INFO [Catalina-utility-1] org.apache.jasper.servlet.TldScanner.scanJars Au moins un fichier JAR a été analysé pour trouver des TLDs mais il n'en contenait pas, le mode "debug" du journal peut être activé pour obtenir une liste complète de JAR scannés sans succès ; éviter d'analyser des JARs inutilement peut améliorer sensiblement le temps de démarrage et le temps de compilation des JSPs
29-Oct-2022 14:43:23.049 INFO [Catalina-utility-1] org.apache.catalina.core.StandardContext.reload Le rechargement de ce contexte est terminé
29-Oct-2022 14:51:14.486 INFO [Catalina-utility-2] org.apache.catalina.core.StandardContext.reload Le rechargement du contexte [/dbadmin] a démarré
29-Oct-2022 14:51:14.907 INFO [Catalina-utility-2] org.apache.jasper.servlet.TldScanner.scanJars Au moins un fichier JAR a été analysé pour trouver des TLDs mais il n'en contenait pas, le mode "debug" du journal peut être activé pour obtenir une liste complète de JAR scannés sans succès ; éviter d'analyser des JARs inutilement peut améliorer sensiblement le temps de démarrage et le temps de compilation des JSPs
29-Oct-2022 14:51:14.915 INFO [Catalina-utility-2] org.apache.catalina.core.StandardContext.reload Le rechargement de ce contexte est terminé
29-Oct-2022 14:51:55.027 INFO [Catalina-utility-2] org.apache.catalina.core.StandardContext.reload Le rechargement du contexte [/dbadmin] a démarré
29-Oct-2022 14:51:55.546 INFO [Catalina-utility-2] org.apache.jasper.servlet.TldScanner.scanJars Au moins un fichier JAR a été analysé pour trouver des TLDs mais il n'en contenait pas, le mode "debug" du journal peut être activé pour obtenir une liste complète de JAR scannés sans succès ; éviter d'analyser des JARs inutilement peut améliorer sensiblement le temps de démarrage et le temps de compilation des JSPs
29-Oct-2022 14:51:55.551 INFO [Catalina-utility-2] org.apache.catalina.core.StandardContext.reload Le rechargement de ce contexte est terminé
29-Oct-2022 14:55:26.257 INFO [Catalina-utility-2] org.apache.catalina.core.StandardContext.reload Le rechargement du contexte [/dbadmin] a démarré
29-Oct-2022 14:55:26.709 INFO [Catalina-utility-2] org.apache.jasper.servlet.TldScanner.scanJars Au moins un fichier JAR a été analysé pour trouver des TLDs mais il n'en contenait pas, le mode "debug" du journal peut être activé pour obtenir une liste complète de JAR scannés sans succès ; éviter d'analyser des JARs inutilement peut améliorer sensiblement le temps de démarrage et le temps de compilation des JSPs
29-Oct-2022 14:55:26.715 INFO [Catalina-utility-2] org.apache.catalina.core.StandardContext.reload Le rechargement de ce contexte est terminé
29-Oct-2022 15:14:50.183 INFO [Catalina-utility-2] org.apache.catalina.core.StandardContext.reload Le rechargement du contexte [/dbadmin] a démarré
29-Oct-2022 15:14:50.608 INFO [Catalina-utility-2] org.apache.jasper.servlet.TldScanner.scanJars Au moins un fichier JAR a été analysé pour trouver des TLDs mais il n'en contenait pas, le mode "debug" du journal peut être activé pour obtenir une liste complète de JAR scannés sans succès ; éviter d'analyser des JARs inutilement peut améliorer sensiblement le temps de démarrage et le temps de compilation des JSPs
29-Oct-2022 15:14:50.614 INFO [Catalina-utility-2] org.apache.catalina.core.StandardContext.reload Le rechargement de ce contexte est terminé
29-Oct-2022 15:18:21.338 INFO [Catalina-utility-2] org.apache.catalina.core.StandardContext.reload Le rechargement du contexte [/dbadmin] a démarré
29-Oct-2022 15:18:21.892 INFO [Catalina-utility-2] org.apache.jasper.servlet.TldScanner.scanJars Au moins un fichier JAR a été analysé pour trouver des TLDs mais il n'en contenait pas, le mode "debug" du journal peut être activé pour obtenir une liste complète de JAR scannés sans succès ; éviter d'analyser des JARs inutilement peut améliorer sensiblement le temps de démarrage et le temps de compilation des JSPs
29-Oct-2022 15:18:21.897 INFO [Catalina-utility-2] org.apache.catalina.core.StandardContext.reload Le rechargement de ce contexte est terminé
29-Oct-2022 15:21:52.625 INFO [Catalina-utility-2] org.apache.catalina.core.StandardContext.reload Le rechargement du contexte [/dbadmin] a démarré
29-Oct-2022 15:21:53.041 INFO [Catalina-utility-2] org.apache.jasper.servlet.TldScanner.scanJars Au moins un fichier JAR a été analysé pour trouver des TLDs mais il n'en contenait pas, le mode "debug" du journal peut être activé pour obtenir une liste complète de JAR scannés sans succès ; éviter d'analyser des JARs inutilement peut améliorer sensiblement le temps de démarrage et le temps de compilation des JSPs
29-Oct-2022 15:21:53.046 INFO [Catalina-utility-2] org.apache.catalina.core.StandardContext.reload Le rechargement de ce contexte est terminé
29-Oct-2022 15:22:43.224 INFO [Catalina-utility-2] org.apache.catalina.core.StandardContext.reload Le rechargement du contexte [/dbadmin] a démarré
29-Oct-2022 15:22:43.623 INFO [Catalina-utility-2] org.apache.jasper.servlet.TldScanner.scanJars Au moins un fichier JAR a été analysé pour trouver des TLDs mais il n'en contenait pas, le mode "debug" du journal peut être activé pour obtenir une liste complète de JAR scannés sans succès ; éviter d'analyser des JARs inutilement peut améliorer sensiblement le temps de démarrage et le temps de compilation des JSPs
29-Oct-2022 15:22:43.629 INFO [Catalina-utility-2] org.apache.catalina.core.StandardContext.reload Le rechargement de ce contexte est terminé
29-Oct-2022 15:23:23.775 INFO [Catalina-utility-2] org.apache.catalina.core.StandardContext.reload Le rechargement du contexte [/dbadmin] a démarré
29-Oct-2022 15:23:24.148 INFO [Catalina-utility-2] org.apache.jasper.servlet.TldScanner.scanJars Au moins un fichier JAR a été analysé pour trouver des TLDs mais il n'en contenait pas, le mode "debug" du journal peut être activé pour obtenir une liste complète de JAR scannés sans succès ; éviter d'analyser des JARs inutilement peut améliorer sensiblement le temps de démarrage et le temps de compilation des JSPs
29-Oct-2022 15:23:24.158 INFO [Catalina-utility-2] org.apache.catalina.core.StandardContext.reload Le rechargement de ce contexte est terminé
29-Oct-2022 15:23:54.250 INFO [Catalina-utility-1] org.apache.catalina.core.StandardContext.reload Le rechargement du contexte [/dbadmin] a démarré
29-Oct-2022 15:23:54.668 INFO [Catalina-utility-1] org.apache.jasper.servlet.TldScanner.scanJars Au moins un fichier JAR a été analysé pour trouver des TLDs mais il n'en contenait pas, le mode "debug" du journal peut être activé pour obtenir une liste complète de JAR scannés sans succès ; éviter d'analyser des JARs inutilement peut améliorer sensiblement le temps de démarrage et le temps de compilation des JSPs
29-Oct-2022 15:23:54.673 INFO [Catalina-utility-1] org.apache.catalina.core.StandardContext.reload Le rechargement de ce contexte est terminé
29-Oct-2022 15:26:45.183 INFO [Catalina-utility-1] org.apache.catalina.core.StandardContext.reload Le rechargement du contexte [/dbadmin] a démarré
29-Oct-2022 15:26:45.632 INFO [Catalina-utility-1] org.apache.jasper.servlet.TldScanner.scanJars Au moins un fichier JAR a été analysé pour trouver des TLDs mais il n'en contenait pas, le mode "debug" du journal peut être activé pour obtenir une liste complète de JAR scannés sans succès ; éviter d'analyser des JARs inutilement peut améliorer sensiblement le temps de démarrage et le temps de compilation des JSPs
29-Oct-2022 15:26:45.639 INFO [Catalina-utility-1] org.apache.catalina.core.StandardContext.reload Le rechargement de ce contexte est terminé
29-Oct-2022 15:27:05.705 INFO [Catalina-utility-1] org.apache.catalina.core.StandardContext.reload Le rechargement du contexte [/dbadmin] a démarré
29-Oct-2022 15:27:06.090 INFO [Catalina-utility-1] org.apache.jasper.servlet.TldScanner.scanJars Au moins un fichier JAR a été analysé pour trouver des TLDs mais il n'en contenait pas, le mode "debug" du journal peut être activé pour obtenir une liste complète de JAR scannés sans succès ; éviter d'analyser des JARs inutilement peut améliorer sensiblement le temps de démarrage et le temps de compilation des JSPs
29-Oct-2022 15:27:06.097 INFO [Catalina-utility-1] org.apache.catalina.core.StandardContext.reload Le rechargement de ce contexte est terminé
29-Oct-2022 15:29:46.717 INFO [Catalina-utility-2] org.apache.catalina.core.StandardContext.reload Le rechargement du contexte [/dbadmin] a démarré
29-Oct-2022 15:29:47.136 INFO [Catalina-utility-2] org.apache.jasper.servlet.TldScanner.scanJars Au moins un fichier JAR a été analysé pour trouver des TLDs mais il n'en contenait pas, le mode "debug" du journal peut être activé pour obtenir une liste complète de JAR scannés sans succès ; éviter d'analyser des JARs inutilement peut améliorer sensiblement le temps de démarrage et le temps de compilation des JSPs
29-Oct-2022 15:29:47.141 INFO [Catalina-utility-2] org.apache.catalina.core.StandardContext.reload Le rechargement de ce contexte est terminé
29-Oct-2022 15:31:37.479 INFO [Catalina-utility-1] org.apache.catalina.core.StandardContext.reload Le rechargement du contexte [/dbadmin] a démarré
29-Oct-2022 15:31:37.881 INFO [Catalina-utility-1] org.apache.jasper.servlet.TldScanner.scanJars Au moins un fichier JAR a été analysé pour trouver des TLDs mais il n'en contenait pas, le mode "debug" du journal peut être activé pour obtenir une liste complète de JAR scannés sans succès ; éviter d'analyser des JARs inutilement peut améliorer sensiblement le temps de démarrage et le temps de compilation des JSPs
29-Oct-2022 15:31:37.886 INFO [Catalina-utility-1] org.apache.catalina.core.StandardContext.reload Le rechargement de ce contexte est terminé
29-Oct-2022 15:32:07.993 INFO [Catalina-utility-2] org.apache.catalina.core.StandardContext.reload Le rechargement du contexte [/dbadmin] a démarré
29-Oct-2022 15:32:08.403 INFO [Catalina-utility-2] org.apache.jasper.servlet.TldScanner.scanJars Au moins un fichier JAR a été analysé pour trouver des TLDs mais il n'en contenait pas, le mode "debug" du journal peut être activé pour obtenir une liste complète de JAR scannés sans succès ; éviter d'analyser des JARs inutilement peut améliorer sensiblement le temps de démarrage et le temps de compilation des JSPs
29-Oct-2022 15:32:08.409 INFO [Catalina-utility-2] org.apache.catalina.core.StandardContext.reload Le rechargement de ce contexte est terminé
29-Oct-2022 15:32:58.552 INFO [Catalina-utility-2] org.apache.catalina.core.StandardContext.reload Le rechargement du contexte [/dbadmin] a démarré
29-Oct-2022 15:32:58.927 INFO [Catalina-utility-2] org.apache.jasper.servlet.TldScanner.scanJars Au moins un fichier JAR a été analysé pour trouver des TLDs mais il n'en contenait pas, le mode "debug" du journal peut être activé pour obtenir une liste complète de JAR scannés sans succès ; éviter d'analyser des JARs inutilement peut améliorer sensiblement le temps de démarrage et le temps de compilation des JSPs
29-Oct-2022 15:32:58.943 INFO [Catalina-utility-2] org.apache.catalina.core.StandardContext.reload Le rechargement de ce contexte est terminé
29-Oct-2022 15:35:19.368 INFO [Catalina-utility-1] org.apache.catalina.core.StandardContext.reload Le rechargement du contexte [/dbadmin] a démarré
29-Oct-2022 15:35:19.830 INFO [Catalina-utility-1] org.apache.jasper.servlet.TldScanner.scanJars Au moins un fichier JAR a été analysé pour trouver des TLDs mais il n'en contenait pas, le mode "debug" du journal peut être activé pour obtenir une liste complète de JAR scannés sans succès ; éviter d'analyser des JARs inutilement peut améliorer sensiblement le temps de démarrage et le temps de compilation des JSPs
29-Oct-2022 15:35:19.839 INFO [Catalina-utility-1] org.apache.catalina.core.StandardContext.reload Le rechargement de ce contexte est terminé
29-Oct-2022 15:56:13.579 INFO [Catalina-utility-2] org.apache.catalina.core.StandardContext.reload Le rechargement du contexte [/dbadmin] a démarré
29-Oct-2022 15:56:13.983 INFO [Catalina-utility-2] org.apache.jasper.servlet.TldScanner.scanJars Au moins un fichier JAR a été analysé pour trouver des TLDs mais il n'en contenait pas, le mode "debug" du journal peut être activé pour obtenir une liste complète de JAR scannés sans succès ; éviter d'analyser des JARs inutilement peut améliorer sensiblement le temps de démarrage et le temps de compilation des JSPs
29-Oct-2022 15:56:13.989 INFO [Catalina-utility-2] org.apache.catalina.core.StandardContext.reload Le rechargement de ce contexte est terminé
29-Oct-2022 16:00:14.966 INFO [Catalina-utility-1] org.apache.catalina.core.StandardContext.reload Le rechargement du contexte [/dbadmin] a démarré
29-Oct-2022 16:00:15.542 INFO [Catalina-utility-1] org.apache.jasper.servlet.TldScanner.scanJars Au moins un fichier JAR a été analysé pour trouver des TLDs mais il n'en contenait pas, le mode "debug" du journal peut être activé pour obtenir une liste complète de JAR scannés sans succès ; éviter d'analyser des JARs inutilement peut améliorer sensiblement le temps de démarrage et le temps de compilation des JSPs
29-Oct-2022 16:00:15.550 INFO [Catalina-utility-1] org.apache.catalina.core.StandardContext.reload Le rechargement de ce contexte est terminé
29-Oct-2022 16:00:45.647 INFO [Catalina-utility-2] org.apache.catalina.core.StandardContext.reload Le rechargement du contexte [/dbadmin] a démarré
29-Oct-2022 16:00:46.075 INFO [Catalina-utility-2] org.apache.jasper.servlet.TldScanner.scanJars Au moins un fichier JAR a été analysé pour trouver des TLDs mais il n'en contenait pas, le mode "debug" du journal peut être activé pour obtenir une liste complète de JAR scannés sans succès ; éviter d'analyser des JARs inutilement peut améliorer sensiblement le temps de démarrage et le temps de compilation des JSPs
29-Oct-2022 16:00:46.081 INFO [Catalina-utility-2] org.apache.catalina.core.StandardContext.reload Le rechargement de ce contexte est terminé
29-Oct-2022 16:01:56.302 INFO [Catalina-utility-1] org.apache.catalina.core.StandardContext.reload Le rechargement du contexte [/dbadmin] a démarré
29-Oct-2022 16:01:56.710 INFO [Catalina-utility-1] org.apache.jasper.servlet.TldScanner.scanJars Au moins un fichier JAR a été analysé pour trouver des TLDs mais il n'en contenait pas, le mode "debug" du journal peut être activé pour obtenir une liste complète de JAR scannés sans succès ; éviter d'analyser des JARs inutilement peut améliorer sensiblement le temps de démarrage et le temps de compilation des JSPs
29-Oct-2022 16:01:56.716 INFO [Catalina-utility-1] org.apache.catalina.core.StandardContext.reload Le rechargement de ce contexte est terminé
29-Oct-2022 16:02:26.811 INFO [Catalina-utility-2] org.apache.catalina.core.StandardContext.reload Le rechargement du contexte [/dbadmin] a démarré
29-Oct-2022 16:02:27.232 INFO [Catalina-utility-2] org.apache.jasper.servlet.TldScanner.scanJars Au moins un fichier JAR a été analysé pour trouver des TLDs mais il n'en contenait pas, le mode "debug" du journal peut être activé pour obtenir une liste complète de JAR scannés sans succès ; éviter d'analyser des JARs inutilement peut améliorer sensiblement le temps de démarrage et le temps de compilation des JSPs
29-Oct-2022 16:02:27.237 INFO [Catalina-utility-2] org.apache.catalina.core.StandardContext.reload Le rechargement de ce contexte est terminé
29-Oct-2022 16:03:37.446 INFO [Catalina-utility-1] org.apache.catalina.core.StandardContext.reload Le rechargement du contexte [/dbadmin] a démarré
29-Oct-2022 16:03:37.885 INFO [Catalina-utility-1] org.apache.jasper.servlet.TldScanner.scanJars Au moins un fichier JAR a été analysé pour trouver des TLDs mais il n'en contenait pas, le mode "debug" du journal peut être activé pour obtenir une liste complète de JAR scannés sans succès ; éviter d'analyser des JARs inutilement peut améliorer sensiblement le temps de démarrage et le temps de compilation des JSPs
29-Oct-2022 16:03:37.890 INFO [Catalina-utility-1] org.apache.catalina.core.StandardContext.reload Le rechargement de ce contexte est terminé
29-Oct-2022 16:04:08.017 INFO [Catalina-utility-2] org.apache.catalina.core.StandardContext.reload Le rechargement du contexte [/dbadmin] a démarré
29-Oct-2022 16:04:08.427 INFO [Catalina-utility-2] org.apache.jasper.servlet.TldScanner.scanJars Au moins un fichier JAR a été analysé pour trouver des TLDs mais il n'en contenait pas, le mode "debug" du journal peut être activé pour obtenir une liste complète de JAR scannés sans succès ; éviter d'analyser des JARs inutilement peut améliorer sensiblement le temps de démarrage et le temps de compilation des JSPs
29-Oct-2022 16:04:08.433 INFO [Catalina-utility-2] org.apache.catalina.core.StandardContext.reload Le rechargement de ce contexte est terminé
29-Oct-2022 16:06:18.865 INFO [Catalina-utility-2] org.apache.catalina.core.StandardContext.reload Le rechargement du contexte [/dbadmin] a démarré
29-Oct-2022 16:06:19.255 INFO [Catalina-utility-2] org.apache.jasper.servlet.TldScanner.scanJars Au moins un fichier JAR a été analysé pour trouver des TLDs mais il n'en contenait pas, le mode "debug" du journal peut être activé pour obtenir une liste complète de JAR scannés sans succès ; éviter d'analyser des JARs inutilement peut améliorer sensiblement le temps de démarrage et le temps de compilation des JSPs
29-Oct-2022 16:06:19.260 INFO [Catalina-utility-2] org.apache.catalina.core.StandardContext.reload Le rechargement de ce contexte est terminé
29-Oct-2022 16:07:39.480 INFO [Catalina-utility-2] org.apache.catalina.core.StandardContext.reload Le rechargement du contexte [/dbadmin] a démarré
29-Oct-2022 16:07:39.923 INFO [Catalina-utility-2] org.apache.jasper.servlet.TldScanner.scanJars Au moins un fichier JAR a été analysé pour trouver des TLDs mais il n'en contenait pas, le mode "debug" du journal peut être activé pour obtenir une liste complète de JAR scannés sans succès ; éviter d'analyser des JARs inutilement peut améliorer sensiblement le temps de démarrage et le temps de compilation des JSPs
29-Oct-2022 16:07:39.928 INFO [Catalina-utility-2] org.apache.catalina.core.StandardContext.reload Le rechargement de ce contexte est terminé
29-Oct-2022 16:08:30.034 INFO [Catalina-utility-2] org.apache.catalina.core.StandardContext.reload Le rechargement du contexte [/dbadmin] a démarré
29-Oct-2022 16:08:30.442 INFO [Catalina-utility-2] org.apache.jasper.servlet.TldScanner.scanJars Au moins un fichier JAR a été analysé pour trouver des TLDs mais il n'en contenait pas, le mode "debug" du journal peut être activé pour obtenir une liste complète de JAR scannés sans succès ; éviter d'analyser des JARs inutilement peut améliorer sensiblement le temps de démarrage et le temps de compilation des JSPs
29-Oct-2022 16:08:30.447 INFO [Catalina-utility-2] org.apache.catalina.core.StandardContext.reload Le rechargement de ce contexte est terminé
29-Oct-2022 16:10:10.730 INFO [Catalina-utility-2] org.apache.catalina.core.StandardContext.reload Le rechargement du contexte [/dbadmin] a démarré
29-Oct-2022 16:10:11.153 INFO [Catalina-utility-2] org.apache.jasper.servlet.TldScanner.scanJars Au moins un fichier JAR a été analysé pour trouver des TLDs mais il n'en contenait pas, le mode "debug" du journal peut être activé pour obtenir une liste complète de JAR scannés sans succès ; éviter d'analyser des JARs inutilement peut améliorer sensiblement le temps de démarrage et le temps de compilation des JSPs
29-Oct-2022 16:10:11.158 INFO [Catalina-utility-2] org.apache.catalina.core.StandardContext.reload Le rechargement de ce contexte est terminé
29-Oct-2022 16:11:21.352 INFO [Catalina-utility-1] org.apache.catalina.core.StandardContext.reload Le rechargement du contexte [/dbadmin] a démarré
29-Oct-2022 16:11:21.769 INFO [Catalina-utility-1] org.apache.jasper.servlet.TldScanner.scanJars Au moins un fichier JAR a été analysé pour trouver des TLDs mais il n'en contenait pas, le mode "debug" du journal peut être activé pour obtenir une liste complète de JAR scannés sans succès ; éviter d'analyser des JARs inutilement peut améliorer sensiblement le temps de démarrage et le temps de compilation des JSPs
29-Oct-2022 16:11:21.774 INFO [Catalina-utility-1] org.apache.catalina.core.StandardContext.reload Le rechargement de ce contexte est terminé
29-Oct-2022 16:12:11.948 INFO [Catalina-utility-2] org.apache.catalina.core.StandardContext.reload Le rechargement du contexte [/dbadmin] a démarré
29-Oct-2022 16:12:12.370 INFO [Catalina-utility-2] org.apache.jasper.servlet.TldScanner.scanJars Au moins un fichier JAR a été analysé pour trouver des TLDs mais il n'en contenait pas, le mode "debug" du journal peut être activé pour obtenir une liste complète de JAR scannés sans succès ; éviter d'analyser des JARs inutilement peut améliorer sensiblement le temps de démarrage et le temps de compilation des JSPs
29-Oct-2022 16:12:12.376 INFO [Catalina-utility-2] org.apache.catalina.core.StandardContext.reload Le rechargement de ce contexte est terminé
29-Oct-2022 16:13:52.702 INFO [Catalina-utility-2] org.apache.catalina.core.StandardContext.reload Le rechargement du contexte [/dbadmin] a démarré
29-Oct-2022 16:13:53.133 INFO [Catalina-utility-2] org.apache.jasper.servlet.TldScanner.scanJars Au moins un fichier JAR a été analysé pour trouver des TLDs mais il n'en contenait pas, le mode "debug" du journal peut être activé pour obtenir une liste complète de JAR scannés sans succès ; éviter d'analyser des JARs inutilement peut améliorer sensiblement le temps de démarrage et le temps de compilation des JSPs
29-Oct-2022 16:13:53.150 INFO [Catalina-utility-2] org.apache.catalina.core.StandardContext.reload Le rechargement de ce contexte est terminé
29-Oct-2022 16:15:03.347 INFO [Catalina-utility-2] org.apache.catalina.core.StandardContext.reload Le rechargement du contexte [/dbadmin] a démarré
29-Oct-2022 16:15:03.717 INFO [Catalina-utility-2] org.apache.jasper.servlet.TldScanner.scanJars Au moins un fichier JAR a été analysé pour trouver des TLDs mais il n'en contenait pas, le mode "debug" du journal peut être activé pour obtenir une liste complète de JAR scannés sans succès ; éviter d'analyser des JARs inutilement peut améliorer sensiblement le temps de démarrage et le temps de compilation des JSPs
29-Oct-2022 16:15:03.735 INFO [Catalina-utility-2] org.apache.catalina.core.StandardContext.reload Le rechargement de ce contexte est terminé
29-Oct-2022 16:15:33.813 INFO [Catalina-utility-2] org.apache.catalina.core.StandardContext.reload Le rechargement du contexte [/dbadmin] a démarré
29-Oct-2022 16:15:34.205 INFO [Catalina-utility-2] org.apache.jasper.servlet.TldScanner.scanJars Au moins un fichier JAR a été analysé pour trouver des TLDs mais il n'en contenait pas, le mode "debug" du journal peut être activé pour obtenir une liste complète de JAR scannés sans succès ; éviter d'analyser des JARs inutilement peut améliorer sensiblement le temps de démarrage et le temps de compilation des JSPs
29-Oct-2022 16:15:34.211 INFO [Catalina-utility-2] org.apache.catalina.core.StandardContext.reload Le rechargement de ce contexte est terminé
29-Oct-2022 16:16:34.384 INFO [Catalina-utility-1] org.apache.catalina.core.StandardContext.reload Le rechargement du contexte [/dbadmin] a démarré
29-Oct-2022 16:16:34.816 INFO [Catalina-utility-1] org.apache.jasper.servlet.TldScanner.scanJars Au moins un fichier JAR a été analysé pour trouver des TLDs mais il n'en contenait pas, le mode "debug" du journal peut être activé pour obtenir une liste complète de JAR scannés sans succès ; éviter d'analyser des JARs inutilement peut améliorer sensiblement le temps de démarrage et le temps de compilation des JSPs
29-Oct-2022 16:16:34.821 INFO [Catalina-utility-1] org.apache.catalina.core.StandardContext.reload Le rechargement de ce contexte est terminé
29-Oct-2022 16:17:04.898 INFO [Catalina-utility-2] org.apache.catalina.core.StandardContext.reload Le rechargement du contexte [/dbadmin] a démarré
29-Oct-2022 16:17:05.299 INFO [Catalina-utility-2] org.apache.jasper.servlet.TldScanner.scanJars Au moins un fichier JAR a été analysé pour trouver des TLDs mais il n'en contenait pas, le mode "debug" du journal peut être activé pour obtenir une liste complète de JAR scannés sans succès ; éviter d'analyser des JARs inutilement peut améliorer sensiblement le temps de démarrage et le temps de compilation des JSPs
29-Oct-2022 16:17:05.305 INFO [Catalina-utility-2] org.apache.catalina.core.StandardContext.reload Le rechargement de ce contexte est terminé
29-Oct-2022 16:17:45.419 INFO [Catalina-utility-2] org.apache.catalina.core.StandardContext.reload Le rechargement du contexte [/dbadmin] a démarré
29-Oct-2022 16:17:45.811 INFO [Catalina-utility-2] org.apache.jasper.servlet.TldScanner.scanJars Au moins un fichier JAR a été analysé pour trouver des TLDs mais il n'en contenait pas, le mode "debug" du journal peut être activé pour obtenir une liste complète de JAR scannés sans succès ; éviter d'analyser des JARs inutilement peut améliorer sensiblement le temps de démarrage et le temps de compilation des JSPs
29-Oct-2022 16:17:45.815 INFO [Catalina-utility-2] org.apache.catalina.core.StandardContext.reload Le rechargement de ce contexte est terminé
29-Oct-2022 16:18:25.931 INFO [Catalina-utility-1] org.apache.catalina.core.StandardContext.reload Le rechargement du contexte [/dbadmin] a démarré
29-Oct-2022 16:18:26.361 INFO [Catalina-utility-1] org.apache.jasper.servlet.TldScanner.scanJars Au moins un fichier JAR a été analysé pour trouver des TLDs mais il n'en contenait pas, le mode "debug" du journal peut être activé pour obtenir une liste complète de JAR scannés sans succès ; éviter d'analyser des JARs inutilement peut améliorer sensiblement le temps de démarrage et le temps de compilation des JSPs
29-Oct-2022 16:18:26.366 INFO [Catalina-utility-1] org.apache.catalina.core.StandardContext.reload Le rechargement de ce contexte est terminé
29-Oct-2022 16:33:09.106 INFO [Catalina-utility-1] org.apache.catalina.core.StandardContext.reload Le rechargement du contexte [/dbadmin] a démarré
29-Oct-2022 16:33:09.667 INFO [Catalina-utility-1] org.apache.jasper.servlet.TldScanner.scanJars Au moins un fichier JAR a été analysé pour trouver des TLDs mais il n'en contenait pas, le mode "debug" du journal peut être activé pour obtenir une liste complète de JAR scannés sans succès ; éviter d'analyser des JARs inutilement peut améliorer sensiblement le temps de démarrage et le temps de compilation des JSPs
29-Oct-2022 16:33:09.672 INFO [Catalina-utility-1] org.apache.catalina.core.StandardContext.reload Le rechargement de ce contexte est terminé
29-Oct-2022 16:33:19.692 INFO [Catalina-utility-2] org.apache.catalina.core.StandardContext.reload Le rechargement du contexte [/dbadmin] a démarré
29-Oct-2022 16:33:20.069 INFO [Catalina-utility-2] org.apache.jasper.servlet.TldScanner.scanJars Au moins un fichier JAR a été analysé pour trouver des TLDs mais il n'en contenait pas, le mode "debug" du journal peut être activé pour obtenir une liste complète de JAR scannés sans succès ; éviter d'analyser des JARs inutilement peut améliorer sensiblement le temps de démarrage et le temps de compilation des JSPs
29-Oct-2022 16:33:20.074 INFO [Catalina-utility-2] org.apache.catalina.core.StandardContext.reload Le rechargement de ce contexte est terminé
29-Oct-2022 16:35:50.633 INFO [Catalina-utility-2] org.apache.catalina.core.StandardContext.reload Le rechargement du contexte [/dbadmin] a démarré
29-Oct-2022 16:35:51.018 INFO [Catalina-utility-2] org.apache.jasper.servlet.TldScanner.scanJars Au moins un fichier JAR a été analysé pour trouver des TLDs mais il n'en contenait pas, le mode "debug" du journal peut être activé pour obtenir une liste complète de JAR scannés sans succès ; éviter d'analyser des JARs inutilement peut améliorer sensiblement le temps de démarrage et le temps de compilation des JSPs
29-Oct-2022 16:35:51.038 INFO [Catalina-utility-2] org.apache.catalina.core.StandardContext.reload Le rechargement de ce contexte est terminé
29-Oct-2022 16:36:51.228 INFO [Catalina-utility-1] org.apache.catalina.core.StandardContext.reload Le rechargement du contexte [/dbadmin] a démarré
29-Oct-2022 16:36:51.608 INFO [Catalina-utility-1] org.apache.jasper.servlet.TldScanner.scanJars Au moins un fichier JAR a été analysé pour trouver des TLDs mais il n'en contenait pas, le mode "debug" du journal peut être activé pour obtenir une liste complète de JAR scannés sans succès ; éviter d'analyser des JARs inutilement peut améliorer sensiblement le temps de démarrage et le temps de compilation des JSPs
29-Oct-2022 16:36:51.617 INFO [Catalina-utility-1] org.apache.catalina.core.StandardContext.reload Le rechargement de ce contexte est terminé
29-Oct-2022 16:37:31.725 INFO [Catalina-utility-2] org.apache.catalina.core.StandardContext.reload Le rechargement du contexte [/dbadmin] a démarré
29-Oct-2022 16:37:32.118 INFO [Catalina-utility-2] org.apache.jasper.servlet.TldScanner.scanJars Au moins un fichier JAR a été analysé pour trouver des TLDs mais il n'en contenait pas, le mode "debug" du journal peut être activé pour obtenir une liste complète de JAR scannés sans succès ; éviter d'analyser des JARs inutilement peut améliorer sensiblement le temps de démarrage et le temps de compilation des JSPs
29-Oct-2022 16:37:32.125 INFO [Catalina-utility-2] org.apache.catalina.core.StandardContext.reload Le rechargement de ce contexte est terminé
29-Oct-2022 16:39:52.621 INFO [Catalina-utility-2] org.apache.catalina.core.StandardContext.reload Le rechargement du contexte [/dbadmin] a démarré
29-Oct-2022 16:39:53.172 INFO [Catalina-utility-2] org.apache.jasper.servlet.TldScanner.scanJars Au moins un fichier JAR a été analysé pour trouver des TLDs mais il n'en contenait pas, le mode "debug" du journal peut être activé pour obtenir une liste complète de JAR scannés sans succès ; éviter d'analyser des JARs inutilement peut améliorer sensiblement le temps de démarrage et le temps de compilation des JSPs
29-Oct-2022 16:39:53.176 INFO [Catalina-utility-2] org.apache.catalina.core.StandardContext.reload Le rechargement de ce contexte est terminé
29-Oct-2022 16:43:13.929 INFO [Catalina-utility-2] org.apache.catalina.core.StandardContext.reload Le rechargement du contexte [/dbadmin] a démarré
29-Oct-2022 16:43:14.037 SEVERE [Catalina-utility-2] org.apache.catalina.startup.ContextConfig.processAnnotationsWebResource Incapable de traiter les annotations de la ressource web [/WEB-INF/classes/Select.class]
	java.io.EOFException
		at java.base/java.io.DataInputStream.readInt(DataInputStream.java:398)
		at org.apache.tomcat.util.bcel.classfile.ClassParser.readID(ClassParser.java:215)
		at org.apache.tomcat.util.bcel.classfile.ClassParser.parse(ClassParser.java:81)
		at org.apache.catalina.startup.ContextConfig.processAnnotationsStream(ContextConfig.java:2341)
		at org.apache.catalina.startup.ContextConfig.processAnnotationsWebResource(ContextConfig.java:2249)
		at org.apache.catalina.startup.ContextConfig.processClasses(ContextConfig.java:1398)
		at org.apache.catalina.startup.ContextConfig.webConfig(ContextConfig.java:1303)
		at org.apache.catalina.startup.ContextConfig.configureStart(ContextConfig.java:986)
		at org.apache.catalina.startup.ContextConfig.lifecycleEvent(ContextConfig.java:303)
		at org.apache.catalina.util.LifecycleBase.fireLifecycleEvent(LifecycleBase.java:123)
		at org.apache.catalina.core.StandardContext.startInternal(StandardContext.java:5136)
		at org.apache.catalina.util.LifecycleBase.start(LifecycleBase.java:183)
		at org.apache.catalina.core.StandardContext.reload(StandardContext.java:3819)
		at org.apache.catalina.loader.WebappLoader.backgroundProcess(WebappLoader.java:311)
		at org.apache.catalina.core.StandardContext.backgroundProcess(StandardContext.java:5614)
		at org.apache.catalina.core.ContainerBase$ContainerBackgroundProcessor.processChildren(ContainerBase.java:1365)
		at org.apache.catalina.core.ContainerBase$ContainerBackgroundProcessor.processChildren(ContainerBase.java:1369)
		at org.apache.catalina.core.ContainerBase$ContainerBackgroundProcessor.processChildren(ContainerBase.java:1369)
		at org.apache.catalina.core.ContainerBase$ContainerBackgroundProcessor.run(ContainerBase.java:1347)
		at java.base/java.util.concurrent.Executors$RunnableAdapter.call(Executors.java:539)
		at java.base/java.util.concurrent.FutureTask.runAndReset(FutureTask.java:305)
		at java.base/java.util.concurrent.ScheduledThreadPoolExecutor$ScheduledFutureTask.run(ScheduledThreadPoolExecutor.java:305)
		at java.base/java.util.concurrent.ThreadPoolExecutor.runWorker(ThreadPoolExecutor.java:1136)
		at java.base/java.util.concurrent.ThreadPoolExecutor$Worker.run(ThreadPoolExecutor.java:635)
		at org.apache.tomcat.util.threads.TaskThread$WrappingRunnable.run(TaskThread.java:61)
		at java.base/java.lang.Thread.run(Thread.java:833)
29-Oct-2022 16:43:14.453 INFO [Catalina-utility-2] org.apache.jasper.servlet.TldScanner.scanJars Au moins un fichier JAR a été analysé pour trouver des TLDs mais il n'en contenait pas, le mode "debug" du journal peut être activé pour obtenir une liste complète de JAR scannés sans succès ; éviter d'analyser des JARs inutilement peut améliorer sensiblement le temps de démarrage et le temps de compilation des JSPs
29-Oct-2022 16:43:14.463 INFO [Catalina-utility-2] org.apache.catalina.core.StandardContext.reload Le rechargement de ce contexte est terminé
29-Oct-2022 16:43:53.460 INFO [Thread-1] org.apache.coyote.AbstractProtocol.pause Le gestionnaire de protocole ["http-nio-8080"] est mis en pause
29-Oct-2022 16:43:53.490 INFO [Thread-1] org.apache.catalina.core.StandardService.stopInternal Arrêt du service [Catalina]
29-Oct-2022 16:43:53.515 INFO [Thread-1] org.apache.coyote.AbstractProtocol.stop Arrêt du gestionnaire de protocole ["http-nio-8080"]
29-Oct-2022 16:43:53.530 INFO [Thread-1] org.apache.coyote.AbstractProtocol.destroy Destruction du gestionnaire de protocole ["http-nio-8080"]
29-Oct-2022 16:43:57.601 INFO [main] org.apache.catalina.startup.VersionLoggerListener.log Nom version serveur :              Apache Tomcat/9.0.68
29-Oct-2022 16:43:57.606 INFO [main] org.apache.catalina.startup.VersionLoggerListener.log Serveur compilé :                  Oct 3 2022 19:06:10 UTC
29-Oct-2022 16:43:57.607 INFO [main] org.apache.catalina.startup.VersionLoggerListener.log Version du serveur :               9.0.68.0
29-Oct-2022 16:43:57.608 INFO [main] org.apache.catalina.startup.VersionLoggerListener.log Nom de l'OS :                      Windows 10
29-Oct-2022 16:43:57.608 INFO [main] org.apache.catalina.startup.VersionLoggerListener.log Version OS :                       10.0
29-Oct-2022 16:43:57.609 INFO [main] org.apache.catalina.startup.VersionLoggerListener.log Architecture :                     amd64
29-Oct-2022 16:43:57.609 INFO [main] org.apache.catalina.startup.VersionLoggerListener.log Java Home :                        C:\Workdir\JDK\jdk-17.0.5
29-Oct-2022 16:43:57.609 INFO [main] org.apache.catalina.startup.VersionLoggerListener.log Version JVM :                      17.0.5+9-LTS-191
29-Oct-2022 16:43:57.610 INFO [main] org.apache.catalina.startup.VersionLoggerListener.log Fournisseur de la JVM :            Oracle Corporation
29-Oct-2022 16:43:57.610 INFO [main] org.apache.catalina.startup.VersionLoggerListener.log CATALINA_BASE :                    C:\Users\theo.taccoen\Documents\boulot_iut\DBAdmin-project\apache-tomcat-9.0.68
29-Oct-2022 16:43:57.611 INFO [main] org.apache.catalina.startup.VersionLoggerListener.log CATALINA_HOME :                    C:\Users\theo.taccoen\Documents\boulot_iut\DBAdmin-project\apache-tomcat-9.0.68
29-Oct-2022 16:43:57.626 INFO [main] org.apache.catalina.startup.VersionLoggerListener.log Argument de la ligne de commande : --add-opens=java.base/java.lang=ALL-UNNAMED
29-Oct-2022 16:43:57.627 INFO [main] org.apache.catalina.startup.VersionLoggerListener.log Argument de la ligne de commande : --add-opens=java.base/java.io=ALL-UNNAMED
29-Oct-2022 16:43:57.628 INFO [main] org.apache.catalina.startup.VersionLoggerListener.log Argument de la ligne de commande : --add-opens=java.base/java.util=ALL-UNNAMED
29-Oct-2022 16:43:57.628 INFO [main] org.apache.catalina.startup.VersionLoggerListener.log Argument de la ligne de commande : --add-opens=java.base/java.util.concurrent=ALL-UNNAMED
29-Oct-2022 16:43:57.629 INFO [main] org.apache.catalina.startup.VersionLoggerListener.log Argument de la ligne de commande : --add-opens=java.rmi/sun.rmi.transport=ALL-UNNAMED
29-Oct-2022 16:43:57.630 INFO [main] org.apache.catalina.startup.VersionLoggerListener.log Argument de la ligne de commande : -Djava.util.logging.config.file=C:\Users\theo.taccoen\Documents\boulot_iut\DBAdmin-project\apache-tomcat-9.0.68\conf\logging.properties
29-Oct-2022 16:43:57.631 INFO [main] org.apache.catalina.startup.VersionLoggerListener.log Argument de la ligne de commande : -Djava.util.logging.manager=org.apache.juli.ClassLoaderLogManager
29-Oct-2022 16:43:57.631 INFO [main] org.apache.catalina.startup.VersionLoggerListener.log Argument de la ligne de commande : -Djdk.tls.ephemeralDHKeySize=2048
29-Oct-2022 16:43:57.632 INFO [main] org.apache.catalina.startup.VersionLoggerListener.log Argument de la ligne de commande : -Djava.protocol.handler.pkgs=org.apache.catalina.webresources
29-Oct-2022 16:43:57.632 INFO [main] org.apache.catalina.startup.VersionLoggerListener.log Argument de la ligne de commande : -Dignore.endorsed.dirs=
29-Oct-2022 16:43:57.633 INFO [main] org.apache.catalina.startup.VersionLoggerListener.log Argument de la ligne de commande : -Dcatalina.base=C:\Users\theo.taccoen\Documents\boulot_iut\DBAdmin-project\apache-tomcat-9.0.68
29-Oct-2022 16:43:57.633 INFO [main] org.apache.catalina.startup.VersionLoggerListener.log Argument de la ligne de commande : -Dcatalina.home=C:\Users\theo.taccoen\Documents\boulot_iut\DBAdmin-project\apache-tomcat-9.0.68
29-Oct-2022 16:43:57.634 INFO [main] org.apache.catalina.startup.VersionLoggerListener.log Argument de la ligne de commande : -Djava.io.tmpdir=C:\Users\theo.taccoen\Documents\boulot_iut\DBAdmin-project\apache-tomcat-9.0.68\temp
29-Oct-2022 16:43:57.666 INFO [main] org.apache.catalina.core.AprLifecycleListener.lifecycleEvent La librairie Apache Tomcat Native basée sur APR qui permet des performances optimales dans les environnements de production n'a pas été trouvée sur le java.library.path : [C:\Workdir\JDK\jdk-17.0.5\bin;C:\windows\Sun\Java\bin;C:\windows\system32;C:\windows;C:\Users\theo.taccoen\bin;C:\Program Files\Git\mingw64\bin;C:\Program Files\Git\usr\local\bin;C:\Program Files\Git\usr\bin;C:\Program Files\Git\usr\bin;C:\Program Files\Git\mingw64\bin;C:\Program Files\Git\usr\bin;C:\Users\theo.taccoen\bin;C:\Program Files\OpenJDK\Jdk-16.0.1\bin;C:\windows\system32;C:\windows;C:\windows\System32\Wbem;C:\windows\System32\WindowsPowerShell\v1.0;C:\windows\System32\OpenSSH;C:\Users\support\AppData\Local\Microsoft\WindowsApps;C:\Program Files (x86)\Pulse Secure\VC142.CRT\X64;C:\Program Files (x86)\Pulse Secure\VC142.CRT\X86;C:\Program Files (x86)\Common Files\Pulse Secure\TNC Client Plugin;C:\Program Files\Git\cmd;C:\Program Files\nodejs;C:\Program Files\VSCodium\bin;C:\Users\theo.taccoen\AppData\Local\Microsoft\WindowsApps;C:\Users\theo.taccoen\AppData\Local\Programs\Microsoft VS Code\bin;C:\Users\theo.taccoen\AppData\Roaming\npm;C:\Program Files\Git\usr\bin\vendor_perl;C:\Program Files\Git\usr\bin\core_perl;.]
29-Oct-2022 16:43:57.982 INFO [main] org.apache.coyote.AbstractProtocol.init Initialisation du gestionnaire de protocole ["http-nio-8080"]
29-Oct-2022 16:43:58.013 INFO [main] org.apache.catalina.startup.Catalina.load L'initialisation du serveur a pris [694] millisecondes
29-Oct-2022 16:43:58.067 INFO [main] org.apache.catalina.core.StandardService.startInternal Démarrage du service [Catalina]
29-Oct-2022 16:43:58.068 INFO [main] org.apache.catalina.core.StandardEngine.startInternal Démarrage du moteur de Servlets : [Apache Tomcat/9.0.68]
29-Oct-2022 16:43:58.081 INFO [main] org.apache.catalina.startup.HostConfig.deployDirectory Déploiement du répertoire d'application web [C:\Users\theo.taccoen\Documents\boulot_iut\DBAdmin-project\apache-tomcat-9.0.68\webapps\dbadmin]
29-Oct-2022 16:43:58.828 INFO [main] org.apache.jasper.servlet.TldScanner.scanJars Au moins un fichier JAR a été analysé pour trouver des TLDs mais il n'en contenait pas, le mode "debug" du journal peut être activé pour obtenir une liste complète de JAR scannés sans succès ; éviter d'analyser des JARs inutilement peut améliorer sensiblement le temps de démarrage et le temps de compilation des JSPs
29-Oct-2022 16:43:58.978 INFO [main] org.apache.catalina.startup.HostConfig.deployDirectory Le déploiement du répertoire [C:\Users\theo.taccoen\Documents\boulot_iut\DBAdmin-project\apache-tomcat-9.0.68\webapps\dbadmin] de l'application web s'est terminé en [895] ms
29-Oct-2022 16:43:58.979 INFO [main] org.apache.catalina.startup.HostConfig.deployDirectory Déploiement du répertoire d'application web [C:\Users\theo.taccoen\Documents\boulot_iut\DBAdmin-project\apache-tomcat-9.0.68\webapps\docs]
29-Oct-2022 16:43:59.348 INFO [main] org.apache.jasper.servlet.TldScanner.scanJars Au moins un fichier JAR a été analysé pour trouver des TLDs mais il n'en contenait pas, le mode "debug" du journal peut être activé pour obtenir une liste complète de JAR scannés sans succès ; éviter d'analyser des JARs inutilement peut améliorer sensiblement le temps de démarrage et le temps de compilation des JSPs
29-Oct-2022 16:43:59.355 INFO [main] org.apache.catalina.startup.HostConfig.deployDirectory Le déploiement du répertoire [C:\Users\theo.taccoen\Documents\boulot_iut\DBAdmin-project\apache-tomcat-9.0.68\webapps\docs] de l'application web s'est terminé en [376] ms
29-Oct-2022 16:43:59.356 INFO [main] org.apache.catalina.startup.HostConfig.deployDirectory Déploiement du répertoire d'application web [C:\Users\theo.taccoen\Documents\boulot_iut\DBAdmin-project\apache-tomcat-9.0.68\webapps\examples]
29-Oct-2022 16:44:00.719 INFO [main] org.apache.jasper.servlet.TldScanner.scanJars Au moins un fichier JAR a été analysé pour trouver des TLDs mais il n'en contenait pas, le mode "debug" du journal peut être activé pour obtenir une liste complète de JAR scannés sans succès ; éviter d'analyser des JARs inutilement peut améliorer sensiblement le temps de démarrage et le temps de compilation des JSPs
29-Oct-2022 16:44:00.852 INFO [main] org.apache.catalina.startup.HostConfig.deployDirectory Le déploiement du répertoire [C:\Users\theo.taccoen\Documents\boulot_iut\DBAdmin-project\apache-tomcat-9.0.68\webapps\examples] de l'application web s'est terminé en [1 496] ms
29-Oct-2022 16:44:00.853 INFO [main] org.apache.catalina.startup.HostConfig.deployDirectory Déploiement du répertoire d'application web [C:\Users\theo.taccoen\Documents\boulot_iut\DBAdmin-project\apache-tomcat-9.0.68\webapps\host-manager]
29-Oct-2022 16:44:01.289 INFO [main] org.apache.jasper.servlet.TldScanner.scanJars Au moins un fichier JAR a été analysé pour trouver des TLDs mais il n'en contenait pas, le mode "debug" du journal peut être activé pour obtenir une liste complète de JAR scannés sans succès ; éviter d'analyser des JARs inutilement peut améliorer sensiblement le temps de démarrage et le temps de compilation des JSPs
29-Oct-2022 16:44:01.303 INFO [main] org.apache.catalina.startup.HostConfig.deployDirectory Le déploiement du répertoire [C:\Users\theo.taccoen\Documents\boulot_iut\DBAdmin-project\apache-tomcat-9.0.68\webapps\host-manager] de l'application web s'est terminé en [450] ms
29-Oct-2022 16:44:01.306 INFO [main] org.apache.catalina.startup.HostConfig.deployDirectory Déploiement du répertoire d'application web [C:\Users\theo.taccoen\Documents\boulot_iut\DBAdmin-project\apache-tomcat-9.0.68\webapps\manager]
29-Oct-2022 16:44:01.738 INFO [main] org.apache.jasper.servlet.TldScanner.scanJars Au moins un fichier JAR a été analysé pour trouver des TLDs mais il n'en contenait pas, le mode "debug" du journal peut être activé pour obtenir une liste complète de JAR scannés sans succès ; éviter d'analyser des JARs inutilement peut améliorer sensiblement le temps de démarrage et le temps de compilation des JSPs
29-Oct-2022 16:44:01.746 INFO [main] org.apache.catalina.startup.HostConfig.deployDirectory Le déploiement du répertoire [C:\Users\theo.taccoen\Documents\boulot_iut\DBAdmin-project\apache-tomcat-9.0.68\webapps\manager] de l'application web s'est terminé en [440] ms
29-Oct-2022 16:44:01.747 INFO [main] org.apache.catalina.startup.HostConfig.deployDirectory Déploiement du répertoire d'application web [C:\Users\theo.taccoen\Documents\boulot_iut\DBAdmin-project\apache-tomcat-9.0.68\webapps\ROOT]
29-Oct-2022 16:44:02.100 INFO [main] org.apache.jasper.servlet.TldScanner.scanJars Au moins un fichier JAR a été analysé pour trouver des TLDs mais il n'en contenait pas, le mode "debug" du journal peut être activé pour obtenir une liste complète de JAR scannés sans succès ; éviter d'analyser des JARs inutilement peut améliorer sensiblement le temps de démarrage et le temps de compilation des JSPs
29-Oct-2022 16:44:02.110 INFO [main] org.apache.catalina.startup.HostConfig.deployDirectory Le déploiement du répertoire [C:\Users\theo.taccoen\Documents\boulot_iut\DBAdmin-project\apache-tomcat-9.0.68\webapps\ROOT] de l'application web s'est terminé en [363] ms
29-Oct-2022 16:44:02.115 INFO [main] org.apache.coyote.AbstractProtocol.start Démarrage du gestionnaire de protocole ["http-nio-8080"]
29-Oct-2022 16:44:02.235 INFO [main] org.apache.catalina.startup.Catalina.start Le démarrage du serveur a pris [4218] millisecondes
29-Oct-2022 16:46:12.553 INFO [Catalina-utility-2] org.apache.catalina.core.StandardContext.reload Le rechargement du contexte [/dbadmin] a démarré
29-Oct-2022 16:46:12.964 INFO [Catalina-utility-2] org.apache.jasper.servlet.TldScanner.scanJars Au moins un fichier JAR a été analysé pour trouver des TLDs mais il n'en contenait pas, le mode "debug" du journal peut être activé pour obtenir une liste complète de JAR scannés sans succès ; éviter d'analyser des JARs inutilement peut améliorer sensiblement le temps de démarrage et le temps de compilation des JSPs
29-Oct-2022 16:46:12.971 INFO [Catalina-utility-2] org.apache.catalina.core.StandardContext.reload Le rechargement de ce contexte est terminé
29-Oct-2022 16:48:13.372 INFO [Catalina-utility-2] org.apache.catalina.core.StandardContext.reload Le rechargement du contexte [/dbadmin] a démarré
29-Oct-2022 16:48:13.792 INFO [Catalina-utility-2] org.apache.jasper.servlet.TldScanner.scanJars Au moins un fichier JAR a été analysé pour trouver des TLDs mais il n'en contenait pas, le mode "debug" du journal peut être activé pour obtenir une liste complète de JAR scannés sans succès ; éviter d'analyser des JARs inutilement peut améliorer sensiblement le temps de démarrage et le temps de compilation des JSPs
29-Oct-2022 16:48:13.799 INFO [Catalina-utility-2] org.apache.catalina.core.StandardContext.reload Le rechargement de ce contexte est terminé
29-Oct-2022 16:49:34.056 INFO [Catalina-utility-2] org.apache.catalina.core.StandardContext.reload Le rechargement du contexte [/dbadmin] a démarré
29-Oct-2022 16:49:34.502 INFO [Catalina-utility-2] org.apache.jasper.servlet.TldScanner.scanJars Au moins un fichier JAR a été analysé pour trouver des TLDs mais il n'en contenait pas, le mode "debug" du journal peut être activé pour obtenir une liste complète de JAR scannés sans succès ; éviter d'analyser des JARs inutilement peut améliorer sensiblement le temps de démarrage et le temps de compilation des JSPs
29-Oct-2022 16:49:34.509 INFO [Catalina-utility-2] org.apache.catalina.core.StandardContext.reload Le rechargement de ce contexte est terminé
29-Oct-2022 16:51:04.793 INFO [Catalina-utility-2] org.apache.catalina.core.StandardContext.reload Le rechargement du contexte [/dbadmin] a démarré
29-Oct-2022 16:51:05.227 INFO [Catalina-utility-2] org.apache.jasper.servlet.TldScanner.scanJars Au moins un fichier JAR a été analysé pour trouver des TLDs mais il n'en contenait pas, le mode "debug" du journal peut être activé pour obtenir une liste complète de JAR scannés sans succès ; éviter d'analyser des JARs inutilement peut améliorer sensiblement le temps de démarrage et le temps de compilation des JSPs
29-Oct-2022 16:51:05.232 INFO [Catalina-utility-2] org.apache.catalina.core.StandardContext.reload Le rechargement de ce contexte est terminé
29-Oct-2022 16:51:25.287 INFO [Catalina-utility-2] org.apache.catalina.core.StandardContext.reload Le rechargement du contexte [/dbadmin] a démarré
29-Oct-2022 16:51:25.672 INFO [Catalina-utility-2] org.apache.jasper.servlet.TldScanner.scanJars Au moins un fichier JAR a été analysé pour trouver des TLDs mais il n'en contenait pas, le mode "debug" du journal peut être activé pour obtenir une liste complète de JAR scannés sans succès ; éviter d'analyser des JARs inutilement peut améliorer sensiblement le temps de démarrage et le temps de compilation des JSPs
29-Oct-2022 16:51:25.691 INFO [Catalina-utility-2] org.apache.catalina.core.StandardContext.reload Le rechargement de ce contexte est terminé
29-Oct-2022 16:52:56.004 INFO [Catalina-utility-2] org.apache.catalina.core.StandardContext.reload Le rechargement du contexte [/dbadmin] a démarré
29-Oct-2022 16:52:56.478 INFO [Catalina-utility-2] org.apache.jasper.servlet.TldScanner.scanJars Au moins un fichier JAR a été analysé pour trouver des TLDs mais il n'en contenait pas, le mode "debug" du journal peut être activé pour obtenir une liste complète de JAR scannés sans succès ; éviter d'analyser des JARs inutilement peut améliorer sensiblement le temps de démarrage et le temps de compilation des JSPs
29-Oct-2022 16:52:56.496 INFO [Catalina-utility-2] org.apache.catalina.core.StandardContext.reload Le rechargement de ce contexte est terminé
29-Oct-2022 16:56:37.214 INFO [Catalina-utility-2] org.apache.catalina.core.StandardContext.reload Le rechargement du contexte [/dbadmin] a démarré
29-Oct-2022 16:56:37.597 INFO [Catalina-utility-2] org.apache.jasper.servlet.TldScanner.scanJars Au moins un fichier JAR a été analysé pour trouver des TLDs mais il n'en contenait pas, le mode "debug" du journal peut être activé pour obtenir une liste complète de JAR scannés sans succès ; éviter d'analyser des JARs inutilement peut améliorer sensiblement le temps de démarrage et le temps de compilation des JSPs
29-Oct-2022 16:56:37.612 INFO [Catalina-utility-2] org.apache.catalina.core.StandardContext.reload Le rechargement de ce contexte est terminé
29-Oct-2022 16:58:27.976 INFO [Catalina-utility-1] org.apache.catalina.core.StandardContext.reload Le rechargement du contexte [/dbadmin] a démarré
29-Oct-2022 16:58:28.358 INFO [Catalina-utility-1] org.apache.jasper.servlet.TldScanner.scanJars Au moins un fichier JAR a été analysé pour trouver des TLDs mais il n'en contenait pas, le mode "debug" du journal peut être activé pour obtenir une liste complète de JAR scannés sans succès ; éviter d'analyser des JARs inutilement peut améliorer sensiblement le temps de démarrage et le temps de compilation des JSPs
29-Oct-2022 16:58:28.367 INFO [Catalina-utility-1] org.apache.catalina.core.StandardContext.reload Le rechargement de ce contexte est terminé
29-Oct-2022 16:59:48.637 INFO [Catalina-utility-1] org.apache.catalina.core.StandardContext.reload Le rechargement du contexte [/dbadmin] a démarré
29-Oct-2022 16:59:49.041 INFO [Catalina-utility-1] org.apache.jasper.servlet.TldScanner.scanJars Au moins un fichier JAR a été analysé pour trouver des TLDs mais il n'en contenait pas, le mode "debug" du journal peut être activé pour obtenir une liste complète de JAR scannés sans succès ; éviter d'analyser des JARs inutilement peut améliorer sensiblement le temps de démarrage et le temps de compilation des JSPs
29-Oct-2022 16:59:49.048 INFO [Catalina-utility-1] org.apache.catalina.core.StandardContext.reload Le rechargement de ce contexte est terminé
29-Oct-2022 17:00:29.149 INFO [Catalina-utility-1] org.apache.catalina.core.StandardContext.reload Le rechargement du contexte [/dbadmin] a démarré
29-Oct-2022 17:00:29.557 INFO [Catalina-utility-1] org.apache.jasper.servlet.TldScanner.scanJars Au moins un fichier JAR a été analysé pour trouver des TLDs mais il n'en contenait pas, le mode "debug" du journal peut être activé pour obtenir une liste complète de JAR scannés sans succès ; éviter d'analyser des JARs inutilement peut améliorer sensiblement le temps de démarrage et le temps de compilation des JSPs
29-Oct-2022 17:00:29.564 INFO [Catalina-utility-1] org.apache.catalina.core.StandardContext.reload Le rechargement de ce contexte est terminé
29-Oct-2022 17:00:49.616 INFO [Catalina-utility-1] org.apache.catalina.core.StandardContext.reload Le rechargement du contexte [/dbadmin] a démarré
29-Oct-2022 17:00:50.168 INFO [Catalina-utility-1] org.apache.jasper.servlet.TldScanner.scanJars Au moins un fichier JAR a été analysé pour trouver des TLDs mais il n'en contenait pas, le mode "debug" du journal peut être activé pour obtenir une liste complète de JAR scannés sans succès ; éviter d'analyser des JARs inutilement peut améliorer sensiblement le temps de démarrage et le temps de compilation des JSPs
29-Oct-2022 17:00:50.176 INFO [Catalina-utility-1] org.apache.catalina.core.StandardContext.reload Le rechargement de ce contexte est terminé
29-Oct-2022 17:19:13.958 INFO [Catalina-utility-1] org.apache.catalina.core.StandardContext.reload Le rechargement du contexte [/dbadmin] a démarré
29-Oct-2022 17:19:14.392 INFO [Catalina-utility-1] org.apache.jasper.servlet.TldScanner.scanJars Au moins un fichier JAR a été analysé pour trouver des TLDs mais il n'en contenait pas, le mode "debug" du journal peut être activé pour obtenir une liste complète de JAR scannés sans succès ; éviter d'analyser des JARs inutilement peut améliorer sensiblement le temps de démarrage et le temps de compilation des JSPs
29-Oct-2022 17:19:14.397 INFO [Catalina-utility-1] org.apache.catalina.core.StandardContext.reload Le rechargement de ce contexte est terminé
29-Oct-2022 17:21:34.853 INFO [Catalina-utility-1] org.apache.catalina.core.StandardContext.reload Le rechargement du contexte [/dbadmin] a démarré
29-Oct-2022 17:21:35.223 INFO [Catalina-utility-1] org.apache.jasper.servlet.TldScanner.scanJars Au moins un fichier JAR a été analysé pour trouver des TLDs mais il n'en contenait pas, le mode "debug" du journal peut être activé pour obtenir une liste complète de JAR scannés sans succès ; éviter d'analyser des JARs inutilement peut améliorer sensiblement le temps de démarrage et le temps de compilation des JSPs
29-Oct-2022 17:21:35.237 INFO [Catalina-utility-1] org.apache.catalina.core.StandardContext.reload Le rechargement de ce contexte est terminé
29-Oct-2022 17:26:56.378 INFO [Catalina-utility-2] org.apache.catalina.core.StandardContext.reload Le rechargement du contexte [/dbadmin] a démarré
29-Oct-2022 17:26:56.880 INFO [Catalina-utility-2] org.apache.jasper.servlet.TldScanner.scanJars Au moins un fichier JAR a été analysé pour trouver des TLDs mais il n'en contenait pas, le mode "debug" du journal peut être activé pour obtenir une liste complète de JAR scannés sans succès ; éviter d'analyser des JARs inutilement peut améliorer sensiblement le temps de démarrage et le temps de compilation des JSPs
29-Oct-2022 17:26:56.885 INFO [Catalina-utility-2] org.apache.catalina.core.StandardContext.reload Le rechargement de ce contexte est terminé
29-Oct-2022 17:27:57.070 INFO [Catalina-utility-1] org.apache.catalina.core.StandardContext.reload Le rechargement du contexte [/dbadmin] a démarré
29-Oct-2022 17:27:57.455 INFO [Catalina-utility-1] org.apache.jasper.servlet.TldScanner.scanJars Au moins un fichier JAR a été analysé pour trouver des TLDs mais il n'en contenait pas, le mode "debug" du journal peut être activé pour obtenir une liste complète de JAR scannés sans succès ; éviter d'analyser des JARs inutilement peut améliorer sensiblement le temps de démarrage et le temps de compilation des JSPs
29-Oct-2022 17:27:57.467 INFO [Catalina-utility-1] org.apache.catalina.core.StandardContext.reload Le rechargement de ce contexte est terminé
29-Oct-2022 17:30:17.902 INFO [Catalina-utility-2] org.apache.catalina.core.StandardContext.reload Le rechargement du contexte [/dbadmin] a démarré
29-Oct-2022 17:30:18.310 INFO [Catalina-utility-2] org.apache.jasper.servlet.TldScanner.scanJars Au moins un fichier JAR a été analysé pour trouver des TLDs mais il n'en contenait pas, le mode "debug" du journal peut être activé pour obtenir une liste complète de JAR scannés sans succès ; éviter d'analyser des JARs inutilement peut améliorer sensiblement le temps de démarrage et le temps de compilation des JSPs
29-Oct-2022 17:30:18.315 INFO [Catalina-utility-2] org.apache.catalina.core.StandardContext.reload Le rechargement de ce contexte est terminé
29-Oct-2022 17:30:58.414 INFO [Catalina-utility-1] org.apache.catalina.core.StandardContext.reload Le rechargement du contexte [/dbadmin] a démarré
29-Oct-2022 17:30:58.904 INFO [Catalina-utility-1] org.apache.jasper.servlet.TldScanner.scanJars Au moins un fichier JAR a été analysé pour trouver des TLDs mais il n'en contenait pas, le mode "debug" du journal peut être activé pour obtenir une liste complète de JAR scannés sans succès ; éviter d'analyser des JARs inutilement peut améliorer sensiblement le temps de démarrage et le temps de compilation des JSPs
29-Oct-2022 17:30:58.911 INFO [Catalina-utility-1] org.apache.catalina.core.StandardContext.reload Le rechargement de ce contexte est terminé
29-Oct-2022 17:32:59.273 INFO [Catalina-utility-1] org.apache.catalina.core.StandardContext.reload Le rechargement du contexte [/dbadmin] a démarré
29-Oct-2022 17:32:59.691 INFO [Catalina-utility-1] org.apache.jasper.servlet.TldScanner.scanJars Au moins un fichier JAR a été analysé pour trouver des TLDs mais il n'en contenait pas, le mode "debug" du journal peut être activé pour obtenir une liste complète de JAR scannés sans succès ; éviter d'analyser des JARs inutilement peut améliorer sensiblement le temps de démarrage et le temps de compilation des JSPs
29-Oct-2022 17:32:59.698 INFO [Catalina-utility-1] org.apache.catalina.core.StandardContext.reload Le rechargement de ce contexte est terminé
29-Oct-2022 17:34:29.991 INFO [Catalina-utility-2] org.apache.catalina.core.StandardContext.reload Le rechargement du contexte [/dbadmin] a démarré
29-Oct-2022 17:34:30.477 INFO [Catalina-utility-2] org.apache.jasper.servlet.TldScanner.scanJars Au moins un fichier JAR a été analysé pour trouver des TLDs mais il n'en contenait pas, le mode "debug" du journal peut être activé pour obtenir une liste complète de JAR scannés sans succès ; éviter d'analyser des JARs inutilement peut améliorer sensiblement le temps de démarrage et le temps de compilation des JSPs
29-Oct-2022 17:34:30.484 INFO [Catalina-utility-2] org.apache.catalina.core.StandardContext.reload Le rechargement de ce contexte est terminé
29-Oct-2022 17:35:10.615 INFO [Catalina-utility-2] org.apache.catalina.core.StandardContext.reload Le rechargement du contexte [/dbadmin] a démarré
29-Oct-2022 17:35:10.994 INFO [Catalina-utility-2] org.apache.jasper.servlet.TldScanner.scanJars Au moins un fichier JAR a été analysé pour trouver des TLDs mais il n'en contenait pas, le mode "debug" du journal peut être activé pour obtenir une liste complète de JAR scannés sans succès ; éviter d'analyser des JARs inutilement peut améliorer sensiblement le temps de démarrage et le temps de compilation des JSPs
29-Oct-2022 17:35:10.999 INFO [Catalina-utility-2] org.apache.catalina.core.StandardContext.reload Le rechargement de ce contexte est terminé
29-Oct-2022 17:38:01.654 INFO [Catalina-utility-2] org.apache.catalina.core.StandardContext.reload Le rechargement du contexte [/dbadmin] a démarré
29-Oct-2022 17:38:02.023 INFO [Catalina-utility-2] org.apache.jasper.servlet.TldScanner.scanJars Au moins un fichier JAR a été analysé pour trouver des TLDs mais il n'en contenait pas, le mode "debug" du journal peut être activé pour obtenir une liste complète de JAR scannés sans succès ; éviter d'analyser des JARs inutilement peut améliorer sensiblement le temps de démarrage et le temps de compilation des JSPs
29-Oct-2022 17:38:02.038 INFO [Catalina-utility-2] org.apache.catalina.core.StandardContext.reload Le rechargement de ce contexte est terminé
29-Oct-2022 17:39:12.260 INFO [Catalina-utility-2] org.apache.catalina.core.StandardContext.reload Le rechargement du contexte [/dbadmin] a démarré
29-Oct-2022 17:39:12.674 INFO [Catalina-utility-2] org.apache.jasper.servlet.TldScanner.scanJars Au moins un fichier JAR a été analysé pour trouver des TLDs mais il n'en contenait pas, le mode "debug" du journal peut être activé pour obtenir une liste complète de JAR scannés sans succès ; éviter d'analyser des JARs inutilement peut améliorer sensiblement le temps de démarrage et le temps de compilation des JSPs
29-Oct-2022 17:39:12.678 INFO [Catalina-utility-2] org.apache.catalina.core.StandardContext.reload Le rechargement de ce contexte est terminé
29-Oct-2022 17:40:52.996 INFO [Catalina-utility-1] org.apache.catalina.core.StandardContext.reload Le rechargement du contexte [/dbadmin] a démarré
29-Oct-2022 17:40:53.521 INFO [Catalina-utility-1] org.apache.jasper.servlet.TldScanner.scanJars Au moins un fichier JAR a été analysé pour trouver des TLDs mais il n'en contenait pas, le mode "debug" du journal peut être activé pour obtenir une liste complète de JAR scannés sans succès ; éviter d'analyser des JARs inutilement peut améliorer sensiblement le temps de démarrage et le temps de compilation des JSPs
29-Oct-2022 17:40:53.526 INFO [Catalina-utility-1] org.apache.catalina.core.StandardContext.reload Le rechargement de ce contexte est terminé
29-Oct-2022 17:48:25.063 INFO [Catalina-utility-2] org.apache.catalina.core.StandardContext.reload Le rechargement du contexte [/dbadmin] a démarré
29-Oct-2022 17:48:25.466 INFO [Catalina-utility-2] org.apache.jasper.servlet.TldScanner.scanJars Au moins un fichier JAR a été analysé pour trouver des TLDs mais il n'en contenait pas, le mode "debug" du journal peut être activé pour obtenir une liste complète de JAR scannés sans succès ; éviter d'analyser des JARs inutilement peut améliorer sensiblement le temps de démarrage et le temps de compilation des JSPs
29-Oct-2022 17:48:25.476 INFO [Catalina-utility-2] org.apache.catalina.core.StandardContext.reload Le rechargement de ce contexte est terminé
29-Oct-2022 17:48:55.559 INFO [Catalina-utility-1] org.apache.catalina.core.StandardContext.reload Le rechargement du contexte [/dbadmin] a démarré
29-Oct-2022 17:48:55.917 INFO [Catalina-utility-1] org.apache.jasper.servlet.TldScanner.scanJars Au moins un fichier JAR a été analysé pour trouver des TLDs mais il n'en contenait pas, le mode "debug" du journal peut être activé pour obtenir une liste complète de JAR scannés sans succès ; éviter d'analyser des JARs inutilement peut améliorer sensiblement le temps de démarrage et le temps de compilation des JSPs
29-Oct-2022 17:48:55.937 INFO [Catalina-utility-1] org.apache.catalina.core.StandardContext.reload Le rechargement de ce contexte est terminé
29-Oct-2022 17:49:26.012 INFO [Catalina-utility-1] org.apache.catalina.core.StandardContext.reload Le rechargement du contexte [/dbadmin] a démarré
29-Oct-2022 17:49:26.384 INFO [Catalina-utility-1] org.apache.jasper.servlet.TldScanner.scanJars Au moins un fichier JAR a été analysé pour trouver des TLDs mais il n'en contenait pas, le mode "debug" du journal peut être activé pour obtenir une liste complète de JAR scannés sans succès ; éviter d'analyser des JARs inutilement peut améliorer sensiblement le temps de démarrage et le temps de compilation des JSPs
29-Oct-2022 17:49:26.396 INFO [Catalina-utility-1] org.apache.catalina.core.StandardContext.reload Le rechargement de ce contexte est terminé
29-Oct-2022 17:50:56.636 INFO [Catalina-utility-1] org.apache.catalina.core.StandardContext.reload Le rechargement du contexte [/dbadmin] a démarré
29-Oct-2022 17:50:57.038 INFO [Catalina-utility-1] org.apache.jasper.servlet.TldScanner.scanJars Au moins un fichier JAR a été analysé pour trouver des TLDs mais il n'en contenait pas, le mode "debug" du journal peut être activé pour obtenir une liste complète de JAR scannés sans succès ; éviter d'analyser des JARs inutilement peut améliorer sensiblement le temps de démarrage et le temps de compilation des JSPs
29-Oct-2022 17:50:57.045 INFO [Catalina-utility-1] org.apache.catalina.core.StandardContext.reload Le rechargement de ce contexte est terminé
